Using pre-set license
Built from '2021.2/staging' branch; Version is '2021.2.10f1 (ee872746220e) revision 15632167'; Using compiler version '192829333'; Build Type 'Release'
OS: 'Windows 10  (10.0.19044) 64bit Professional' Language: 'en' Physical Memory: 8141 MB
BatchMode: 1, IsHumanControllingUs: 0, StartBugReporterOnCrash: 0, Is64bit: 1, IsPro: 0

COMMAND LINE ARGUMENTS:
C:\2021.2.10f1\Editor\Unity.exe
-adb2
-batchMode
-noUpm
-name
AssetImportWorker0
-projectPath
Z:/Side-Project-1
-logFile
Logs/AssetImportWorker0.log
-srvPort
61521
Successfully changed project path to: Z:/Side-Project-1
Z:/Side-Project-1
[UnityMemory] Configuration Parameters - Can be set up in boot.config
    "memorysetup-bucket-allocator-granularity=16"
    "memorysetup-bucket-allocator-bucket-count=8"
    "memorysetup-bucket-allocator-block-size=33554432"
    "memorysetup-bucket-allocator-block-count=8"
    "memorysetup-main-allocator-block-size=16777216"
    "memorysetup-thread-allocator-block-size=16777216"
    "memorysetup-gfx-main-allocator-block-size=16777216"
    "memorysetup-gfx-thread-allocator-block-size=16777216"
    "memorysetup-cache-allocator-block-size=4194304"
    "memorysetup-typetree-allocator-block-size=2097152"
    "memorysetup-profiler-bucket-allocator-granularity=16"
    "memorysetup-profiler-bucket-allocator-bucket-count=8"
    "memorysetup-profiler-bucket-allocator-block-size=33554432"
    "memorysetup-profiler-bucket-allocator-block-count=8"
    "memorysetup-profiler-allocator-block-size=16777216"
    "memorysetup-profiler-editor-allocator-block-size=1048576"
    "memorysetup-temp-allocator-size-main=16777216"
    "memorysetup-job-temp-allocator-block-size=2097152"
    "memorysetup-job-temp-allocator-block-size-background=1048576"
    "memorysetup-job-temp-allocator-reduction-small-platforms=262144"
    "memorysetup-temp-allocator-size-background-worker=32768"
    "memorysetup-temp-allocator-size-job-worker=262144"
    "memorysetup-temp-allocator-size-preload-manager=33554432"
    "memorysetup-temp-allocator-size-nav-mesh-worker=65536"
    "memorysetup-temp-allocator-size-audio-worker=65536"
    "memorysetup-temp-allocator-size-cloud-worker=32768"
    "memorysetup-temp-allocator-size-gi-baking-worker=262144"
    "memorysetup-temp-allocator-size-gfx=262144"
Refreshing native plugins compatible for Editor in 107.83 ms, found 6 plugins.
Preloading 0 native plugins for Editor in 0.00 ms.
Initialize engine version: 2021.2.10f1 (ee872746220e)
[Subsystems] Discovering subsystems at path C:/2021.2.10f1/Editor/Data/Resources/UnitySubsystems
[Subsystems] Discovering subsystems at path Z:/Side-Project-1/Assets
GfxDevice: creating device client; threaded=0; jobified=0
Direct3D:
    Version:  Direct3D 11.0 [level 11.1]
    Renderer: NVIDIA GeForce GTX 1650 SUPER (ID=0x2187)
    Vendor:   NVIDIA
    VRAM:     3955 MB
    Driver:   30.0.15.1165
Shader 'Custom/RainShader': fallback shader 'Particles/Alpha Blended' not found
Initialize mono
Mono path[0] = 'C:/2021.2.10f1/Editor/Data/Managed'
Mono path[1] = 'C:/2021.2.10f1/Editor/Data/MonoBleedingEdge/lib/mono/unityjit-win32'
Mono config path = 'C:/2021.2.10f1/Editor/Data/MonoBleedingEdge/etc'
Using monoOptions --debugger-agent=transport=dt_socket,embedding=1,server=y,suspend=n,address=127.0.0.1:56568
Begin MonoManager ReloadAssembly
Registering precompiled unity dll's ...
Register platform support module: C:/2021.2.10f1/Editor/Data/PlaybackEngines/WindowsStandaloneSupport/UnityEditor.WindowsStandalone.Extensions.dll
Registered in 0.003973 seconds.
Native extension for WindowsStandalone target not found
Refreshing native plugins compatible for Editor in 98.35 ms, found 6 plugins.
Preloading 0 native plugins for Editor in 0.00 ms.
Mono: successfully reloaded assembly
- Completed reload, in  0.611 seconds
Domain Reload Profiling:
	ReloadAssembly (612ms)
		BeginReloadAssembly (75ms)
			ExecutionOrderSort (0ms)
			DisableScriptedObjects (0ms)
			BackupInstance (0ms)
			ReleaseScriptingObjects (0ms)
			CreateAndSetChildDomain (1ms)
		EndReloadAssembly (462ms)
			LoadAssemblies (72ms)
			RebuildTransferFunctionScriptingTraits (0ms)
			SetupTypeCache (99ms)
			ReleaseScriptCaches (0ms)
			RebuildScriptCaches (29ms)
			SetupLoadedEditorAssemblies (276ms)
				LogAssemblyErrors (0ms)
				InitializePlatformSupportModulesInManaged (14ms)
				SetLoadedEditorAssemblies (0ms)
				RefreshPlugins (98ms)
				BeforeProcessingInitializeOnLoad (1ms)
				ProcessInitializeOnLoadAttributes (121ms)
				ProcessInitializeOnLoadMethodAttributes (40ms)
				AfterProcessingInitializeOnLoad (0ms)
				EditorAssembliesLoaded (0ms)
			ExecutionOrderSort2 (0ms)
			AwakeInstancesAfterBackupRestoration (0ms)
Platform modules already initialized, skipping
Registering precompiled user dll's ...
Registered in 0.005758 seconds.
Begin MonoManager ReloadAssembly
Native extension for WindowsStandalone target not found
Refreshing native plugins compatible for Editor in 108.98 ms, found 6 plugins.
Preloading 0 native plugins for Editor in 0.00 ms.
Package Manager log level set to [2]
Mono: successfully reloaded assembly
- Completed reload, in  2.117 seconds
Domain Reload Profiling:
	ReloadAssembly (2117ms)
		BeginReloadAssembly (133ms)
			ExecutionOrderSort (0ms)
			DisableScriptedObjects (6ms)
			BackupInstance (0ms)
			ReleaseScriptingObjects (1ms)
			CreateAndSetChildDomain (35ms)
		EndReloadAssembly (1895ms)
			LoadAssemblies (86ms)
			RebuildTransferFunctionScriptingTraits (0ms)
			SetupTypeCache (227ms)
			ReleaseScriptCaches (1ms)
			RebuildScriptCaches (91ms)
			SetupLoadedEditorAssemblies (1449ms)
				LogAssemblyErrors (0ms)
				InitializePlatformSupportModulesInManaged (11ms)
				SetLoadedEditorAssemblies (0ms)
				RefreshPlugins (109ms)
				BeforeProcessingInitializeOnLoad (121ms)
				ProcessInitializeOnLoadAttributes (1135ms)
				ProcessInitializeOnLoadMethodAttributes (66ms)
				AfterProcessingInitializeOnLoad (7ms)
				EditorAssembliesLoaded (0ms)
			ExecutionOrderSort2 (0ms)
			AwakeInstancesAfterBackupRestoration (5ms)
Platform modules already initialized, skipping
========================================================================
Worker process is ready to serve import requests
Shader 'Custom/RainShader': fallback shader 'Particles/Alpha Blended' not found
Launched and connected shader compiler UnityShaderCompiler.exe after 0.72 seconds
Refreshing native plugins compatible for Editor in 1.79 ms, found 6 plugins.
Preloading 0 native plugins for Editor in 0.00 ms.
Unloading 4518 Unused Serialized files (Serialized files now loaded: 0)
Unloading 82 unused Assets / (402.7 KB). Loaded Objects now: 5073.
Memory consumption went from 214.2 MB to 213.8 MB.
Total: 4.566700 ms (FindLiveObjects: 0.517400 ms CreateObjectMapping: 0.132500 ms MarkObjects: 3.794100 ms  DeleteObjects: 0.120700 ms)

AssetImportParameters requested are different than current active one (requested -> active):
  custom:video-decoder-ogg-theora: a1e56fd34408186e4bbccfd4996cb3dc -> 
  custom:container-muxer-webm: aa71ff27fc2769a1b78a27578f13a17b -> 
  custom:container-demuxer-webm: 4f35f7cbe854078d1ac9338744f61a02 -> 
  custom:video-encoder-webm-vp8: eb34c28f22e8b96e1ab97ce403110664 -> 
  custom:audio-encoder-webm-vorbis: bf7c407c2cedff20999df2af8eb42d56 -> 
  custom:framework-win-MediaFoundation: 216162199b28c13a410421893ffa2e32 -> 
  custom:container-demuxer-ogg: 62fdf1f143b41e24485cea50d1cbac27 -> 
  custom:video-decoder-webm-vp8: 9c59270c3fd7afecdb556c50c9e8de78 -> 
  custom:audio-decoder-ogg-vorbis: bf7c407c2cedff20999df2af8eb42d56 -> 
========================================================================
Received Import Request.
  Time since last request: 793.023451 seconds.
  path: Assets/Textures/wooder planks 2/wooden plank_diffuseOriginal.bmp
  artifactKey: Guid(2291005c01c80b94382b794af68404f2) Importer(815301076,1909f56bfc062723c751e8b465ee728b)
Start importing Assets/Textures/wooder planks 2/wooden plank_diffuseOriginal.bmp using Guid(2291005c01c80b94382b794af68404f2) Importer(815301076,1909f56bfc062723c751e8b465ee728b)  -> (artifact id: '3f758e553aaa5d7071335e6cafc654d9') in 0.212133 seconds 
========================================================================
Received Import Request.
  Time since last request: 0.000029 seconds.
  path: Assets/Textures/wooder planks 2/wooden plank_normal.bmp
  artifactKey: Guid(153301b823d2dbe4fa38e43ab3c8c4f6) Importer(815301076,1909f56bfc062723c751e8b465ee728b)
Start importing Assets/Textures/wooder planks 2/wooden plank_normal.bmp using Guid(153301b823d2dbe4fa38e43ab3c8c4f6) Importer(815301076,1909f56bfc062723c751e8b465ee728b)  -> (artifact id: '29d4282eb031a991a578e69add3be2ee') in 0.069420 seconds 
========================================================================
Received Import Request.
  Time since last request: 0.000033 seconds.
  path: Assets/Textures/Walls
  artifactKey: Guid(ccc11f243e430c54783defbe23694471) Importer(815301076,1909f56bfc062723c751e8b465ee728b)
Start importing Assets/Textures/Walls using Guid(ccc11f243e430c54783defbe23694471) Importer(815301076,1909f56bfc062723c751e8b465ee728b)  -> (artifact id: '8a61178395ca2cbabc20c6345030df2c') in 0.022209 seconds 
========================================================================
Received Import Request.
  Time since last request: 0.000028 seconds.
  path: Assets/Textures/wooder planks 2/wooden plank_ao.bmp
  artifactKey: Guid(ded2b0fa4cbf0ef4380377fa4b3b4f79) Importer(815301076,1909f56bfc062723c751e8b465ee728b)
Start importing Assets/Textures/wooder planks 2/wooden plank_ao.bmp using Guid(ded2b0fa4cbf0ef4380377fa4b3b4f79) Importer(815301076,1909f56bfc062723c751e8b465ee728b)  -> (artifact id: '019db8ef9e13432dbbe6d8e7d4162c25') in 0.078216 seconds 
========================================================================
Received Import Request.
  Time since last request: 21.883116 seconds.
  path: Assets/Scenes/Main Scene/Main Scene.unity
  artifactKey: Guid(e11e4af2d06334a41a2ecb7414cd9ca9) Importer(815301076,1909f56bfc062723c751e8b465ee728b)
Start importing Assets/Scenes/Main Scene/Main Scene.unity using Guid(e11e4af2d06334a41a2ecb7414cd9ca9) Importer(815301076,1909f56bfc062723c751e8b465ee728b)  -> (artifact id: '4d590831b234a9158f828da8300eb894') in 0.006651 seconds 
========================================================================
Received Import Request.
  Time since last request: 528.876046 seconds.
  path: Assets/Textures/wooden planks/wooden plank_diffuseOriginal.bmp
  artifactKey: Guid(7335643892289864ea029ef2e4d9713b) Importer(815301076,1909f56bfc062723c751e8b465ee728b)
Start importing Assets/Textures/wooden planks/wooden plank_diffuseOriginal.bmp using Guid(7335643892289864ea029ef2e4d9713b) Importer(815301076,1909f56bfc062723c751e8b465ee728b)  -> (artifact id: 'b034e36f34844b032f4c5bb33a107d2c') in 0.119721 seconds 
========================================================================
Received Import Request.
  Time since last request: 0.000029 seconds.
  path: Assets/Textures/wood/wood_ao.bmp
  artifactKey: Guid(e9a846a59422a474c853849007275e53) Importer(815301076,1909f56bfc062723c751e8b465ee728b)
Start importing Assets/Textures/wood/wood_ao.bmp using Guid(e9a846a59422a474c853849007275e53) Importer(815301076,1909f56bfc062723c751e8b465ee728b)  -> (artifact id: 'b6a63a822420aa19e3e9fff02015cfc2') in 0.161906 seconds 
========================================================================
Received Import Request.
  Time since last request: 0.000030 seconds.
  path: Assets/Textures/wood/wood_diffuse.bmp
  artifactKey: Guid(8df174e9d727e334c87438b9e71eb7d3) Importer(815301076,1909f56bfc062723c751e8b465ee728b)
Start importing Assets/Textures/wood/wood_diffuse.bmp using Guid(8df174e9d727e334c87438b9e71eb7d3) Importer(815301076,1909f56bfc062723c751e8b465ee728b)  -> (artifact id: '809f43a73546a85aa7694fa7fc97f1bf') in 0.156313 seconds 
========================================================================
Received Import Request.
  Time since last request: 0.000037 seconds.
  path: Assets/Textures/wooden planks/wooden plank_metallic.bmp
  artifactKey: Guid(f9de92620b1a1fd46a1f35bfe328fd31) Importer(815301076,1909f56bfc062723c751e8b465ee728b)
Start importing Assets/Textures/wooden planks/wooden plank_metallic.bmp using Guid(f9de92620b1a1fd46a1f35bfe328fd31) Importer(815301076,1909f56bfc062723c751e8b465ee728b)  -> (artifact id: 'af544b7023f6a45b04885e075c68efc1') in 0.149857 seconds 
========================================================================
Received Import Request.
  Time since last request: 0.000048 seconds.
  path: Assets/Textures/wood/wood_normal.bmp
  artifactKey: Guid(cf09cdcb3b5c4184fada71ff129aa56d) Importer(815301076,1909f56bfc062723c751e8b465ee728b)
Start importing Assets/Textures/wood/wood_normal.bmp using Guid(cf09cdcb3b5c4184fada71ff129aa56d) Importer(815301076,1909f56bfc062723c751e8b465ee728b)  -> (artifact id: 'd2f7db5a316784b15242c99aae022d9c') in 0.082520 seconds 
========================================================================
Received Import Request.
  Time since last request: 0.000028 seconds.
  path: Assets/Textures/wood/wood_metallic.bmp
  artifactKey: Guid(9d6a3a04963e1dd45abe48d14f4b907b) Importer(815301076,1909f56bfc062723c751e8b465ee728b)
Start importing Assets/Textures/wood/wood_metallic.bmp using Guid(9d6a3a04963e1dd45abe48d14f4b907b) Importer(815301076,1909f56bfc062723c751e8b465ee728b)  -> (artifact id: '4282ed711fe0a6fd042149fd598d5faf') in 0.099643 seconds 
========================================================================
Received Import Request.
  Time since last request: 0.000031 seconds.
  path: Assets/Textures/wooden planks/wooden plank_normal.bmp
  artifactKey: Guid(f0b620651e15d6840acfb0ca681d62f1) Importer(815301076,1909f56bfc062723c751e8b465ee728b)
Start importing Assets/Textures/wooden planks/wooden plank_normal.bmp using Guid(f0b620651e15d6840acfb0ca681d62f1) Importer(815301076,1909f56bfc062723c751e8b465ee728b)  -> (artifact id: '6ae1d548077a171335fa51fd5bd2e428') in 0.114160 seconds 
========================================================================
Received Import Request.
  Time since last request: 1.109951 seconds.
  path: Assets/Textures/tiles/tiles_ao.bmp
  artifactKey: Guid(8a9b4137dfb5835479e4133809019c84) Importer(815301076,1909f56bfc062723c751e8b465ee728b)
Start importing Assets/Textures/tiles/tiles_ao.bmp using Guid(8a9b4137dfb5835479e4133809019c84) Importer(815301076,1909f56bfc062723c751e8b465ee728b)  -> (artifact id: '3c602fc75646c4921dd0ca942e8b42be') in 0.203644 seconds 
========================================================================
Received Import Request.
  Time since last request: 0.000030 seconds.
  path: Assets/Textures/tiles/tiles_metallic.bmp
  artifactKey: Guid(7accf07e7390f3445a697f84f81b4876) Importer(815301076,1909f56bfc062723c751e8b465ee728b)
Start importing Assets/Textures/tiles/tiles_metallic.bmp using Guid(7accf07e7390f3445a697f84f81b4876) Importer(815301076,1909f56bfc062723c751e8b465ee728b)  -> (artifact id: 'c1b660d19a8b7928f95c8b11beff4ff5') in 0.101158 seconds 
========================================================================
Received Import Request.
  Time since last request: 0.000048 seconds.
  path: Assets/Textures/tiles/tiles_diffuseOriginal.bmp
  artifactKey: Guid(f4d8e283e22b20a49bef047887577617) Importer(815301076,1909f56bfc062723c751e8b465ee728b)
Start importing Assets/Textures/tiles/tiles_diffuseOriginal.bmp using Guid(f4d8e283e22b20a49bef047887577617) Importer(815301076,1909f56bfc062723c751e8b465ee728b)  -> (artifact id: 'ad24b85ae098f664d97269ef618a03fb') in 0.069124 seconds 
========================================================================
Received Import Request.
  Time since last request: 29.646552 seconds.
  path: Assets/Textures/desk/desk_lambert1_BaseMap.png
  artifactKey: Guid(8d7cb10f4e044794aa0eda8e8456e37a) Importer(815301076,1909f56bfc062723c751e8b465ee728b)
Start importing Assets/Textures/desk/desk_lambert1_BaseMap.png using Guid(8d7cb10f4e044794aa0eda8e8456e37a) Importer(815301076,1909f56bfc062723c751e8b465ee728b)  -> (artifact id: 'adcc93e4fbe6ef741b10342c70c67b34') in 0.127736 seconds 
========================================================================
Received Import Request.
  Time since last request: 0.000033 seconds.
  path: Assets/Textures/desk/desk_lambert1_MaskMap.png
  artifactKey: Guid(4f58e94f2c91dab479aa824fe4387691) Importer(815301076,1909f56bfc062723c751e8b465ee728b)
Start importing Assets/Textures/desk/desk_lambert1_MaskMap.png using Guid(4f58e94f2c91dab479aa824fe4387691) Importer(815301076,1909f56bfc062723c751e8b465ee728b)  -> (artifact id: '5965e11c4eea2348018cdce4bf912e0f') in 0.058232 seconds 
========================================================================
Received Import Request.
  Time since last request: 0.000044 seconds.
  path: Assets/Textures/desk/desk_lambert1_Normal.png
  artifactKey: Guid(330587c8136f61349a770dcb0a23e835) Importer(815301076,1909f56bfc062723c751e8b465ee728b)
Start importing Assets/Textures/desk/desk_lambert1_Normal.png using Guid(330587c8136f61349a770dcb0a23e835) Importer(815301076,1909f56bfc062723c751e8b465ee728b)  -> (artifact id: '34402a9a40ebafad2985c561b42b8c91') in 0.099146 seconds 
========================================================================
Received Import Request.
  Time since last request: 2.428515 seconds.
  path: Assets/Textures/class walls/new walls_ao.bmp
  artifactKey: Guid(eb42cfcf81559c44fb0347a42503a2f3) Importer(815301076,1909f56bfc062723c751e8b465ee728b)
Start importing Assets/Textures/class walls/new walls_ao.bmp using Guid(eb42cfcf81559c44fb0347a42503a2f3) Importer(815301076,1909f56bfc062723c751e8b465ee728b)  -> (artifact id: '0faeef09ddd50c014a2dd976fd022dc6') in 0.132668 seconds 
========================================================================
Received Import Request.
  Time since last request: 0.000031 seconds.
  path: Assets/Textures/class walls/new walls_normal.bmp
  artifactKey: Guid(9e2d8b1f260bb1d4db0c8277cb3ca90e) Importer(815301076,1909f56bfc062723c751e8b465ee728b)
Start importing Assets/Textures/class walls/new walls_normal.bmp using Guid(9e2d8b1f260bb1d4db0c8277cb3ca90e) Importer(815301076,1909f56bfc062723c751e8b465ee728b)  -> (artifact id: '3f02613c47546203be48846c1d381865') in 0.116393 seconds 
========================================================================
Received Import Request.
  Time since last request: 0.000038 seconds.
  path: Assets/Textures/class walls/new walls_metallic.bmp
  artifactKey: Guid(edabfdaf353f182418475718493ec26d) Importer(815301076,1909f56bfc062723c751e8b465ee728b)
Start importing Assets/Textures/class walls/new walls_metallic.bmp using Guid(edabfdaf353f182418475718493ec26d) Importer(815301076,1909f56bfc062723c751e8b465ee728b)  -> (artifact id: 'd8dcdd48141897389146f796fc42cb46') in 0.109768 seconds 
========================================================================
Received Import Request.
  Time since last request: 0.000021 seconds.
  path: Assets/Textures/class walls/new walls_diffuseOriginal.bmp
  artifactKey: Guid(a0dcf03f7ee850d4a8b7b115fc1bf555) Importer(815301076,1909f56bfc062723c751e8b465ee728b)
Start importing Assets/Textures/class walls/new walls_diffuseOriginal.bmp using Guid(a0dcf03f7ee850d4a8b7b115fc1bf555) Importer(815301076,1909f56bfc062723c751e8b465ee728b)  -> (artifact id: 'eab915a89be846fbe5b4cc8f3ead1898') in 0.085162 seconds 
========================================================================
Received Import Request.
  Time since last request: 49.194793 seconds.
  path: Assets/Textures/blood/blood trails.mat
  artifactKey: Guid(0a4a76ae7a06f0043a9f7893fceb1566) Importer(815301076,1909f56bfc062723c751e8b465ee728b)
Start importing Assets/Textures/blood/blood trails.mat using Guid(0a4a76ae7a06f0043a9f7893fceb1566) Importer(815301076,1909f56bfc062723c751e8b465ee728b)  -> (artifact id: 'e9ace40dbbab9b7a9c5a4d22137bb5fb') in 2.511943 seconds 
========================================================================
Received Import Request.
  Time since last request: 128.583792 seconds.
  path: Assets/Materials/club activity/Floor.mat
  artifactKey: Guid(ad3fa81fc37d5814ab5fd50c7eea2eb8) Importer(815301076,1909f56bfc062723c751e8b465ee728b)
Start importing Assets/Materials/club activity/Floor.mat using Guid(ad3fa81fc37d5814ab5fd50c7eea2eb8) Importer(815301076,1909f56bfc062723c751e8b465ee728b)  -> (artifact id: '1d000194ea87cbb5ba380a69ae56d9ca') in 0.226085 seconds 
========================================================================
Received Import Request.
  Time since last request: 0.000031 seconds.
  path: Assets/Materials/club activity/Pillars.mat
  artifactKey: Guid(18e13e672c38f34449efaee96ec8c04f) Importer(815301076,1909f56bfc062723c751e8b465ee728b)
Start importing Assets/Materials/club activity/Pillars.mat using Guid(18e13e672c38f34449efaee96ec8c04f) Importer(815301076,1909f56bfc062723c751e8b465ee728b)  -> (artifact id: 'e17b1588dbac223f537cba22ef51c3bc') in 0.292344 seconds 
========================================================================
Received Import Request.
  Time since last request: 0.000034 seconds.
  path: Assets/Materials/club activity/Walls.mat
  artifactKey: Guid(d9def6424061f644fb13984bb9ed9e65) Importer(815301076,1909f56bfc062723c751e8b465ee728b)
Start importing Assets/Materials/club activity/Walls.mat using Guid(d9def6424061f644fb13984bb9ed9e65) Importer(815301076,1909f56bfc062723c751e8b465ee728b)  -> (artifact id: '0fc6f787f54741abf8b160d765517068') in 0.032432 seconds 
========================================================================
Received Import Request.
  Time since last request: 4.310783 seconds.
  path: Assets/UI/addidas2.png
  artifactKey: Guid(80ddac203fe4e254aa6ddc966f107ca0) Importer(815301076,1909f56bfc062723c751e8b465ee728b)
Start importing Assets/UI/addidas2.png using Guid(80ddac203fe4e254aa6ddc966f107ca0) Importer(815301076,1909f56bfc062723c751e8b465ee728b)  -> (artifact id: 'bc2680152f6cf73b4a8156fed7314002') in 0.194909 seconds 
========================================================================
Received Import Request.
  Time since last request: 0.000034 seconds.
  path: Assets/laxer tree pkg/Textures/bark wh.png
  artifactKey: Guid(745e2f075c26fd84b9471b243d577562) Importer(815301076,1909f56bfc062723c751e8b465ee728b)
Start importing Assets/laxer tree pkg/Textures/bark wh.png using Guid(745e2f075c26fd84b9471b243d577562) Importer(815301076,1909f56bfc062723c751e8b465ee728b)  -> (artifact id: '3bb88a42c53388e9fd2bb5a0bba64a30') in 0.271834 seconds 
========================================================================
Received Import Request.
  Time since last request: 0.000031 seconds.
  path: Assets/BOXOPHOBIC/The Vegetation Engine/Demo/Models/Rocks/Materials/Aset_rock_granite_M_rgAsy_Normal.tif
  artifactKey: Guid(a2609582d7d1b5740b6a01368d030cbd) Importer(815301076,1909f56bfc062723c751e8b465ee728b)
Start importing Assets/BOXOPHOBIC/The Vegetation Engine/Demo/Models/Rocks/Materials/Aset_rock_granite_M_rgAsy_Normal.tif using Guid(a2609582d7d1b5740b6a01368d030cbd) Importer(815301076,1909f56bfc062723c751e8b465ee728b)  -> (artifact id: '481b4bbd50cb1d0048a2807860a39cf9') in 0.462766 seconds 
========================================================================
Received Import Request.
  Time since last request: 0.000043 seconds.
  path: Assets/Joystick Pack/Sprites/All Axis Backgrounds/AllAxis_Plain_Arrows.png
  artifactKey: Guid(2a1f3cba20f3e11498474a705db12fde) Importer(815301076,1909f56bfc062723c751e8b465ee728b)
Start importing Assets/Joystick Pack/Sprites/All Axis Backgrounds/AllAxis_Plain_Arrows.png using Guid(2a1f3cba20f3e11498474a705db12fde) Importer(815301076,1909f56bfc062723c751e8b465ee728b)  -> (artifact id: '70eb644ef59e4ba2c3be4bbc95efd7dd') in 0.349160 seconds 
========================================================================
Received Import Request.
  Time since last request: 0.000039 seconds.
  path: Assets/Optimised Textures/Car/Car-mat0 1-_EmissionMap-atlas-6.png
  artifactKey: Guid(efda10c028ac89749a80aea719be46af) Importer(815301076,1909f56bfc062723c751e8b465ee728b)
Start importing Assets/Optimised Textures/Car/Car-mat0 1-_EmissionMap-atlas-6.png using Guid(efda10c028ac89749a80aea719be46af) Importer(815301076,1909f56bfc062723c751e8b465ee728b)  -> (artifact id: '3d39d4cdb6814f29984b92b832a1cfb3') in 0.236611 seconds 
========================================================================
Received Import Request.
  Time since last request: 0.000028 seconds.
  path: Assets/Optimised Textures/Car/Car-mat0-_BaseMap-atlas-0.png
  artifactKey: Guid(68ea09839589c0b44b774bd1e1851bfe) Importer(815301076,1909f56bfc062723c751e8b465ee728b)
Start importing Assets/Optimised Textures/Car/Car-mat0-_BaseMap-atlas-0.png using Guid(68ea09839589c0b44b774bd1e1851bfe) Importer(815301076,1909f56bfc062723c751e8b465ee728b)  -> (artifact id: '89eb0dd7bbf7dd12cec6c06db958a2b8') in 0.220985 seconds 
========================================================================
Received Import Request.
  Time since last request: 0.000041 seconds.
  path: Assets/Standard Assets/Environment/SpeedTree/Broadleaf/ClippedFrond.tga
  artifactKey: Guid(f82badc465974aa4cbc424065780aa3d) Importer(815301076,1909f56bfc062723c751e8b465ee728b)
Start importing Assets/Standard Assets/Environment/SpeedTree/Broadleaf/ClippedFrond.tga using Guid(f82badc465974aa4cbc424065780aa3d) Importer(815301076,1909f56bfc062723c751e8b465ee728b)  -> (artifact id: '38243631d824b985ccfac2762409b4b4') in 0.206780 seconds 
========================================================================
Received Import Request.
  Time since last request: 0.000039 seconds.
  path: Assets/Textures/Chair/chair_uv_com_aiStandardSurface1_MaskMap.png
  artifactKey: Guid(1d462b79b79255646a289877e4f9d286) Importer(815301076,1909f56bfc062723c751e8b465ee728b)
Start importing Assets/Textures/Chair/chair_uv_com_aiStandardSurface1_MaskMap.png using Guid(1d462b79b79255646a289877e4f9d286) Importer(815301076,1909f56bfc062723c751e8b465ee728b)  -> (artifact id: 'b5f81cf282aae11e32af82d101c71340') in 0.201458 seconds 
========================================================================
Received Import Request.
  Time since last request: 0.000032 seconds.
  path: Assets/Optimised Textures/Car/Car-mat0-_BumpMap-atlas-3.png
  artifactKey: Guid(58be960fb754a9d4a81ac7564fe50594) Importer(815301076,1909f56bfc062723c751e8b465ee728b)
Start importing Assets/Optimised Textures/Car/Car-mat0-_BumpMap-atlas-3.png using Guid(58be960fb754a9d4a81ac7564fe50594) Importer(815301076,1909f56bfc062723c751e8b465ee728b)  -> (artifact id: 'd06c1cf219befe3a91d6cca35c85125e') in 0.219528 seconds 
========================================================================
Received Import Request.
  Time since last request: 0.000041 seconds.
  path: Assets/Standard Assets/Environment/TerrainAssets/SurfaceTextures/CliffAlbedoSpecular.psd
  artifactKey: Guid(18214e9d6af6248559d501391856f1c7) Importer(815301076,1909f56bfc062723c751e8b465ee728b)
Start importing Assets/Standard Assets/Environment/TerrainAssets/SurfaceTextures/CliffAlbedoSpecular.psd using Guid(18214e9d6af6248559d501391856f1c7) Importer(815301076,1909f56bfc062723c751e8b465ee728b)  -> (artifact id: '81b622e1bee78dac105adf629a80f287') in 0.251413 seconds 
========================================================================
Received Import Request.
  Time since last request: 0.000037 seconds.
  path: Assets/Standard Assets/Environment/SpeedTree/Broadleaf/Cap_01.tga
  artifactKey: Guid(c688b8230f338954e977969bd4457584) Importer(815301076,1909f56bfc062723c751e8b465ee728b)
Start importing Assets/Standard Assets/Environment/SpeedTree/Broadleaf/Cap_01.tga using Guid(c688b8230f338954e977969bd4457584) Importer(815301076,1909f56bfc062723c751e8b465ee728b)  -> (artifact id: '1c0124e9edfecb8c9bf7335dd2ce9fcc') in 0.295029 seconds 
========================================================================
Received Import Request.
  Time since last request: 0.000027 seconds.
  path: Assets/Standard Assets/Environment/SpeedTree/Broadleaf/Cap_02_Normal.tga
  artifactKey: Guid(371fa5d370f67534696194100d17bfad) Importer(815301076,1909f56bfc062723c751e8b465ee728b)
Start importing Assets/Standard Assets/Environment/SpeedTree/Broadleaf/Cap_02_Normal.tga using Guid(371fa5d370f67534696194100d17bfad) Importer(815301076,1909f56bfc062723c751e8b465ee728b)  -> (artifact id: 'da674e696bf2bf5c06657039b88ed36a') in 0.163682 seconds 
========================================================================
Received Import Request.
  Time since last request: 0.000029 seconds.
  path: Assets/Standard Assets/Environment/SpeedTree/Broadleaf/Cap_02.tga
  artifactKey: Guid(ee07ea8cb1a00c844b4048d37dcfe712) Importer(815301076,1909f56bfc062723c751e8b465ee728b)
Start importing Assets/Standard Assets/Environment/SpeedTree/Broadleaf/Cap_02.tga using Guid(ee07ea8cb1a00c844b4048d37dcfe712) Importer(815301076,1909f56bfc062723c751e8b465ee728b)  -> (artifact id: 'dccf62b16138e4ae5798b2046641b6ea') in 0.116612 seconds 
========================================================================
Received Import Request.
  Time since last request: 0.000024 seconds.
  path: Assets/Standard Assets/Environment/SpeedTree/Broadleaf/Cap_01_Normal.tga
  artifactKey: Guid(55e2334423fefa34fb4916f6780413d3) Importer(815301076,1909f56bfc062723c751e8b465ee728b)
Start importing Assets/Standard Assets/Environment/SpeedTree/Broadleaf/Cap_01_Normal.tga using Guid(55e2334423fefa34fb4916f6780413d3) Importer(815301076,1909f56bfc062723c751e8b465ee728b)  -> (artifact id: '0997b9efa7343d424cb5cff95f0cc7d6') in 0.090736 seconds 
========================================================================
Received Import Request.
  Time since last request: 0.000042 seconds.
  path: Assets/Optimised Textures/Car/Car-mat0 1-_BumpMap-atlas-3.png
  artifactKey: Guid(e86d6bd794df3c44a87ace818528d3b7) Importer(815301076,1909f56bfc062723c751e8b465ee728b)
Start importing Assets/Optimised Textures/Car/Car-mat0 1-_BumpMap-atlas-3.png using Guid(e86d6bd794df3c44a87ace818528d3b7) Importer(815301076,1909f56bfc062723c751e8b465ee728b)  -> (artifact id: '65836e97b29bbd7db26eb9a9b0803472') in 0.124376 seconds 
========================================================================
Received Import Request.
  Time since last request: 0.000034 seconds.
  path: Assets/Standard Assets/Environment/SpeedTree/Broadleaf/Broadleaf_Desktop_Atlas_Billboards_Normal.tga
  artifactKey: Guid(0ec79c3d1dd0fb640b7f3f72ebb28f74) Importer(815301076,1909f56bfc062723c751e8b465ee728b)
Start importing Assets/Standard Assets/Environment/SpeedTree/Broadleaf/Broadleaf_Desktop_Atlas_Billboards_Normal.tga using Guid(0ec79c3d1dd0fb640b7f3f72ebb28f74) Importer(815301076,1909f56bfc062723c751e8b465ee728b)  -> (artifact id: '6ac13514eb9690cdc016de8af7513bd1') in 0.215564 seconds 
========================================================================
Received Import Request.
  Time since last request: 0.000031 seconds.
  path: Assets/Textures/Chair/chair_uv_com_aiStandardSurface1_BaseMap.png
  artifactKey: Guid(c1b88efa3932a714c9955852fe5d764c) Importer(815301076,1909f56bfc062723c751e8b465ee728b)
Start importing Assets/Textures/Chair/chair_uv_com_aiStandardSurface1_BaseMap.png using Guid(c1b88efa3932a714c9955852fe5d764c) Importer(815301076,1909f56bfc062723c751e8b465ee728b)  -> (artifact id: 'b0d2097a5a1e6f4f6e66774aa90aec7c') in 0.144093 seconds 
========================================================================
Received Import Request.
  Time since last request: 0.000035 seconds.
  path: Assets/Standard Assets/Environment/SpeedTree/Broadleaf/Broadleaf_Desktop_Atlas_Specular.tga
  artifactKey: Guid(d954891cb9e58434d86e01d839ed4997) Importer(815301076,1909f56bfc062723c751e8b465ee728b)
Start importing Assets/Standard Assets/Environment/SpeedTree/Broadleaf/Broadleaf_Desktop_Atlas_Specular.tga using Guid(d954891cb9e58434d86e01d839ed4997) Importer(815301076,1909f56bfc062723c751e8b465ee728b)  -> (artifact id: '711b9844b41f000384ff45fae270bca6') in 0.209105 seconds 
========================================================================
Received Import Request.
  Time since last request: 0.000029 seconds.
  path: Assets/Standard Assets/Environment/SpeedTree/Broadleaf/Broadleaf_Desktop_Atlas_Billboards.tga
  artifactKey: Guid(951aab9a19f551f4385d0ceafdaf19b4) Importer(815301076,1909f56bfc062723c751e8b465ee728b)
Start importing Assets/Standard Assets/Environment/SpeedTree/Broadleaf/Broadleaf_Desktop_Atlas_Billboards.tga using Guid(951aab9a19f551f4385d0ceafdaf19b4) Importer(815301076,1909f56bfc062723c751e8b465ee728b)  -> (artifact id: 'acc8a38cc2e74bebf2e42c0b5a13928c') in 0.171828 seconds 
========================================================================
Received Import Request.
  Time since last request: 0.000053 seconds.
  path: Assets/Optimised Textures/Car/Car-mat0 1-_BaseMap-atlas-0.png
  artifactKey: Guid(17ae152a584e33745a7cbc9ba54f1b73) Importer(815301076,1909f56bfc062723c751e8b465ee728b)
Start importing Assets/Optimised Textures/Car/Car-mat0 1-_BaseMap-atlas-0.png using Guid(17ae152a584e33745a7cbc9ba54f1b73) Importer(815301076,1909f56bfc062723c751e8b465ee728b)  -> (artifact id: '3fba415e027c022ad901fbd65b6acd21') in 0.143851 seconds 
========================================================================
Received Import Request.
  Time since last request: 0.000034 seconds.
  path: Assets/BOXOPHOBIC/Utils/Editor/Resources/Boxophobic - BannerMiddle.psd
  artifactKey: Guid(e3767adfa5dac5544830cd097ef6c09f) Importer(815301076,1909f56bfc062723c751e8b465ee728b)
Start importing Assets/BOXOPHOBIC/Utils/Editor/Resources/Boxophobic - BannerMiddle.psd using Guid(e3767adfa5dac5544830cd097ef6c09f) Importer(815301076,1909f56bfc062723c751e8b465ee728b)  -> (artifact id: '80cbd91a5229d2de8067d8f5ac9b8f9f') in 0.150716 seconds 
========================================================================
Received Import Request.
  Time since last request: 0.000044 seconds.
  path: Assets/Standard Assets/Environment/SpeedTree/Broadleaf/Broadleaf_Desktop_Atlas_Normal.tga
  artifactKey: Guid(b552931caa1b3ea418b9ba90cbd1333e) Importer(815301076,1909f56bfc062723c751e8b465ee728b)
Start importing Assets/Standard Assets/Environment/SpeedTree/Broadleaf/Broadleaf_Desktop_Atlas_Normal.tga using Guid(b552931caa1b3ea418b9ba90cbd1333e) Importer(815301076,1909f56bfc062723c751e8b465ee728b)  -> (artifact id: '7b81194b224b442fb50c212a2375951a') in 0.113693 seconds 
========================================================================
Received Import Request.
  Time since last request: 0.000036 seconds.
  path: Assets/BOXOPHOBIC/The Vegetation Engine/Demo/Models/Pine_Big/Materials/Branches_MaskMap.tif
  artifactKey: Guid(d5c6b3f8bdbf483f92a57c07bd4c8b37) Importer(815301076,1909f56bfc062723c751e8b465ee728b)
Start importing Assets/BOXOPHOBIC/The Vegetation Engine/Demo/Models/Pine_Big/Materials/Branches_MaskMap.tif using Guid(d5c6b3f8bdbf483f92a57c07bd4c8b37) Importer(815301076,1909f56bfc062723c751e8b465ee728b)  -> (artifact id: 'a0d287b675546bb43ec9bd7caf119979') in 0.163240 seconds 
========================================================================
Received Import Request.
  Time since last request: 0.000039 seconds.
  path: Assets/BOXOPHOBIC/The Vegetation Engine/Demo/Textures/ClumpySnow - Albedo.tga
  artifactKey: Guid(8783cb9ea4c3d014aa7f6ed5f9e77ddd) Importer(815301076,1909f56bfc062723c751e8b465ee728b)
Start importing Assets/BOXOPHOBIC/The Vegetation Engine/Demo/Textures/ClumpySnow - Albedo.tga using Guid(8783cb9ea4c3d014aa7f6ed5f9e77ddd) Importer(815301076,1909f56bfc062723c751e8b465ee728b)  -> (artifact id: 'aba073fe3e70cadccd6f704c1ffdd8c5') in 0.091787 seconds 
========================================================================
Received Import Request.
  Time since last request: 0.000032 seconds.
  path: Assets/Standard Assets/Environment/SpeedTree/Broadleaf/Broadleaves_Mobile_Spec.tga
  artifactKey: Guid(db2f1c62933fa1745a9eb8479b15698b) Importer(815301076,1909f56bfc062723c751e8b465ee728b)
Start importing Assets/Standard Assets/Environment/SpeedTree/Broadleaf/Broadleaves_Mobile_Spec.tga using Guid(db2f1c62933fa1745a9eb8479b15698b) Importer(815301076,1909f56bfc062723c751e8b465ee728b)  -> (artifact id: 'ec619c663ab6a3b020fd14708ab0c3a3') in 0.174879 seconds 
========================================================================
Received Import Request.
  Time since last request: 0.000029 seconds.
  path: Assets/Optimised Textures/Club/Club-mat0-_MetallicGlossMap-atlas-1.png
  artifactKey: Guid(1ad92d069f7b908459bd885c643968b7) Importer(815301076,1909f56bfc062723c751e8b465ee728b)
Start importing Assets/Optimised Textures/Club/Club-mat0-_MetallicGlossMap-atlas-1.png using Guid(1ad92d069f7b908459bd885c643968b7) Importer(815301076,1909f56bfc062723c751e8b465ee728b)  -> (artifact id: '39ad6bf0fefd067e160854f704e12f40') in 0.181778 seconds 
========================================================================
Received Import Request.
  Time since last request: 0.000038 seconds.
  path: Assets/Standard Assets/Environment/SpeedTree/Broadleaf/Broadleaves_Card_Desktop_Normal.tga
  artifactKey: Guid(f0d8945c7972e4747aa776e16494fa37) Importer(815301076,1909f56bfc062723c751e8b465ee728b)
Start importing Assets/Standard Assets/Environment/SpeedTree/Broadleaf/Broadleaves_Card_Desktop_Normal.tga using Guid(f0d8945c7972e4747aa776e16494fa37) Importer(815301076,1909f56bfc062723c751e8b465ee728b)  -> (artifact id: '179d9d1e584d244a9eeaac8c1b2ecfef') in 0.134129 seconds 
========================================================================
Received Import Request.
  Time since last request: 0.000029 seconds.
  path: Assets/Joystick Pack/Sprites/All Axis Backgrounds/AllAxis_Ridged.png
  artifactKey: Guid(54628aafa20f64b40ae661038ee7abf0) Importer(815301076,1909f56bfc062723c751e8b465ee728b)
Start importing Assets/Joystick Pack/Sprites/All Axis Backgrounds/AllAxis_Ridged.png using Guid(54628aafa20f64b40ae661038ee7abf0) Importer(815301076,1909f56bfc062723c751e8b465ee728b)  -> (artifact id: '55de0954e96e2a1004ced49d2715095e') in 0.120753 seconds 
========================================================================
Received Import Request.
  Time since last request: 0.000029 seconds.
  path: Assets/BOXOPHOBIC/Utils/Editor/Resources/Boxophobic - BannerEnd.psd
  artifactKey: Guid(0dd3fbd5475976a4aa96298afc680d17) Importer(815301076,1909f56bfc062723c751e8b465ee728b)
Start importing Assets/BOXOPHOBIC/Utils/Editor/Resources/Boxophobic - BannerEnd.psd using Guid(0dd3fbd5475976a4aa96298afc680d17) Importer(815301076,1909f56bfc062723c751e8b465ee728b)  -> (artifact id: 'f29f3fa30b8651a6e411f63228fd86f8') in 0.078503 seconds 
========================================================================
Received Import Request.
  Time since last request: 0.000044 seconds.
  path: Assets/BOXOPHOBIC/The Vegetation Engine/Demo/Models/Clover/Materials/Clover_01_MaskMap.tif
  artifactKey: Guid(029ca72742c94299aa081f9a95e2a0f0) Importer(815301076,1909f56bfc062723c751e8b465ee728b)
Start importing Assets/BOXOPHOBIC/The Vegetation Engine/Demo/Models/Clover/Materials/Clover_01_MaskMap.tif using Guid(029ca72742c94299aa081f9a95e2a0f0) Importer(815301076,1909f56bfc062723c751e8b465ee728b)  -> (artifact id: 'ef447d5d1664b978902bd05346178a57') in 0.164610 seconds 
========================================================================
Received Import Request.
  Time since last request: 0.000034 seconds.
  path: Assets/Optimised Textures/Basketball/Basketball-mat1-_BumpMap-atlas-3.png
  artifactKey: Guid(7992b0f8fff1e9c4da5466ef4dc77466) Importer(815301076,1909f56bfc062723c751e8b465ee728b)
Start importing Assets/Optimised Textures/Basketball/Basketball-mat1-_BumpMap-atlas-3.png using Guid(7992b0f8fff1e9c4da5466ef4dc77466) Importer(815301076,1909f56bfc062723c751e8b465ee728b)  -> (artifact id: 'c506bb970d616b3f5998090316bef78f') in 0.087141 seconds 
========================================================================
Received Import Request.
  Time since last request: 0.000030 seconds.
  path: Assets/Joystick Pack/Sprites/All Axis Backgrounds/AllAxis_Outline_Arrows.png
  artifactKey: Guid(48c0d4d6bebaa934384b07aa1e2f8184) Importer(815301076,1909f56bfc062723c751e8b465ee728b)
Start importing Assets/Joystick Pack/Sprites/All Axis Backgrounds/AllAxis_Outline_Arrows.png using Guid(48c0d4d6bebaa934384b07aa1e2f8184) Importer(815301076,1909f56bfc062723c751e8b465ee728b)  -> (artifact id: '9ea91b71d4c81ed1abf080b0d9077d02') in 0.163657 seconds 
========================================================================
Received Import Request.
  Time since last request: 0.000037 seconds.
  path: Assets/Standard Assets/Environment/SpeedTree/Broadleaf/Broadleaves_Card_Desktop.tga
  artifactKey: Guid(ea60173ceac07334c91568c48cc765cd) Importer(815301076,1909f56bfc062723c751e8b465ee728b)
Start importing Assets/Standard Assets/Environment/SpeedTree/Broadleaf/Broadleaves_Card_Desktop.tga using Guid(ea60173ceac07334c91568c48cc765cd) Importer(815301076,1909f56bfc062723c751e8b465ee728b)  -> (artifact id: '9c39047d97fd25c7f81792f34421195d') in 0.251341 seconds 
========================================================================
Received Import Request.
  Time since last request: 0.000043 seconds.
  path: Assets/Optimised Textures/Basketball/Basketball-mat0-_EmissionMap-atlas-6.png
  artifactKey: Guid(f9df571074a420146ab0f442fbc9454a) Importer(815301076,1909f56bfc062723c751e8b465ee728b)
Start importing Assets/Optimised Textures/Basketball/Basketball-mat0-_EmissionMap-atlas-6.png using Guid(f9df571074a420146ab0f442fbc9454a) Importer(815301076,1909f56bfc062723c751e8b465ee728b)  -> (artifact id: 'b1fa85d76322eeca8ee95855e63ec1be') in 0.114391 seconds 
========================================================================
Received Import Request.
  Time since last request: 0.000036 seconds.
  path: Assets/Joystick Pack/Sprites/All Axis Backgrounds/AllAxis_Ridged_Arrows.png
  artifactKey: Guid(4cbc879550e5e374a925e2e0a84d6f3c) Importer(815301076,1909f56bfc062723c751e8b465ee728b)
Start importing Assets/Joystick Pack/Sprites/All Axis Backgrounds/AllAxis_Ridged_Arrows.png using Guid(4cbc879550e5e374a925e2e0a84d6f3c) Importer(815301076,1909f56bfc062723c751e8b465ee728b)  -> (artifact id: '6bcc0f56507ca124860418045de51266') in 0.111178 seconds 
========================================================================
Received Import Request.
  Time since last request: 0.000030 seconds.
  path: Assets/Optimised Textures/Cafe/Cafe-mat-_BaseMap-atlas-0.png
  artifactKey: Guid(5f02023e438c8544d98ce425f43f6b47) Importer(815301076,1909f56bfc062723c751e8b465ee728b)
Start importing Assets/Optimised Textures/Cafe/Cafe-mat-_BaseMap-atlas-0.png using Guid(5f02023e438c8544d98ce425f43f6b47) Importer(815301076,1909f56bfc062723c751e8b465ee728b)  -> (artifact id: 'b003dcd3df8a1d8e53fd1fde96750bb8') in 0.112712 seconds 
========================================================================
Received Import Request.
  Time since last request: 0.000028 seconds.
  path: Assets/Standard Assets/Environment/SpeedTree/Broadleaf/ClippedFrond_Normal.tga
  artifactKey: Guid(98a0c4bded48f6e488eb93670599274e) Importer(815301076,1909f56bfc062723c751e8b465ee728b)
Start importing Assets/Standard Assets/Environment/SpeedTree/Broadleaf/ClippedFrond_Normal.tga using Guid(98a0c4bded48f6e488eb93670599274e) Importer(815301076,1909f56bfc062723c751e8b465ee728b)  -> (artifact id: 'd3440e61b49f16232cedd6cca7acab7f') in 0.074802 seconds 
========================================================================
Received Import Request.
  Time since last request: 0.000045 seconds.
  path: Assets/Optimised Textures/Club/Club-mat0-_BaseMap-atlas-0.png
  artifactKey: Guid(b475f5feea823e449bc5dac2b1bf7a31) Importer(815301076,1909f56bfc062723c751e8b465ee728b)
Start importing Assets/Optimised Textures/Club/Club-mat0-_BaseMap-atlas-0.png using Guid(b475f5feea823e449bc5dac2b1bf7a31) Importer(815301076,1909f56bfc062723c751e8b465ee728b)  -> (artifact id: '676198cdd03b9abcd6b50922ab53a4d8') in 0.150439 seconds 
========================================================================
Received Import Request.
  Time since last request: 0.000032 seconds.
  path: Assets/Optimised Textures/Club/Club-mat0-_BumpMap-atlas-3.png
  artifactKey: Guid(8af2532d56c69224ca1ee655f9ad0e47) Importer(815301076,1909f56bfc062723c751e8b465ee728b)
Start importing Assets/Optimised Textures/Club/Club-mat0-_BumpMap-atlas-3.png using Guid(8af2532d56c69224ca1ee655f9ad0e47) Importer(815301076,1909f56bfc062723c751e8b465ee728b)  -> (artifact id: 'df56484d427d464a1f530066f892fe2d') in 0.135534 seconds 
========================================================================
Received Import Request.
  Time since last request: 0.000033 seconds.
  path: Assets/Standard Assets/Environment/SpeedTree/Broadleaf/Broadleaf_Desktop_Atlas.tga
  artifactKey: Guid(d20e5329bb2905844a1ae38b80640d3f) Importer(815301076,1909f56bfc062723c751e8b465ee728b)
Start importing Assets/Standard Assets/Environment/SpeedTree/Broadleaf/Broadleaf_Desktop_Atlas.tga using Guid(d20e5329bb2905844a1ae38b80640d3f) Importer(815301076,1909f56bfc062723c751e8b465ee728b)  -> (artifact id: 'cdbbe20e393bc46f99e51d6960cf7968') in 0.201982 seconds 
========================================================================
Received Import Request.
  Time since last request: 0.000028 seconds.
  path: Assets/BOXOPHOBIC/The Vegetation Engine/Demo/Models/Rocks/Materials/Aset_rock_granite_M_rgAsy_Albedo.tif
  artifactKey: Guid(ff1097a4be23409bbf76c99465c3a3d8) Importer(815301076,1909f56bfc062723c751e8b465ee728b)
Start importing Assets/BOXOPHOBIC/The Vegetation Engine/Demo/Models/Rocks/Materials/Aset_rock_granite_M_rgAsy_Albedo.tif using Guid(ff1097a4be23409bbf76c99465c3a3d8) Importer(815301076,1909f56bfc062723c751e8b465ee728b)  -> (artifact id: '59d06a675e639cea08b52c9db8521006') in 0.201465 seconds 
========================================================================
Received Import Request.
  Time since last request: 0.000031 seconds.
  path: Assets/laxer tree pkg/Textures/bark.png
  artifactKey: Guid(8875beb1e4179154eb0ce892639eb118) Importer(815301076,1909f56bfc062723c751e8b465ee728b)
Start importing Assets/laxer tree pkg/Textures/bark.png using Guid(8875beb1e4179154eb0ce892639eb118) Importer(815301076,1909f56bfc062723c751e8b465ee728b)  -> (artifact id: '2b5cffab0c8f153f956c0f98c19f5d99') in 0.109240 seconds 
========================================================================
Received Import Request.
  Time since last request: 0.000032 seconds.
  path: Assets/Standard Assets/Environment/SpeedTree/Broadleaf/Broadleaves_Desktop_Normal.tga
  artifactKey: Guid(e7b2d3eeb0a4d694792c93a8ab87e4a4) Importer(815301076,1909f56bfc062723c751e8b465ee728b)
Start importing Assets/Standard Assets/Environment/SpeedTree/Broadleaf/Broadleaves_Desktop_Normal.tga using Guid(e7b2d3eeb0a4d694792c93a8ab87e4a4) Importer(815301076,1909f56bfc062723c751e8b465ee728b)  -> (artifact id: '4698f4d5df97f64a8d92dd4743b19286') in 0.171676 seconds 
========================================================================
Received Import Request.
  Time since last request: 0.000029 seconds.
  path: Assets/BOXOPHOBIC/Utils/Editor/Resources/Boxophobic - CategoryMiddle.psd
  artifactKey: Guid(106fc33e3a3dab34f89693e3ed333fa2) Importer(815301076,1909f56bfc062723c751e8b465ee728b)
Start importing Assets/BOXOPHOBIC/Utils/Editor/Resources/Boxophobic - CategoryMiddle.psd using Guid(106fc33e3a3dab34f89693e3ed333fa2) Importer(815301076,1909f56bfc062723c751e8b465ee728b)  -> (artifact id: '6a3275567fcdd5b445f8a12be3ca32d5') in 0.144809 seconds 
========================================================================
Received Import Request.
  Time since last request: 0.000039 seconds.
  path: Assets/Optimised Textures/Cafe/Cafe-mat-_BumpMap-atlas-3.png
  artifactKey: Guid(9d08fb54be7401344a207478df25b5fc) Importer(815301076,1909f56bfc062723c751e8b465ee728b)
Start importing Assets/Optimised Textures/Cafe/Cafe-mat-_BumpMap-atlas-3.png using Guid(9d08fb54be7401344a207478df25b5fc) Importer(815301076,1909f56bfc062723c751e8b465ee728b)  -> (artifact id: '39488041b57fc17e37da7a2424208f98') in 0.073814 seconds 
========================================================================
Received Import Request.
  Time since last request: 5.103980 seconds.
  path: Assets/Materials/club activity/Stairs.mat
  artifactKey: Guid(9aa679f2772ac554d827eb18cf530bc4) Importer(815301076,1909f56bfc062723c751e8b465ee728b)
Start importing Assets/Materials/club activity/Stairs.mat using Guid(9aa679f2772ac554d827eb18cf530bc4) Importer(815301076,1909f56bfc062723c751e8b465ee728b)  -> (artifact id: '85553a61b08d48e2c6b3b9c15dbcac3b') in 0.047971 seconds 
========================================================================
Received Import Request.
  Time since last request: 1.849817 seconds.
  path: Assets/Textures/iron/ham rod.mat
  artifactKey: Guid(da032113032db2b4fb56ade00ba812d8) Importer(815301076,1909f56bfc062723c751e8b465ee728b)
Start importing Assets/Textures/iron/ham rod.mat using Guid(da032113032db2b4fb56ade00ba812d8) Importer(815301076,1909f56bfc062723c751e8b465ee728b)  -> (artifact id: '1f239bc08bbe085f6d00db633b466b13') in 0.287243 seconds 
========================================================================
Received Import Request.
  Time since last request: 0.000032 seconds.
  path: Assets/Textures/iron/ham top.mat
  artifactKey: Guid(9ddb3102b3cdf064fb3b39cbbb8539c0) Importer(815301076,1909f56bfc062723c751e8b465ee728b)
Start importing Assets/Textures/iron/ham top.mat using Guid(9ddb3102b3cdf064fb3b39cbbb8539c0) Importer(815301076,1909f56bfc062723c751e8b465ee728b)  -> (artifact id: '03086ed5920ad9604c52b12293952414') in 0.108392 seconds 
========================================================================
Received Import Request.
  Time since last request: 6.925363 seconds.
  path: Assets/Textures/New shed/shed_low_lambert2_Normal.png
  artifactKey: Guid(47bf789a68e0b0f42abc3ba51754b995) Importer(815301076,1909f56bfc062723c751e8b465ee728b)
Start importing Assets/Textures/New shed/shed_low_lambert2_Normal.png using Guid(47bf789a68e0b0f42abc3ba51754b995) Importer(815301076,1909f56bfc062723c751e8b465ee728b)  -> (artifact id: '376b63d6d730ba095987d41b5d1a29f9') in 0.133738 seconds 
========================================================================
Received Import Request.
  Time since last request: 0.000030 seconds.
  path: Assets/Textures/New shed/shed_low_lambert2_SpecularSmoothness.png
  artifactKey: Guid(e87c7dc8d6e30994fa3b57940221173c) Importer(815301076,1909f56bfc062723c751e8b465ee728b)
Start importing Assets/Textures/New shed/shed_low_lambert2_SpecularSmoothness.png using Guid(e87c7dc8d6e30994fa3b57940221173c) Importer(815301076,1909f56bfc062723c751e8b465ee728b)  -> (artifact id: '7c7a7a52f34bd52c67eeac0f07f93e47') in 0.132860 seconds 
========================================================================
Received Import Request.
  Time since last request: 19.443790 seconds.
  path: Assets/Textures/paintings/New Material 1.mat
  artifactKey: Guid(391a43338cfe66e48926cf352786b6ed) Importer(815301076,1909f56bfc062723c751e8b465ee728b)
Start importing Assets/Textures/paintings/New Material 1.mat using Guid(391a43338cfe66e48926cf352786b6ed) Importer(815301076,1909f56bfc062723c751e8b465ee728b)  -> (artifact id: '26dad421cf96380ec421ed8231349200') in 0.124246 seconds 
========================================================================
Received Import Request.
  Time since last request: 0.000030 seconds.
  path: Assets/Textures/paintings/New Material.mat
  artifactKey: Guid(85c5e571696c5444babaae955b6e4455) Importer(815301076,1909f56bfc062723c751e8b465ee728b)
Start importing Assets/Textures/paintings/New Material.mat using Guid(85c5e571696c5444babaae955b6e4455) Importer(815301076,1909f56bfc062723c751e8b465ee728b)  -> (artifact id: '3ee73e667fea9bfb732f2c7e6b5dd8a8') in 0.099002 seconds 
========================================================================
Received Import Request.
  Time since last request: 0.000038 seconds.
  path: Assets/Textures/paintings/New Material 4.mat
  artifactKey: Guid(747283d999b52064ba7cd6db591a2ff6) Importer(815301076,1909f56bfc062723c751e8b465ee728b)
Start importing Assets/Textures/paintings/New Material 4.mat using Guid(747283d999b52064ba7cd6db591a2ff6) Importer(815301076,1909f56bfc062723c751e8b465ee728b)  -> (artifact id: 'f2a2182cd0286cbc65198c5fa331a832') in 0.090330 seconds 
========================================================================
Received Import Request.
  Time since last request: 0.000024 seconds.
  path: Assets/Textures/paintings/New Material 2.mat
  artifactKey: Guid(cc796cbdfda2f38429a64ed25b8a0bdc) Importer(815301076,1909f56bfc062723c751e8b465ee728b)
Start importing Assets/Textures/paintings/New Material 2.mat using Guid(cc796cbdfda2f38429a64ed25b8a0bdc) Importer(815301076,1909f56bfc062723c751e8b465ee728b)  -> (artifact id: 'da515a47427e97c9f617b299793e5b6d') in 0.196103 seconds 
========================================================================
Received Import Request.
  Time since last request: 0.000030 seconds.
  path: Assets/Textures/paintings/New Material 3.mat
  artifactKey: Guid(5b6314e9e2eae914a8fc35e004d2a708) Importer(815301076,1909f56bfc062723c751e8b465ee728b)
Start importing Assets/Textures/paintings/New Material 3.mat using Guid(5b6314e9e2eae914a8fc35e004d2a708) Importer(815301076,1909f56bfc062723c751e8b465ee728b)  -> (artifact id: '1ae1d66a34295b14e925374847d1baa0') in 0.071995 seconds 
========================================================================
Received Import Request.
  Time since last request: 9.071386 seconds.
  path: Assets/Textures/Random textures/black mold 1.png
  artifactKey: Guid(e98541b050f323449b388699bed5e03a) Importer(815301076,1909f56bfc062723c751e8b465ee728b)
Start importing Assets/Textures/Random textures/black mold 1.png using Guid(e98541b050f323449b388699bed5e03a) Importer(815301076,1909f56bfc062723c751e8b465ee728b)  -> (artifact id: 'ca3a0e9ec2717a13b8323f18f4a09517') in 0.176581 seconds 
========================================================================
Received Import Request.
  Time since last request: 0.000034 seconds.
  path: Assets/Textures/Random textures/door normie.jpg
  artifactKey: Guid(48bfbf69ee12c7a4e89b66214e27529d) Importer(815301076,1909f56bfc062723c751e8b465ee728b)
Start importing Assets/Textures/Random textures/door normie.jpg using Guid(48bfbf69ee12c7a4e89b66214e27529d) Importer(815301076,1909f56bfc062723c751e8b465ee728b)  -> (artifact id: '35fd2f63fe6e34974cc1bcdd0b95e37b') in 0.115286 seconds 
========================================================================
Received Import Request.
  Time since last request: 25.970648 seconds.
  path: Assets/Textures/Roof Lights/light_lambert1_Emissive.png
  artifactKey: Guid(512744a8875124346861ca554a4e841c) Importer(815301076,1909f56bfc062723c751e8b465ee728b)
Start importing Assets/Textures/Roof Lights/light_lambert1_Emissive.png using Guid(512744a8875124346861ca554a4e841c) Importer(815301076,1909f56bfc062723c751e8b465ee728b)  -> (artifact id: '8a67d961ee3eee54c86cc2b77406f35e') in 0.150499 seconds 
========================================================================
Received Import Request.
  Time since last request: 0.000046 seconds.
  path: Assets/Textures/Roof Lights/light_lambert1_MaskMap.png
  artifactKey: Guid(15b3bc5931a3e464d888ee61d82c517b) Importer(815301076,1909f56bfc062723c751e8b465ee728b)
Start importing Assets/Textures/Roof Lights/light_lambert1_MaskMap.png using Guid(15b3bc5931a3e464d888ee61d82c517b) Importer(815301076,1909f56bfc062723c751e8b465ee728b)  -> (artifact id: '14161c93bd15adb0327f4da158273600') in 0.091589 seconds 
========================================================================
Received Import Request.
  Time since last request: 0.000031 seconds.
  path: Assets/Textures/Roof Lights/light_lambert1_Normal.png
  artifactKey: Guid(c4fcd5a6ffaaee440bf5f87167fa6df1) Importer(815301076,1909f56bfc062723c751e8b465ee728b)
Start importing Assets/Textures/Roof Lights/light_lambert1_Normal.png using Guid(c4fcd5a6ffaaee440bf5f87167fa6df1) Importer(815301076,1909f56bfc062723c751e8b465ee728b)  -> (artifact id: '7a42264a38bebd8e5609c1610ca50aae') in 0.111319 seconds 
========================================================================
Received Import Request.
  Time since last request: 5.420482 seconds.
  path: Assets/Textures/Rotten Iron/rotten iron_ao.bmp
  artifactKey: Guid(500a72bbc102130439d642feb22f2e93) Importer(815301076,1909f56bfc062723c751e8b465ee728b)
Start importing Assets/Textures/Rotten Iron/rotten iron_ao.bmp using Guid(500a72bbc102130439d642feb22f2e93) Importer(815301076,1909f56bfc062723c751e8b465ee728b)  -> (artifact id: '6f51ecc96a2be5683fe73fccf746ac43') in 0.132588 seconds 
========================================================================
Received Import Request.
  Time since last request: 0.000027 seconds.
  path: Assets/Textures/Rotten Iron/rotten iron_diffuse.bmp
  artifactKey: Guid(f6dd88099d00f514c8bb5b1b1ceccad4) Importer(815301076,1909f56bfc062723c751e8b465ee728b)
Start importing Assets/Textures/Rotten Iron/rotten iron_diffuse.bmp using Guid(f6dd88099d00f514c8bb5b1b1ceccad4) Importer(815301076,1909f56bfc062723c751e8b465ee728b)  -> (artifact id: '525b2a044eba00ea6c52e20a76975d74') in 0.054960 seconds 
========================================================================
Received Import Request.
  Time since last request: 0.000030 seconds.
  path: Assets/Textures/Rotten Iron/rotten iron_metallic.bmp
  artifactKey: Guid(b1c9b4cdeb986334db93d0006fb8ec5c) Importer(815301076,1909f56bfc062723c751e8b465ee728b)
Start importing Assets/Textures/Rotten Iron/rotten iron_metallic.bmp using Guid(b1c9b4cdeb986334db93d0006fb8ec5c) Importer(815301076,1909f56bfc062723c751e8b465ee728b)  -> (artifact id: '212cafd2b99264dbf844d04aca40921b') in 0.053305 seconds 
========================================================================
Received Import Request.
  Time since last request: 2.363283 seconds.
  path: Assets/Textures/sHED/Shed.mat
  artifactKey: Guid(2abd83d76661d6641ab295c98e2ee885) Importer(815301076,1909f56bfc062723c751e8b465ee728b)
Start importing Assets/Textures/sHED/Shed.mat using Guid(2abd83d76661d6641ab295c98e2ee885) Importer(815301076,1909f56bfc062723c751e8b465ee728b)  -> (artifact id: '3c3b90809e8bfa44cc66e4a400ce5cdb') in 0.318103 seconds 
========================================================================
Received Import Request.
  Time since last request: 0.000030 seconds.
  path: Assets/Textures/sHED/shed_Mobile_normal.png
  artifactKey: Guid(5937841a03f91cd438382ed6f9bae911) Importer(815301076,1909f56bfc062723c751e8b465ee728b)
Start importing Assets/Textures/sHED/shed_Mobile_normal.png using Guid(5937841a03f91cd438382ed6f9bae911) Importer(815301076,1909f56bfc062723c751e8b465ee728b)  -> (artifact id: 'cb4f787f01ac45e2b443a5985ee76b38') in 0.040588 seconds 
========================================================================
Received Import Request.
  Time since last request: 21.304055 seconds.
  path: Assets/Textures/Skeleton/all in one.mat
  artifactKey: Guid(8ca2fe8c62fe5264ca2c6084271e1d41) Importer(815301076,1909f56bfc062723c751e8b465ee728b)
Start importing Assets/Textures/Skeleton/all in one.mat using Guid(8ca2fe8c62fe5264ca2c6084271e1d41) Importer(815301076,1909f56bfc062723c751e8b465ee728b)  -> (artifact id: '6e0d5060abcc19f71ef2b38a7b676899') in 0.317341 seconds 
========================================================================
Received Import Request.
  Time since last request: 0.000032 seconds.
  path: Assets/Textures/Skeleton/arm.mat
  artifactKey: Guid(a5580bf5b45223042be81f9cd0e0115c) Importer(815301076,1909f56bfc062723c751e8b465ee728b)
Start importing Assets/Textures/Skeleton/arm.mat using Guid(a5580bf5b45223042be81f9cd0e0115c) Importer(815301076,1909f56bfc062723c751e8b465ee728b)  -> (artifact id: 'e03705a0a9c5dcf5991552289b1543c9') in 0.207784 seconds 
========================================================================
Received Import Request.
  Time since last request: 0.000038 seconds.
  path: Assets/Textures/Skeleton/arm side.mat
  artifactKey: Guid(7344521f3d2aebe458b68f241b1b43f4) Importer(815301076,1909f56bfc062723c751e8b465ee728b)
Start importing Assets/Textures/Skeleton/arm side.mat using Guid(7344521f3d2aebe458b68f241b1b43f4) Importer(815301076,1909f56bfc062723c751e8b465ee728b)  -> (artifact id: '1944d8622223b6b75962e40a37c53d75') in 0.239128 seconds 
========================================================================
Received Import Request.
  Time since last request: 36.978662 seconds.
  path: Assets/Textures/sports ground/sports field trans.png
  artifactKey: Guid(c1e72e36ed8109642bae8a29e1efdf69) Importer(815301076,1909f56bfc062723c751e8b465ee728b)
Start importing Assets/Textures/sports ground/sports field trans.png using Guid(c1e72e36ed8109642bae8a29e1efdf69) Importer(815301076,1909f56bfc062723c751e8b465ee728b)  -> (artifact id: '3167786d9919c846d2c7b6916b5c5bce') in 0.058008 seconds 
========================================================================
Received Import Request.
  Time since last request: 496.129127 seconds.
  path: Assets/Materials/School/bathroom floor.mat
  artifactKey: Guid(941410e9eac88cd4d9f64f2826f6e1e0) Importer(815301076,1909f56bfc062723c751e8b465ee728b)
Start importing Assets/Materials/School/bathroom floor.mat using Guid(941410e9eac88cd4d9f64f2826f6e1e0) Importer(815301076,1909f56bfc062723c751e8b465ee728b)  -> (artifact id: '09d96b95a61731465095c927e3c829d2') in 0.331632 seconds 
========================================================================
Received Import Request.
  Time since last request: 0.000026 seconds.
  path: Assets/Materials/School/Clock rim.mat
  artifactKey: Guid(172897f973165d54bb6eb963b1b43260) Importer(815301076,1909f56bfc062723c751e8b465ee728b)
Start importing Assets/Materials/School/Clock rim.mat using Guid(172897f973165d54bb6eb963b1b43260) Importer(815301076,1909f56bfc062723c751e8b465ee728b)  -> (artifact id: '07635569d373a39d5977aa79629f51dd') in 0.227034 seconds 
========================================================================
Received Import Request.
  Time since last request: 0.000036 seconds.
  path: Assets/Materials/School/Map.mat
  artifactKey: Guid(3778c821586e77b4d9e5b246e3d7a573) Importer(815301076,1909f56bfc062723c751e8b465ee728b)
Start importing Assets/Materials/School/Map.mat using Guid(3778c821586e77b4d9e5b246e3d7a573) Importer(815301076,1909f56bfc062723c751e8b465ee728b)  -> (artifact id: '560f9a849faff262fb988a53987c22ad') in 0.249944 seconds 
========================================================================
Received Import Request.
  Time since last request: 0.000027 seconds.
  path: Assets/Materials/School/mirror.mat
  artifactKey: Guid(5441bc9880643a7499d06415cdf84539) Importer(815301076,1909f56bfc062723c751e8b465ee728b)
Start importing Assets/Materials/School/mirror.mat using Guid(5441bc9880643a7499d06415cdf84539) Importer(815301076,1909f56bfc062723c751e8b465ee728b)  -> (artifact id: 'fd2850ef6ab1f02786fd05fa0e6a9bc4') in 0.038749 seconds 
========================================================================
Received Import Request.
  Time since last request: 0.000039 seconds.
  path: Assets/Materials/School/Pillers.mat
  artifactKey: Guid(be28042b5afd61a4ba3711469e4b3b31) Importer(815301076,1909f56bfc062723c751e8b465ee728b)
Start importing Assets/Materials/School/Pillers.mat using Guid(be28042b5afd61a4ba3711469e4b3b31) Importer(815301076,1909f56bfc062723c751e8b465ee728b)  -> (artifact id: '445ae11ed4281d37269ca931c8b9cbd9') in 0.023315 seconds 
========================================================================
Received Import Request.
  Time since last request: 0.000022 seconds.
  path: Assets/Materials/props/wood 2.mat
  artifactKey: Guid(0a6a91750a504a34f9967b4276b81b14) Importer(815301076,1909f56bfc062723c751e8b465ee728b)
Start importing Assets/Materials/props/wood 2.mat using Guid(0a6a91750a504a34f9967b4276b81b14) Importer(815301076,1909f56bfc062723c751e8b465ee728b)  -> (artifact id: '5e2e11681290d4f50e94c4f65f36b484') in 0.421007 seconds 
========================================================================
Received Import Request.
  Time since last request: 0.000027 seconds.
  path: Assets/Materials/School/floor 2.mat
  artifactKey: Guid(6ff1638fa05ac564b8a68f3cf39db72e) Importer(815301076,1909f56bfc062723c751e8b465ee728b)
Start importing Assets/Materials/School/floor 2.mat using Guid(6ff1638fa05ac564b8a68f3cf39db72e) Importer(815301076,1909f56bfc062723c751e8b465ee728b)  -> (artifact id: '8a8f46c6ad2a747f4ffee0aa3f55463a') in 0.317318 seconds 
========================================================================
Received Import Request.
  Time since last request: 0.000033 seconds.
  path: Assets/Materials/School/Chains.mat
  artifactKey: Guid(6691d2eb6a0d57c4498e9cbc5914ec63) Importer(815301076,1909f56bfc062723c751e8b465ee728b)
Start importing Assets/Materials/School/Chains.mat using Guid(6691d2eb6a0d57c4498e9cbc5914ec63) Importer(815301076,1909f56bfc062723c751e8b465ee728b)  -> (artifact id: '4426a7391782a59fc585bd39770c2b07') in 0.075083 seconds 
========================================================================
Received Import Request.
  Time since last request: 0.000025 seconds.
  path: Assets/Materials/School/Broken Fountain.mat
  artifactKey: Guid(0e2ddfa88010f084188ca566b2461938) Importer(815301076,1909f56bfc062723c751e8b465ee728b)
Start importing Assets/Materials/School/Broken Fountain.mat using Guid(0e2ddfa88010f084188ca566b2461938) Importer(815301076,1909f56bfc062723c751e8b465ee728b)  -> (artifact id: '43827bdaca68603595b016d1ba4e1718') in 0.102782 seconds 
========================================================================
Received Import Request.
  Time since last request: 0.000033 seconds.
  path: Assets/Materials/School/Ducting.mat
  artifactKey: Guid(78b8ec2ba0f78e446a6fa4ac314ee3b9) Importer(815301076,1909f56bfc062723c751e8b465ee728b)
Start importing Assets/Materials/School/Ducting.mat using Guid(78b8ec2ba0f78e446a6fa4ac314ee3b9) Importer(815301076,1909f56bfc062723c751e8b465ee728b)  -> (artifact id: 'da8c0f06e9ad254e18a593e7eb3b0d03') in 0.096818 seconds 
========================================================================
Received Import Request.
  Time since last request: 0.000033 seconds.
  path: Assets/Materials/School/class walls.mat
  artifactKey: Guid(059b675937788b846b670c0a2cbe0d91) Importer(815301076,1909f56bfc062723c751e8b465ee728b)
Start importing Assets/Materials/School/class walls.mat using Guid(059b675937788b846b670c0a2cbe0d91) Importer(815301076,1909f56bfc062723c751e8b465ee728b)  -> (artifact id: '78d172b601c97786ce994c98602fd917') in 0.069693 seconds 
========================================================================
Received Import Request.
  Time since last request: 0.000029 seconds.
  path: Assets/Materials/School/Class name.mat
  artifactKey: Guid(8bfd73e194e4464478f148cf93b33c1c) Importer(815301076,1909f56bfc062723c751e8b465ee728b)
Start importing Assets/Materials/School/Class name.mat using Guid(8bfd73e194e4464478f148cf93b33c1c) Importer(815301076,1909f56bfc062723c751e8b465ee728b)  -> (artifact id: 'fa144ff317e05ca6ed28d9a398de2d34') in 0.036416 seconds 
========================================================================
Received Import Request.
  Time since last request: 0.000033 seconds.
  path: Assets/Materials/School/Clock.mat
  artifactKey: Guid(d97d1fcde97018e4eb191c797c761056) Importer(815301076,1909f56bfc062723c751e8b465ee728b)
Start importing Assets/Materials/School/Clock.mat using Guid(d97d1fcde97018e4eb191c797c761056) Importer(815301076,1909f56bfc062723c751e8b465ee728b)  -> (artifact id: '64b3c840ddc50c3b57f09f2166813a7c') in 0.060938 seconds 
========================================================================
Received Import Request.
  Time since last request: 0.000028 seconds.
  path: Assets/Materials/props/wood 1.mat
  artifactKey: Guid(a812fbb2d74212c41ba15b87df1a0a96) Importer(815301076,1909f56bfc062723c751e8b465ee728b)
Start importing Assets/Materials/props/wood 1.mat using Guid(a812fbb2d74212c41ba15b87df1a0a96) Importer(815301076,1909f56bfc062723c751e8b465ee728b)  -> (artifact id: '1ea0519f73e1cc0d6ef1f37920ca0472') in 0.086136 seconds 
========================================================================
Received Import Request.
  Time since last request: 0.000044 seconds.
  path: Assets/Materials/School/Ground.mat
  artifactKey: Guid(55131a2b9a66e86408afd7a63a2dadb3) Importer(815301076,1909f56bfc062723c751e8b465ee728b)
Start importing Assets/Materials/School/Ground.mat using Guid(55131a2b9a66e86408afd7a63a2dadb3) Importer(815301076,1909f56bfc062723c751e8b465ee728b)  -> (artifact id: '4eb62bdeedcc70f2da453b641afd2f04') in 0.058903 seconds 
========================================================================
Received Import Request.
  Time since last request: 0.000040 seconds.
  path: Assets/Materials/School/Main Building wals.mat
  artifactKey: Guid(de5ba28d423c41f4aa82ec56f80b6153) Importer(815301076,1909f56bfc062723c751e8b465ee728b)
Start importing Assets/Materials/School/Main Building wals.mat using Guid(de5ba28d423c41f4aa82ec56f80b6153) Importer(815301076,1909f56bfc062723c751e8b465ee728b)  -> (artifact id: '2a712428ef202fdb7bb7ecbb5896aaf9') in 0.248018 seconds 
========================================================================
Received Import Request.
  Time since last request: 0.000037 seconds.
  path: Assets/Materials/School/Main Building inner walls.mat
  artifactKey: Guid(6ef37541d9b8d9e4483eb9da7b670d3c) Importer(815301076,1909f56bfc062723c751e8b465ee728b)
Start importing Assets/Materials/School/Main Building inner walls.mat using Guid(6ef37541d9b8d9e4483eb9da7b670d3c) Importer(815301076,1909f56bfc062723c751e8b465ee728b)  -> (artifact id: '15ff86c8725901cece8626bd18ffafde') in 0.093287 seconds 
========================================================================
Received Import Request.
  Time since last request: 0.000046 seconds.
  path: Assets/Materials/School/floor.mat
  artifactKey: Guid(36bff5aeb58508c40a5ca79b775c8779) Importer(815301076,1909f56bfc062723c751e8b465ee728b)
Start importing Assets/Materials/School/floor.mat using Guid(36bff5aeb58508c40a5ca79b775c8779) Importer(815301076,1909f56bfc062723c751e8b465ee728b)  -> (artifact id: '1b39206db408808a9870cfa84b0c8f2b') in 0.070470 seconds 
========================================================================
Received Import Request.
  Time since last request: 0.000032 seconds.
  path: Assets/Materials/School/Fountain Base.mat
  artifactKey: Guid(be624821fc18aa54ca9eecd5b67bc47b) Importer(815301076,1909f56bfc062723c751e8b465ee728b)
Start importing Assets/Materials/School/Fountain Base.mat using Guid(be624821fc18aa54ca9eecd5b67bc47b) Importer(815301076,1909f56bfc062723c751e8b465ee728b)  -> (artifact id: '008c8d487bbe46a481cbc7c89baf2572') in 0.039233 seconds 
========================================================================
Received Import Request.
  Time since last request: 0.000032 seconds.
  path: Assets/Materials/School/bathroom walls.mat
  artifactKey: Guid(7a256a1ba2780214a96bc57214e61373) Importer(815301076,1909f56bfc062723c751e8b465ee728b)
Start importing Assets/Materials/School/bathroom walls.mat using Guid(7a256a1ba2780214a96bc57214e61373) Importer(815301076,1909f56bfc062723c751e8b465ee728b)  -> (artifact id: 'f0e7a7e4f365c682fcf6022ac6f33692') in 0.021934 seconds 
========================================================================
Received Import Request.
  Time since last request: 0.000032 seconds.
  path: Assets/Materials/School/bushes.mat
  artifactKey: Guid(414c63f0874baab408c3aa9460909932) Importer(815301076,1909f56bfc062723c751e8b465ee728b)
Start importing Assets/Materials/School/bushes.mat using Guid(414c63f0874baab408c3aa9460909932) Importer(815301076,1909f56bfc062723c751e8b465ee728b)  -> (artifact id: '3cb2b31612911066d6b954078cc97495') in 0.035493 seconds 
========================================================================
Received Import Request.
  Time since last request: 0.000036 seconds.
  path: Assets/Materials/School/Class name _ Wooden.mat
  artifactKey: Guid(792cdf26f9f96234b84755e885ef508c) Importer(815301076,1909f56bfc062723c751e8b465ee728b)
Start importing Assets/Materials/School/Class name _ Wooden.mat using Guid(792cdf26f9f96234b84755e885ef508c) Importer(815301076,1909f56bfc062723c751e8b465ee728b)  -> (artifact id: 'efd83d15895c8885d3040ef0cc9ead48') in 0.039205 seconds 
========================================================================
Received Import Request.
  Time since last request: 0.000028 seconds.
  path: Assets/Materials/props/sink.mat
  artifactKey: Guid(8da75fff732ee034593b0c4df075e3ae) Importer(815301076,1909f56bfc062723c751e8b465ee728b)
Start importing Assets/Materials/props/sink.mat using Guid(8da75fff732ee034593b0c4df075e3ae) Importer(815301076,1909f56bfc062723c751e8b465ee728b)  -> (artifact id: 'd1be81f8f2bbc4e2bf6b7acf5b30f39f') in 0.064494 seconds 
========================================================================
Received Import Request.
  Time since last request: 0.000029 seconds.
  path: Assets/Materials/School/Main Building Mid walls.mat
  artifactKey: Guid(18655f57ce1205e42b99490078c2fc29) Importer(815301076,1909f56bfc062723c751e8b465ee728b)
Start importing Assets/Materials/School/Main Building Mid walls.mat using Guid(18655f57ce1205e42b99490078c2fc29) Importer(815301076,1909f56bfc062723c751e8b465ee728b)  -> (artifact id: 'af7d8ba8491597d6bf4a2fdaec14f740') in 0.019257 seconds 
========================================================================
Received Import Request.
  Time since last request: 0.000033 seconds.
  path: Assets/Materials/School/main walls.mat
  artifactKey: Guid(a6fcb9ae84d4843479a8b9f775740170) Importer(815301076,1909f56bfc062723c751e8b465ee728b)
Start importing Assets/Materials/School/main walls.mat using Guid(a6fcb9ae84d4843479a8b9f775740170) Importer(815301076,1909f56bfc062723c751e8b465ee728b)  -> (artifact id: '392acd7c742740df8a07078d74624f95') in 0.190063 seconds 
========================================================================
Received Import Request.
  Time since last request: 0.000027 seconds.
  path: Assets/Materials/School/floor 1.mat
  artifactKey: Guid(5f6edb1c099d2c5498b6ed6060eea41c) Importer(815301076,1909f56bfc062723c751e8b465ee728b)
Start importing Assets/Materials/School/floor 1.mat using Guid(5f6edb1c099d2c5498b6ed6060eea41c) Importer(815301076,1909f56bfc062723c751e8b465ee728b)  -> (artifact id: '396d3d95180c2d6ba6f0219b87e2b4ad') in 0.044315 seconds 
========================================================================
Received Import Request.
  Time since last request: 0.000029 seconds.
  path: Assets/Materials/props/boltcutter/Black.mat
  artifactKey: Guid(8076b8c07b96f284aa34547644411f1b) Importer(815301076,1909f56bfc062723c751e8b465ee728b)
Start importing Assets/Materials/props/boltcutter/Black.mat using Guid(8076b8c07b96f284aa34547644411f1b) Importer(815301076,1909f56bfc062723c751e8b465ee728b)  -> (artifact id: '7d179f99f13406468faedacf5003214d') in 0.022572 seconds 
========================================================================
Received Import Request.
  Time since last request: 0.000029 seconds.
  path: Assets/Materials/props/boltcutter/orange.mat
  artifactKey: Guid(18f370fbcd175a34b85d09933c934fe6) Importer(815301076,1909f56bfc062723c751e8b465ee728b)
Start importing Assets/Materials/props/boltcutter/orange.mat using Guid(18f370fbcd175a34b85d09933c934fe6) Importer(815301076,1909f56bfc062723c751e8b465ee728b)  -> (artifact id: '4a387a3a3771e8ef43766bf4715c9ee6') in 0.103227 seconds 
========================================================================
Received Import Request.
  Time since last request: 0.000028 seconds.
  path: Assets/Materials/props/boltcutter/Red.mat
  artifactKey: Guid(69c7594554b54d142b0e4434d111cc3d) Importer(815301076,1909f56bfc062723c751e8b465ee728b)
Start importing Assets/Materials/props/boltcutter/Red.mat using Guid(69c7594554b54d142b0e4434d111cc3d) Importer(815301076,1909f56bfc062723c751e8b465ee728b)  -> (artifact id: 'f92a7d8510d9ca0dc82ecb82c6806005') in 0.066850 seconds 
========================================================================
Received Import Request.
  Time since last request: 0.000032 seconds.
  path: Assets/Materials/props/boltcutter/Metal.mat
  artifactKey: Guid(c5b91c62d64eebb46a52ac2d3f99bd64) Importer(815301076,1909f56bfc062723c751e8b465ee728b)
Start importing Assets/Materials/props/boltcutter/Metal.mat using Guid(c5b91c62d64eebb46a52ac2d3f99bd64) Importer(815301076,1909f56bfc062723c751e8b465ee728b)  -> (artifact id: '163a1dc69935cb7f0184c61d1075e004') in 0.064414 seconds 
========================================================================
Received Import Request.
  Time since last request: 0.000028 seconds.
  path: Assets/Materials/School/Main Door.mat
  artifactKey: Guid(d4a848d97a3b02348943614cabe6dc14) Importer(815301076,1909f56bfc062723c751e8b465ee728b)
Start importing Assets/Materials/School/Main Door.mat using Guid(d4a848d97a3b02348943614cabe6dc14) Importer(815301076,1909f56bfc062723c751e8b465ee728b)  -> (artifact id: '190dbaa3b79ec25f2454f9c19b4e482c') in 0.121146 seconds 
========================================================================
Received Import Request.
  Time since last request: 0.000034 seconds.
  path: Assets/Materials/School/Glass.mat
  artifactKey: Guid(f48e60467603d8d4195f29efc0c6965f) Importer(815301076,1909f56bfc062723c751e8b465ee728b)
Start importing Assets/Materials/School/Glass.mat using Guid(f48e60467603d8d4195f29efc0c6965f) Importer(815301076,1909f56bfc062723c751e8b465ee728b)  -> (artifact id: 'cb60529ceee1e0c7a8560efed29ae4d4') in 0.347609 seconds 
========================================================================
Received Import Request.
  Time since last request: 0.000039 seconds.
  path: Assets/Materials/props/books/Book _ color 3.mat
  artifactKey: Guid(4db83f10a3c66d3488bbad81bf4e58d1) Importer(815301076,1909f56bfc062723c751e8b465ee728b)
Start importing Assets/Materials/props/books/Book _ color 3.mat using Guid(4db83f10a3c66d3488bbad81bf4e58d1) Importer(815301076,1909f56bfc062723c751e8b465ee728b)  -> (artifact id: '74484c51bebc859d70b7ad2bd2ef2b98') in 0.073332 seconds 
========================================================================
Received Import Request.
  Time since last request: 0.000029 seconds.
  path: Assets/Materials/props/books/Book _ color 1.mat
  artifactKey: Guid(471a94719f4de9946aff633c60f3a56f) Importer(815301076,1909f56bfc062723c751e8b465ee728b)
Start importing Assets/Materials/props/books/Book _ color 1.mat using Guid(471a94719f4de9946aff633c60f3a56f) Importer(815301076,1909f56bfc062723c751e8b465ee728b)  -> (artifact id: '9cb98413d059f2b16aaffa333f46be3d') in 0.039614 seconds 
========================================================================
Received Import Request.
  Time since last request: 0.000026 seconds.
  path: Assets/Materials/props/books/Book _ color 2.mat
  artifactKey: Guid(c3bac38f0841f0b44aac29bdbe693695) Importer(815301076,1909f56bfc062723c751e8b465ee728b)
Start importing Assets/Materials/props/books/Book _ color 2.mat using Guid(c3bac38f0841f0b44aac29bdbe693695) Importer(815301076,1909f56bfc062723c751e8b465ee728b)  -> (artifact id: '7c682d26a6dea2eeb52255a6f06b39b4') in 0.046152 seconds 
========================================================================
Received Import Request.
  Time since last request: 0.000031 seconds.
  path: Assets/Materials/props/books/Book _ color 4.mat
  artifactKey: Guid(d7249eac0bc08ae4a85e82ea2dd1f265) Importer(815301076,1909f56bfc062723c751e8b465ee728b)
Start importing Assets/Materials/props/books/Book _ color 4.mat using Guid(d7249eac0bc08ae4a85e82ea2dd1f265) Importer(815301076,1909f56bfc062723c751e8b465ee728b)  -> (artifact id: '2b85ac45ba111ccec22c6c4a31c3fe9c') in 0.043442 seconds 
========================================================================
Received Import Request.
  Time since last request: 0.000026 seconds.
  path: Assets/Materials/props/books/Book_white.mat
  artifactKey: Guid(4b9e5003500c9fa4fa9d0b8baccf0ae7) Importer(815301076,1909f56bfc062723c751e8b465ee728b)
Start importing Assets/Materials/props/books/Book_white.mat using Guid(4b9e5003500c9fa4fa9d0b8baccf0ae7) Importer(815301076,1909f56bfc062723c751e8b465ee728b)  -> (artifact id: '4c2cb0d04fd2cd3df1e2c19121163f66') in 0.053659 seconds 
========================================================================
Received Import Request.
  Time since last request: 0.000038 seconds.
  path: Assets/Materials/props/books/Book _ color.mat
  artifactKey: Guid(8da16b72938b3514289a0cfc16249ecc) Importer(815301076,1909f56bfc062723c751e8b465ee728b)
Start importing Assets/Materials/props/books/Book _ color.mat using Guid(8da16b72938b3514289a0cfc16249ecc) Importer(815301076,1909f56bfc062723c751e8b465ee728b)  -> (artifact id: '7e16d497ab2361962fa2284392d570d4') in 0.117306 seconds 
========================================================================
Received Import Request.
  Time since last request: 0.000026 seconds.
  path: Assets/Materials/props/books/Book_white 1.mat
  artifactKey: Guid(98a9ca34e55859e4aa16c0c76c83e3b7) Importer(815301076,1909f56bfc062723c751e8b465ee728b)
Start importing Assets/Materials/props/books/Book_white 1.mat using Guid(98a9ca34e55859e4aa16c0c76c83e3b7) Importer(815301076,1909f56bfc062723c751e8b465ee728b)  -> (artifact id: '07cec4c969c02f8e33e5186af7c57727') in 0.082738 seconds 
========================================================================
Received Import Request.
  Time since last request: 1.049824 seconds.
  path: Assets/Materials/props/Cd Player/lambert1.mat
  artifactKey: Guid(21547431933941d4a94249955b8d5452) Importer(815301076,1909f56bfc062723c751e8b465ee728b)
Start importing Assets/Materials/props/Cd Player/lambert1.mat using Guid(21547431933941d4a94249955b8d5452) Importer(815301076,1909f56bfc062723c751e8b465ee728b)  -> (artifact id: '2ac54059cdd175c63a7091064b4e0f9f') in 0.103989 seconds 
========================================================================
Received Import Request.
  Time since last request: 3.534177 seconds.
  path: Assets/Materials/props/chair/Black rubber.mat
  artifactKey: Guid(b7f73a62a9f1d594bbd2db884c98fc5e) Importer(815301076,1909f56bfc062723c751e8b465ee728b)
Start importing Assets/Materials/props/chair/Black rubber.mat using Guid(b7f73a62a9f1d594bbd2db884c98fc5e) Importer(815301076,1909f56bfc062723c751e8b465ee728b)  -> (artifact id: '952249208094b8bbab67c4d817fde911') in 0.063003 seconds 
========================================================================
Received Import Request.
  Time since last request: 0.000032 seconds.
  path: Assets/Materials/props/chair/Wewd Desk.mat
  artifactKey: Guid(ab6cebd442c843d4e80790837486b952) Importer(815301076,1909f56bfc062723c751e8b465ee728b)
Start importing Assets/Materials/props/chair/Wewd Desk.mat using Guid(ab6cebd442c843d4e80790837486b952) Importer(815301076,1909f56bfc062723c751e8b465ee728b)  -> (artifact id: '47338a889b68ef7f31c09764256d551b') in 0.066571 seconds 
========================================================================
Received Import Request.
  Time since last request: 0.000034 seconds.
  path: Assets/Materials/props/chair/chair 2.mat
  artifactKey: Guid(81059d0ec3155344ca7b46d9a5e78def) Importer(815301076,1909f56bfc062723c751e8b465ee728b)
Start importing Assets/Materials/props/chair/chair 2.mat using Guid(81059d0ec3155344ca7b46d9a5e78def) Importer(815301076,1909f56bfc062723c751e8b465ee728b)  -> (artifact id: 'dc123c83d4fcc3e62a10c2a2a2fc0c31') in 0.131726 seconds 
========================================================================
Received Import Request.
  Time since last request: 0.000029 seconds.
  path: Assets/Materials/props/chair/Metal.mat
  artifactKey: Guid(e91e7300ff2fed74891765baeb539497) Importer(815301076,1909f56bfc062723c751e8b465ee728b)
Start importing Assets/Materials/props/chair/Metal.mat using Guid(e91e7300ff2fed74891765baeb539497) Importer(815301076,1909f56bfc062723c751e8b465ee728b)  -> (artifact id: 'bd80a75b1cbcbeee7f62257225321727') in 0.024886 seconds 
