Using pre-set license
Built from '2021.2/staging' branch; Version is '2021.2.10f1 (ee872746220e) revision 15632167'; Using compiler version '192829333'; Build Type 'Release'
OS: 'Windows 10  (10.0.19044) 64bit Professional' Language: 'en' Physical Memory: 8141 MB
BatchMode: 1, IsHumanControllingUs: 0, StartBugReporterOnCrash: 0, Is64bit: 1, IsPro: 0

COMMAND LINE ARGUMENTS:
C:\2021.2.10f1\Editor\Unity.exe
-adb2
-batchMode
-noUpm
-name
AssetImportWorker7
-projectPath
Z:/Side-Project-1
-logFile
Logs/AssetImportWorker7.log
-srvPort
65366
Successfully changed project path to: Z:/Side-Project-1
Z:/Side-Project-1
[UnityMemory] Configuration Parameters - Can be set up in boot.config
    "memorysetup-bucket-allocator-granularity=16"
    "memorysetup-bucket-allocator-bucket-count=8"
    "memorysetup-bucket-allocator-block-size=33554432"
    "memorysetup-bucket-allocator-block-count=8"
    "memorysetup-main-allocator-block-size=16777216"
    "memorysetup-thread-allocator-block-size=16777216"
    "memorysetup-gfx-main-allocator-block-size=16777216"
    "memorysetup-gfx-thread-allocator-block-size=16777216"
    "memorysetup-cache-allocator-block-size=4194304"
    "memorysetup-typetree-allocator-block-size=2097152"
    "memorysetup-profiler-bucket-allocator-granularity=16"
    "memorysetup-profiler-bucket-allocator-bucket-count=8"
    "memorysetup-profiler-bucket-allocator-block-size=33554432"
    "memorysetup-profiler-bucket-allocator-block-count=8"
    "memorysetup-profiler-allocator-block-size=16777216"
    "memorysetup-profiler-editor-allocator-block-size=1048576"
    "memorysetup-temp-allocator-size-main=16777216"
    "memorysetup-job-temp-allocator-block-size=2097152"
    "memorysetup-job-temp-allocator-block-size-background=1048576"
    "memorysetup-job-temp-allocator-reduction-small-platforms=262144"
    "memorysetup-temp-allocator-size-background-worker=32768"
    "memorysetup-temp-allocator-size-job-worker=262144"
    "memorysetup-temp-allocator-size-preload-manager=33554432"
    "memorysetup-temp-allocator-size-nav-mesh-worker=65536"
    "memorysetup-temp-allocator-size-audio-worker=65536"
    "memorysetup-temp-allocator-size-cloud-worker=32768"
    "memorysetup-temp-allocator-size-gi-baking-worker=262144"
    "memorysetup-temp-allocator-size-gfx=262144"
Refreshing native plugins compatible for Editor in 94.36 ms, found 6 plugins.
Preloading 0 native plugins for Editor in 0.00 ms.
Initialize engine version: 2021.2.10f1 (ee872746220e)
[Subsystems] Discovering subsystems at path C:/2021.2.10f1/Editor/Data/Resources/UnitySubsystems
[Subsystems] Discovering subsystems at path Z:/Side-Project-1/Assets
GfxDevice: creating device client; threaded=0; jobified=0
Direct3D:
    Version:  Direct3D 11.0 [level 11.1]
    Renderer: NVIDIA GeForce GTX 1650 SUPER (ID=0x2187)
    Vendor:   NVIDIA
    VRAM:     3955 MB
    Driver:   30.0.15.1165
Shader 'Custom/RainShader': fallback shader 'Particles/Alpha Blended' not found
Initialize mono
Mono path[0] = 'C:/2021.2.10f1/Editor/Data/Managed'
Mono path[1] = 'C:/2021.2.10f1/Editor/Data/MonoBleedingEdge/lib/mono/unityjit-win32'
Mono config path = 'C:/2021.2.10f1/Editor/Data/MonoBleedingEdge/etc'
Using monoOptions --debugger-agent=transport=dt_socket,embedding=1,server=y,suspend=n,address=127.0.0.1:56388
Begin MonoManager ReloadAssembly
Registering precompiled unity dll's ...
Register platform support module: C:/2021.2.10f1/Editor/Data/PlaybackEngines/WindowsStandaloneSupport/UnityEditor.WindowsStandalone.Extensions.dll
Registered in 0.003622 seconds.
Native extension for WindowsStandalone target not found
Refreshing native plugins compatible for Editor in 90.67 ms, found 6 plugins.
Preloading 0 native plugins for Editor in 0.00 ms.
Mono: successfully reloaded assembly
- Completed reload, in  0.561 seconds
Domain Reload Profiling:
	ReloadAssembly (562ms)
		BeginReloadAssembly (66ms)
			ExecutionOrderSort (0ms)
			DisableScriptedObjects (0ms)
			BackupInstance (0ms)
			ReleaseScriptingObjects (0ms)
			CreateAndSetChildDomain (1ms)
		EndReloadAssembly (425ms)
			LoadAssemblies (64ms)
			RebuildTransferFunctionScriptingTraits (0ms)
			SetupTypeCache (88ms)
			ReleaseScriptCaches (0ms)
			RebuildScriptCaches (28ms)
			SetupLoadedEditorAssemblies (259ms)
				LogAssemblyErrors (0ms)
				InitializePlatformSupportModulesInManaged (14ms)
				SetLoadedEditorAssemblies (0ms)
				RefreshPlugins (91ms)
				BeforeProcessingInitializeOnLoad (1ms)
				ProcessInitializeOnLoadAttributes (115ms)
				ProcessInitializeOnLoadMethodAttributes (38ms)
				AfterProcessingInitializeOnLoad (0ms)
				EditorAssembliesLoaded (0ms)
			ExecutionOrderSort2 (0ms)
			AwakeInstancesAfterBackupRestoration (0ms)
Platform modules already initialized, skipping
Registering precompiled user dll's ...
Registered in 0.005250 seconds.
Begin MonoManager ReloadAssembly
Native extension for WindowsStandalone target not found
Refreshing native plugins compatible for Editor in 91.91 ms, found 6 plugins.
Preloading 0 native plugins for Editor in 0.00 ms.
Package Manager log level set to [2]
Mono: successfully reloaded assembly
- Completed reload, in  3.509 seconds
Domain Reload Profiling:
	ReloadAssembly (3509ms)
		BeginReloadAssembly (107ms)
			ExecutionOrderSort (0ms)
			DisableScriptedObjects (6ms)
			BackupInstance (0ms)
			ReleaseScriptingObjects (0ms)
			CreateAndSetChildDomain (21ms)
		EndReloadAssembly (3316ms)
			LoadAssemblies (79ms)
			RebuildTransferFunctionScriptingTraits (0ms)
			SetupTypeCache (210ms)
			ReleaseScriptCaches (1ms)
			RebuildScriptCaches (73ms)
			SetupLoadedEditorAssemblies (2915ms)
				LogAssemblyErrors (0ms)
				InitializePlatformSupportModulesInManaged (10ms)
				SetLoadedEditorAssemblies (0ms)
				RefreshPlugins (92ms)
				BeforeProcessingInitializeOnLoad (105ms)
				ProcessInitializeOnLoadAttributes (2625ms)
				ProcessInitializeOnLoadMethodAttributes (76ms)
				AfterProcessingInitializeOnLoad (6ms)
				EditorAssembliesLoaded (0ms)
			ExecutionOrderSort2 (0ms)
			AwakeInstancesAfterBackupRestoration (5ms)
Platform modules already initialized, skipping
========================================================================
Worker process is ready to serve import requests
Shader 'Custom/RainShader': fallback shader 'Particles/Alpha Blended' not found
Launched and connected shader compiler UnityShaderCompiler.exe after 0.08 seconds
Refreshing native plugins compatible for Editor in 1.45 ms, found 6 plugins.
Preloading 0 native plugins for Editor in 0.00 ms.
Unloading 4519 Unused Serialized files (Serialized files now loaded: 0)
Unloading 82 unused Assets / (402.3 KB). Loaded Objects now: 5073.
Memory consumption went from 215.0 MB to 214.7 MB.
Total: 4.613900 ms (FindLiveObjects: 0.487800 ms CreateObjectMapping: 0.144400 ms MarkObjects: 3.860600 ms  DeleteObjects: 0.120200 ms)

AssetImportParameters requested are different than current active one (requested -> active):
  custom:video-decoder-ogg-theora: a1e56fd34408186e4bbccfd4996cb3dc -> 
  custom:container-muxer-webm: aa71ff27fc2769a1b78a27578f13a17b -> 
  custom:container-demuxer-webm: 4f35f7cbe854078d1ac9338744f61a02 -> 
  custom:video-encoder-webm-vp8: eb34c28f22e8b96e1ab97ce403110664 -> 
  custom:audio-encoder-webm-vorbis: bf7c407c2cedff20999df2af8eb42d56 -> 
  custom:framework-win-MediaFoundation: 216162199b28c13a410421893ffa2e32 -> 
  custom:container-demuxer-ogg: 62fdf1f143b41e24485cea50d1cbac27 -> 
  custom:video-decoder-webm-vp8: 9c59270c3fd7afecdb556c50c9e8de78 -> 
  custom:audio-decoder-ogg-vorbis: bf7c407c2cedff20999df2af8eb42d56 -> 
========================================================================
Received Import Request.
  Time since last request: 39609.951622 seconds.
  path: Assets/Optimised Textures/Basketball/Basketball-mat0.mat
  artifactKey: Guid(ef0a1449dc6641a4194419add39db1f9) Importer(815301076,1909f56bfc062723c751e8b465ee728b)
Start importing Assets/Optimised Textures/Basketball/Basketball-mat0.mat using Guid(ef0a1449dc6641a4194419add39db1f9) Importer(815301076,1909f56bfc062723c751e8b465ee728b)  -> (artifact id: '54595dc7686057521184a45caf767f76') in 3.233828 seconds 
========================================================================
Received Import Request.
  Time since last request: 0.000032 seconds.
  path: Assets/Materials/Basket ball textures/Bada piller.mat
  artifactKey: Guid(56f4646276da70649b02b41adbc569d4) Importer(815301076,1909f56bfc062723c751e8b465ee728b)
Start importing Assets/Materials/Basket ball textures/Bada piller.mat using Guid(56f4646276da70649b02b41adbc569d4) Importer(815301076,1909f56bfc062723c751e8b465ee728b)  -> (artifact id: 'f16b741703393851f81b497f2b522c33') in 0.237657 seconds 
========================================================================
Received Import Request.
  Time since last request: 0.000030 seconds.
  path: Assets/Materials/Basket ball textures/Railings.mat
  artifactKey: Guid(cd5c1766e7a167840a85bbdb1980510f) Importer(815301076,1909f56bfc062723c751e8b465ee728b)
Start importing Assets/Materials/Basket ball textures/Railings.mat using Guid(cd5c1766e7a167840a85bbdb1980510f) Importer(815301076,1909f56bfc062723c751e8b465ee728b)  -> (artifact id: '9863bf36a51d561a251a73e96e4adf8d') in 0.047934 seconds 
========================================================================
Received Import Request.
  Time since last request: 0.000034 seconds.
  path: Assets/Materials/Basket ball textures/Board Support.mat
  artifactKey: Guid(a4f3b597ac626bf4a806af82a83bb75a) Importer(815301076,1909f56bfc062723c751e8b465ee728b)
Start importing Assets/Materials/Basket ball textures/Board Support.mat using Guid(a4f3b597ac626bf4a806af82a83bb75a) Importer(815301076,1909f56bfc062723c751e8b465ee728b)  -> (artifact id: '9e5882e16bd471be41b50669aea536c4') in 0.081484 seconds 
========================================================================
Received Import Request.
  Time since last request: 0.000041 seconds.
  path: Assets/Materials/Basket ball textures/Floor Storage.mat
  artifactKey: Guid(55d4876d403eac448b1a9bdc17d56f4f) Importer(815301076,1909f56bfc062723c751e8b465ee728b)
Start importing Assets/Materials/Basket ball textures/Floor Storage.mat using Guid(55d4876d403eac448b1a9bdc17d56f4f) Importer(815301076,1909f56bfc062723c751e8b465ee728b)  -> (artifact id: '6d40eacab5338c98d755b67800f50840') in 0.348444 seconds 
========================================================================
Received Import Request.
  Time since last request: 0.000034 seconds.
  path: Assets/Materials/Basket ball textures/Stairs.mat
  artifactKey: Guid(d9818d2ecba042b43891c7dfd404180d) Importer(815301076,1909f56bfc062723c751e8b465ee728b)
Start importing Assets/Materials/Basket ball textures/Stairs.mat using Guid(d9818d2ecba042b43891c7dfd404180d) Importer(815301076,1909f56bfc062723c751e8b465ee728b)  -> (artifact id: '452bdcc09ddc6357e86009b054339d8f') in 0.243669 seconds 
========================================================================
Received Import Request.
  Time since last request: 0.000030 seconds.
  path: Assets/Materials/Basket ball textures/Ring Glass.mat
  artifactKey: Guid(90a728aa4589fe34bb44ca1a1ef02bbe) Importer(815301076,1909f56bfc062723c751e8b465ee728b)
Start importing Assets/Materials/Basket ball textures/Ring Glass.mat using Guid(90a728aa4589fe34bb44ca1a1ef02bbe) Importer(815301076,1909f56bfc062723c751e8b465ee728b)  -> (artifact id: '84bfe7c0fd76b774953ae7fce762cbda') in 0.198834 seconds 
========================================================================
Received Import Request.
  Time since last request: 0.000028 seconds.
  path: Assets/Materials/Basket ball textures/Basketball Ring.mat
  artifactKey: Guid(7e998cb2883233742a61aee8abbc6d97) Importer(815301076,1909f56bfc062723c751e8b465ee728b)
Start importing Assets/Materials/Basket ball textures/Basketball Ring.mat using Guid(7e998cb2883233742a61aee8abbc6d97) Importer(815301076,1909f56bfc062723c751e8b465ee728b)  -> (artifact id: '37d90b2d5a54a9e86f6c3887a385c442') in 0.075355 seconds 
========================================================================
Received Import Request.
  Time since last request: 0.000029 seconds.
  path: Assets/Materials/Basket ball textures/Net.mat
  artifactKey: Guid(8d6a474f69fbed94eb2d8d891c82c331) Importer(815301076,1909f56bfc062723c751e8b465ee728b)
Start importing Assets/Materials/Basket ball textures/Net.mat using Guid(8d6a474f69fbed94eb2d8d891c82c331) Importer(815301076,1909f56bfc062723c751e8b465ee728b)  -> (artifact id: '8a53e95287c069d49d92305a33401082') in 0.112100 seconds 
========================================================================
Received Import Request.
  Time since last request: 0.000023 seconds.
  path: Assets/Materials/Basket ball textures/Basketball Board.mat
  artifactKey: Guid(259420bd5db089c4cb60a88ec1723a86) Importer(815301076,1909f56bfc062723c751e8b465ee728b)
Start importing Assets/Materials/Basket ball textures/Basketball Board.mat using Guid(259420bd5db089c4cb60a88ec1723a86) Importer(815301076,1909f56bfc062723c751e8b465ee728b)  -> (artifact id: '79bcc07093e41012158d63d98130fbd1') in 0.017024 seconds 
========================================================================
Received Import Request.
  Time since last request: 0.000026 seconds.
  path: Assets/Materials/Basket ball textures/Roof.mat
  artifactKey: Guid(8cb94c29115fd9349b16a350f571903e) Importer(815301076,1909f56bfc062723c751e8b465ee728b)
Start importing Assets/Materials/Basket ball textures/Roof.mat using Guid(8cb94c29115fd9349b16a350f571903e) Importer(815301076,1909f56bfc062723c751e8b465ee728b)  -> (artifact id: 'a1e5075e38cc4b5e894eeecaf2bddefd') in 0.427379 seconds 
========================================================================
Received Import Request.
  Time since last request: 0.000033 seconds.
  path: Assets/Materials/Basket ball textures/New Material 2.mat
  artifactKey: Guid(10179be33760bcf40bf716a5c8317519) Importer(815301076,1909f56bfc062723c751e8b465ee728b)
Start importing Assets/Materials/Basket ball textures/New Material 2.mat using Guid(10179be33760bcf40bf716a5c8317519) Importer(815301076,1909f56bfc062723c751e8b465ee728b)  -> (artifact id: 'ad805e86a5f70143e9c641faa3b542bf') in 0.246238 seconds 
========================================================================
Received Import Request.
  Time since last request: 0.000028 seconds.
  path: Assets/Materials/Basket ball textures/Basketball phy.physicMaterial
  artifactKey: Guid(0a7112dab4c36e847b0c861a5c79ddb9) Importer(815301076,1909f56bfc062723c751e8b465ee728b)
Start importing Assets/Materials/Basket ball textures/Basketball phy.physicMaterial using Guid(0a7112dab4c36e847b0c861a5c79ddb9) Importer(815301076,1909f56bfc062723c751e8b465ee728b)  -> (artifact id: '7943797619432ed004efb0a5edf1ad54') in 0.007151 seconds 
========================================================================
Received Import Request.
  Time since last request: 124.430161 seconds.
  path: Assets/Materials/Basket ball textures/Net.mat
  artifactKey: Guid(8d6a474f69fbed94eb2d8d891c82c331) Importer(815301076,1909f56bfc062723c751e8b465ee728b)
Start importing Assets/Materials/Basket ball textures/Net.mat using Guid(8d6a474f69fbed94eb2d8d891c82c331) Importer(815301076,1909f56bfc062723c751e8b465ee728b)  -> (artifact id: 'ada6b56340f8ef025d848a6510d9ed28') in 0.015932 seconds 
