Using pre-set license
Built from '2021.2/staging' branch; Version is '2021.2.10f1 (ee872746220e) revision 15632167'; Using compiler version '192829333'; Build Type 'Release'
OS: 'Windows 10  (10.0.19044) 64bit Professional' Language: 'en' Physical Memory: 8152 MB
BatchMode: 1, IsHumanControllingUs: 0, StartBugReporterOnCrash: 0, Is64bit: 1, IsPro: 0

COMMAND LINE ARGUMENTS:
C:\Program Files\Unity\Hub\Editor\2021.2.10f1\Editor\Unity.exe
-adb2
-batchMode
-noUpm
-name
AssetImportWorker1
-projectPath
D:/Unity Projects/Lone wolf Projects/Side-Project-1
-logFile
Logs/AssetImportWorker1.log
-srvPort
52150
Successfully changed project path to: D:/Unity Projects/Lone wolf Projects/Side-Project-1
D:/Unity Projects/Lone wolf Projects/Side-Project-1
[UnityMemory] Configuration Parameters - Can be set up in boot.config
    "memorysetup-bucket-allocator-granularity=16"
    "memorysetup-bucket-allocator-bucket-count=8"
    "memorysetup-bucket-allocator-block-size=33554432"
    "memorysetup-bucket-allocator-block-count=8"
    "memorysetup-main-allocator-block-size=16777216"
    "memorysetup-thread-allocator-block-size=16777216"
    "memorysetup-gfx-main-allocator-block-size=16777216"
    "memorysetup-gfx-thread-allocator-block-size=16777216"
    "memorysetup-cache-allocator-block-size=4194304"
    "memorysetup-typetree-allocator-block-size=2097152"
    "memorysetup-profiler-bucket-allocator-granularity=16"
    "memorysetup-profiler-bucket-allocator-bucket-count=8"
    "memorysetup-profiler-bucket-allocator-block-size=33554432"
    "memorysetup-profiler-bucket-allocator-block-count=8"
    "memorysetup-profiler-allocator-block-size=16777216"
    "memorysetup-profiler-editor-allocator-block-size=1048576"
    "memorysetup-temp-allocator-size-main=16777216"
    "memorysetup-job-temp-allocator-block-size=2097152"
    "memorysetup-job-temp-allocator-block-size-background=1048576"
    "memorysetup-job-temp-allocator-reduction-small-platforms=262144"
    "memorysetup-temp-allocator-size-background-worker=32768"
    "memorysetup-temp-allocator-size-job-worker=262144"
    "memorysetup-temp-allocator-size-preload-manager=33554432"
    "memorysetup-temp-allocator-size-nav-mesh-worker=65536"
    "memorysetup-temp-allocator-size-audio-worker=65536"
    "memorysetup-temp-allocator-size-cloud-worker=32768"
    "memorysetup-temp-allocator-size-gi-baking-worker=262144"
    "memorysetup-temp-allocator-size-gfx=262144"
Refreshing native plugins compatible for Editor in 115.17 ms, found 4 plugins.
Preloading 0 native plugins for Editor in 0.00 ms.
Initialize engine version: 2021.2.10f1 (ee872746220e)
[Subsystems] Discovering subsystems at path C:/Program Files/Unity/Hub/Editor/2021.2.10f1/Editor/Data/Resources/UnitySubsystems
[Subsystems] Discovering subsystems at path D:/Unity Projects/Lone wolf Projects/Side-Project-1/Assets
GfxDevice: creating device client; threaded=0; jobified=0
Direct3D:
    Version:  Direct3D 11.0 [level 11.1]
    Renderer: NVIDIA GeForce GTX 1050 Ti (ID=0x1c82)
    Vendor:   NVIDIA
    VRAM:     4018 MB
    Driver:   30.0.15.1179
Shader 'Custom/RainShader': fallback shader 'Particles/Alpha Blended' not found
Initialize mono
Mono path[0] = 'C:/Program Files/Unity/Hub/Editor/2021.2.10f1/Editor/Data/Managed'
Mono path[1] = 'C:/Program Files/Unity/Hub/Editor/2021.2.10f1/Editor/Data/MonoBleedingEdge/lib/mono/unityjit-win32'
Mono config path = 'C:/Program Files/Unity/Hub/Editor/2021.2.10f1/Editor/Data/MonoBleedingEdge/etc'
Using monoOptions --debugger-agent=transport=dt_socket,embedding=1,server=y,suspend=n,address=127.0.0.1:56432
Begin MonoManager ReloadAssembly
Registering precompiled unity dll's ...
Register platform support module: C:/Program Files/Unity/Hub/Editor/2021.2.10f1/Editor/Data/PlaybackEngines/WindowsStandaloneSupport/UnityEditor.WindowsStandalone.Extensions.dll
Registered in 0.007734 seconds.
Native extension for WindowsStandalone target not found
Refreshing native plugins compatible for Editor in 95.53 ms, found 4 plugins.
Preloading 0 native plugins for Editor in 0.00 ms.
Mono: successfully reloaded assembly
- Completed reload, in  0.704 seconds
Domain Reload Profiling:
	ReloadAssembly (705ms)
		BeginReloadAssembly (82ms)
			ExecutionOrderSort (0ms)
			DisableScriptedObjects (0ms)
			BackupInstance (0ms)
			ReleaseScriptingObjects (0ms)
			CreateAndSetChildDomain (1ms)
		EndReloadAssembly (533ms)
			LoadAssemblies (80ms)
			RebuildTransferFunctionScriptingTraits (0ms)
			SetupTypeCache (116ms)
			ReleaseScriptCaches (0ms)
			RebuildScriptCaches (33ms)
			SetupLoadedEditorAssemblies (320ms)
				LogAssemblyErrors (0ms)
				InitializePlatformSupportModulesInManaged (18ms)
				SetLoadedEditorAssemblies (0ms)
				RefreshPlugins (96ms)
				BeforeProcessingInitializeOnLoad (1ms)
				ProcessInitializeOnLoadAttributes (151ms)
				ProcessInitializeOnLoadMethodAttributes (54ms)
				AfterProcessingInitializeOnLoad (0ms)
				EditorAssembliesLoaded (0ms)
			ExecutionOrderSort2 (0ms)
			AwakeInstancesAfterBackupRestoration (0ms)
Platform modules already initialized, skipping
Registering precompiled user dll's ...
Registered in 0.006961 seconds.
Begin MonoManager ReloadAssembly
Native extension for WindowsStandalone target not found
Refreshing native plugins compatible for Editor in 105.53 ms, found 4 plugins.
Preloading 0 native plugins for Editor in 0.00 ms.
Package Manager log level set to [2]
Mono: successfully reloaded assembly
- Completed reload, in  9.252 seconds
Domain Reload Profiling:
	ReloadAssembly (9253ms)
		BeginReloadAssembly (122ms)
			ExecutionOrderSort (0ms)
			DisableScriptedObjects (6ms)
			BackupInstance (0ms)
			ReleaseScriptingObjects (0ms)
			CreateAndSetChildDomain (21ms)
		EndReloadAssembly (8924ms)
			LoadAssemblies (4843ms)
			RebuildTransferFunctionScriptingTraits (0ms)
			SetupTypeCache (767ms)
			ReleaseScriptCaches (1ms)
			RebuildScriptCaches (80ms)
			SetupLoadedEditorAssemblies (3181ms)
				LogAssemblyErrors (0ms)
				InitializePlatformSupportModulesInManaged (13ms)
				SetLoadedEditorAssemblies (0ms)
				RefreshPlugins (106ms)
				BeforeProcessingInitializeOnLoad (108ms)
				ProcessInitializeOnLoadAttributes (1844ms)
				ProcessInitializeOnLoadMethodAttributes (1101ms)
				AfterProcessingInitializeOnLoad (9ms)
				EditorAssembliesLoaded (0ms)
			ExecutionOrderSort2 (0ms)
			AwakeInstancesAfterBackupRestoration (8ms)
Platform modules already initialized, skipping
========================================================================
Worker process is ready to serve import requests
Shader 'Custom/RainShader': fallback shader 'Particles/Alpha Blended' not found
Launched and connected shader compiler UnityShaderCompiler.exe after 0.45 seconds
Refreshing native plugins compatible for Editor in 1.33 ms, found 4 plugins.
Preloading 0 native plugins for Editor in 0.00 ms.
Unloading 4378 Unused Serialized files (Serialized files now loaded: 0)
Unloading 80 unused Assets / (427.2 KB). Loaded Objects now: 4933.
Memory consumption went from 205.5 MB to 205.1 MB.
Total: 4.800700 ms (FindLiveObjects: 0.406800 ms CreateObjectMapping: 0.290600 ms MarkObjects: 3.855400 ms  DeleteObjects: 0.246800 ms)

AssetImportParameters requested are different than current active one (requested -> active):
  custom:video-decoder-ogg-theora: a1e56fd34408186e4bbccfd4996cb3dc -> 
  custom:container-muxer-webm: aa71ff27fc2769a1b78a27578f13a17b -> 
  custom:container-demuxer-webm: 4f35f7cbe854078d1ac9338744f61a02 -> 
  custom:video-encoder-webm-vp8: eb34c28f22e8b96e1ab97ce403110664 -> 
  custom:audio-encoder-webm-vorbis: bf7c407c2cedff20999df2af8eb42d56 -> 
  custom:framework-win-MediaFoundation: 216162199b28c13a410421893ffa2e32 -> 
  custom:container-demuxer-ogg: 62fdf1f143b41e24485cea50d1cbac27 -> 
  custom:video-decoder-webm-vp8: 9c59270c3fd7afecdb556c50c9e8de78 -> 
  custom:audio-decoder-ogg-vorbis: bf7c407c2cedff20999df2af8eb42d56 -> 
========================================================================
Received Import Request.
  Time since last request: 267337.926150 seconds.
  path: Assets/Scenes/Main Scene/Main Scene.unity
  artifactKey: Guid(e11e4af2d06334a41a2ecb7414cd9ca9) Importer(815301076,1909f56bfc062723c751e8b465ee728b)
Start importing Assets/Scenes/Main Scene/Main Scene.unity using Guid(e11e4af2d06334a41a2ecb7414cd9ca9) Importer(815301076,1909f56bfc062723c751e8b465ee728b)  -> (artifact id: 'c2ecdcadb7bfc0e3253732d09853b56b') in 0.024459 seconds 
========================================================================
Received Import Request.
  Time since last request: 0.000023 seconds.
  path: Assets/tree_low.fbx
  artifactKey: Guid(ec7be8aa64d77434fa1227e6e0049902) Importer(815301076,1909f56bfc062723c751e8b465ee728b)
Start importing Assets/tree_low.fbx using Guid(ec7be8aa64d77434fa1227e6e0049902) Importer(815301076,1909f56bfc062723c751e8b465ee728b)  -> (artifact id: '4563d58d6560e4a13af07589516e3a26') in 0.598914 seconds 
========================================================================
Received Import Request.
  Time since last request: 311.549060 seconds.
  path: Assets/prefab/Fog Dusri wali .prefab
  artifactKey: Guid(461919308afb28148bfab0e51da95d14) Importer(815301076,1909f56bfc062723c751e8b465ee728b)
Start importing Assets/prefab/Fog Dusri wali .prefab using Guid(461919308afb28148bfab0e51da95d14) Importer(815301076,1909f56bfc062723c751e8b465ee728b)  -> (artifact id: '073462ae4a171797a8c043f088088422') in 0.458077 seconds 
========================================================================
Received Import Request.
  Time since last request: 0.000062 seconds.
  path: Assets/prefab/Fog.prefab
  artifactKey: Guid(4f4ee10512f7a464890718df408e1c58) Importer(815301076,1909f56bfc062723c751e8b465ee728b)
Start importing Assets/prefab/Fog.prefab using Guid(4f4ee10512f7a464890718df408e1c58) Importer(815301076,1909f56bfc062723c751e8b465ee728b)  -> (artifact id: '01cc6a1d16ce65fc62a8659d78610372') in 0.039677 seconds 
========================================================================
Received Import Request.
  Time since last request: 0.000052 seconds.
  path: Assets/prefab/thor ka hatoda.prefab
  artifactKey: Guid(0a99c69be7b3be44ebde0657bb25a68f) Importer(815301076,1909f56bfc062723c751e8b465ee728b)
Start importing Assets/prefab/thor ka hatoda.prefab using Guid(0a99c69be7b3be44ebde0657bb25a68f) Importer(815301076,1909f56bfc062723c751e8b465ee728b)  -> (artifact id: '40b32794a18e433c02ee472ede9593f2') in 0.197371 seconds 
========================================================================
Received Import Request.
  Time since last request: 0.000042 seconds.
  path: Assets/prefab/Note_Torn_Page 1.prefab
  artifactKey: Guid(1908a33deebf54742a64adb22e9e1532) Importer(815301076,1909f56bfc062723c751e8b465ee728b)
Start importing Assets/prefab/Note_Torn_Page 1.prefab using Guid(1908a33deebf54742a64adb22e9e1532) Importer(815301076,1909f56bfc062723c751e8b465ee728b)  -> (artifact id: '3dc80425b2c8ac91414c12ab54c55dd9') in 0.059493 seconds 
========================================================================
Received Import Request.
  Time since last request: 0.000028 seconds.
  path: Assets/prefab/Menu_canvas.prefab
  artifactKey: Guid(0f9394cdcfb16fd4b905302c9522bc87) Importer(815301076,1909f56bfc062723c751e8b465ee728b)
Start importing Assets/prefab/Menu_canvas.prefab using Guid(0f9394cdcfb16fd4b905302c9522bc87) Importer(815301076,1909f56bfc062723c751e8b465ee728b)  -> (artifact id: 'cd89486ddb5333eda615535a1331ef98') in 0.213888 seconds 
========================================================================
Received Import Request.
  Time since last request: 0.000074 seconds.
  path: Assets/prefab/Ring_Box.prefab
  artifactKey: Guid(91c7f0f2831e95d49b2c59789cf41a16) Importer(815301076,1909f56bfc062723c751e8b465ee728b)
Start importing Assets/prefab/Ring_Box.prefab using Guid(91c7f0f2831e95d49b2c59789cf41a16) Importer(815301076,1909f56bfc062723c751e8b465ee728b)  -> (artifact id: 'ab992e0c52240a295610166f93b4f93c') in 1.653854 seconds 
========================================================================
Received Import Request.
  Time since last request: 0.000034 seconds.
  path: Assets/prefab/Hiding.prefab
  artifactKey: Guid(f419ae426bb0df341b6f725c6e9aca42) Importer(815301076,1909f56bfc062723c751e8b465ee728b)
Start importing Assets/prefab/Hiding.prefab using Guid(f419ae426bb0df341b6f725c6e9aca42) Importer(815301076,1909f56bfc062723c751e8b465ee728b)  -> (artifact id: 'fa4cf603b407ac9b5bbb6184c8c756af') in 0.060505 seconds 
========================================================================
Received Import Request.
  Time since last request: 8.617295 seconds.
  path: Assets/prefab/tree_low (1).prefab
  artifactKey: Guid(22434483908b8f445880b9beb5bd8186) Importer(815301076,1909f56bfc062723c751e8b465ee728b)
Start importing Assets/prefab/tree_low (1).prefab using Guid(22434483908b8f445880b9beb5bd8186) Importer(815301076,1909f56bfc062723c751e8b465ee728b)  -> (artifact id: '234643fdddfb2dd5919691e94eb306b1') in 0.043183 seconds 
========================================================================
Received Import Request.
  Time since last request: 6.177272 seconds.
  path: Assets/prefab/tree_low.prefab
  artifactKey: Guid(22434483908b8f445880b9beb5bd8186) Importer(815301076,1909f56bfc062723c751e8b465ee728b)
Start importing Assets/prefab/tree_low.prefab using Guid(22434483908b8f445880b9beb5bd8186) Importer(815301076,1909f56bfc062723c751e8b465ee728b)  -> (artifact id: '570ee4edbda1f299d5edefe4b1f3b9b6') in 0.043118 seconds 
========================================================================
Received Import Request.
  Time since last request: 26.852090 seconds.
  path: Assets/prefab/tree_low.prefab
  artifactKey: Guid(22434483908b8f445880b9beb5bd8186) Importer(815301076,1909f56bfc062723c751e8b465ee728b)
Start importing Assets/prefab/tree_low.prefab using Guid(22434483908b8f445880b9beb5bd8186) Importer(815301076,1909f56bfc062723c751e8b465ee728b)  -> (artifact id: '3c423de5012794e8ffae5fccbe16b869') in 0.019643 seconds 
========================================================================
Received Import Request.
  Time since last request: 5.624479 seconds.
  path: Assets/prefab/tree_low.prefab
  artifactKey: Guid(22434483908b8f445880b9beb5bd8186) Importer(815301076,1909f56bfc062723c751e8b465ee728b)
Start importing Assets/prefab/tree_low.prefab using Guid(22434483908b8f445880b9beb5bd8186) Importer(815301076,1909f56bfc062723c751e8b465ee728b)  -> (artifact id: 'f9af46ef331d2bb6ff0e18bc714a18a3') in 0.028775 seconds 
========================================================================
Received Import Request.
  Time since last request: 4.036614 seconds.
  path: Assets/prefab/tree_low.prefab
  artifactKey: Guid(22434483908b8f445880b9beb5bd8186) Importer(815301076,1909f56bfc062723c751e8b465ee728b)
Start importing Assets/prefab/tree_low.prefab using Guid(22434483908b8f445880b9beb5bd8186) Importer(815301076,1909f56bfc062723c751e8b465ee728b)  -> (artifact id: 'b988beb5f32b8963534353c2a1a2590b') in 0.019217 seconds 
========================================================================
Received Import Request.
  Time since last request: 2.495636 seconds.
  path: Assets/prefab/tree_low.prefab
  artifactKey: Guid(22434483908b8f445880b9beb5bd8186) Importer(815301076,1909f56bfc062723c751e8b465ee728b)
Start importing Assets/prefab/tree_low.prefab using Guid(22434483908b8f445880b9beb5bd8186) Importer(815301076,1909f56bfc062723c751e8b465ee728b)  -> (artifact id: '6a695c95d1380207dfd46d879c623a34') in 0.037536 seconds 
========================================================================
Received Import Request.
  Time since last request: 3.800373 seconds.
  path: Assets/prefab/tree_low.prefab
  artifactKey: Guid(22434483908b8f445880b9beb5bd8186) Importer(815301076,1909f56bfc062723c751e8b465ee728b)
Start importing Assets/prefab/tree_low.prefab using Guid(22434483908b8f445880b9beb5bd8186) Importer(815301076,1909f56bfc062723c751e8b465ee728b)  -> (artifact id: '7df443dc04248417052fb8a437b4b22d') in 0.018791 seconds 
========================================================================
Received Import Request.
  Time since last request: 2.654168 seconds.
  path: Assets/prefab/tree_low.prefab
  artifactKey: Guid(22434483908b8f445880b9beb5bd8186) Importer(815301076,1909f56bfc062723c751e8b465ee728b)
Start importing Assets/prefab/tree_low.prefab using Guid(22434483908b8f445880b9beb5bd8186) Importer(815301076,1909f56bfc062723c751e8b465ee728b)  -> (artifact id: 'e2cb21c36850eb291bdfb832ed0f0e2b') in 0.019674 seconds 
========================================================================
Received Prepare
Registering precompiled user dll's ...
Registered in 0.007658 seconds.
Begin MonoManager ReloadAssembly
Native extension for WindowsStandalone target not found
Refreshing native plugins compatible for Editor in 1.31 ms, found 4 plugins.
Preloading 0 native plugins for Editor in 0.00 ms.
Mono: successfully reloaded assembly
- Completed reload, in  1.865 seconds
Domain Reload Profiling:
	ReloadAssembly (1866ms)
		BeginReloadAssembly (244ms)
			ExecutionOrderSort (0ms)
			DisableScriptedObjects (11ms)
			BackupInstance (0ms)
			ReleaseScriptingObjects (0ms)
			CreateAndSetChildDomain (57ms)
		EndReloadAssembly (1499ms)
			LoadAssemblies (173ms)
			RebuildTransferFunctionScriptingTraits (0ms)
			SetupTypeCache (327ms)
			ReleaseScriptCaches (3ms)
			RebuildScriptCaches (119ms)
			SetupLoadedEditorAssemblies (859ms)
				LogAssemblyErrors (0ms)
				InitializePlatformSupportModulesInManaged (12ms)
				SetLoadedEditorAssemblies (1ms)
				RefreshPlugins (1ms)
				BeforeProcessingInitializeOnLoad (110ms)
				ProcessInitializeOnLoadAttributes (635ms)
				ProcessInitializeOnLoadMethodAttributes (90ms)
				AfterProcessingInitializeOnLoad (10ms)
				EditorAssembliesLoaded (0ms)
			ExecutionOrderSort2 (0ms)
			AwakeInstancesAfterBackupRestoration (22ms)
Platform modules already initialized, skipping
Switching build target platform(19) subTarget(0) extendedPlatform(0) -> platform(21) subTarget(0) extendedPlatform(0)
Shader 'Custom/RainShader': fallback shader 'Particles/Alpha Blended' not found
Refreshing native plugins compatible for Editor in 1.42 ms, found 4 plugins.
Preloading 0 native plugins for Editor in 0.00 ms.
Unloading 4198 Unused Serialized files (Serialized files now loaded: 0)
Unloading 77 unused Assets / (393.4 KB). Loaded Objects now: 5033.
Memory consumption went from 204.6 MB to 204.3 MB.
Total: 5.186800 ms (FindLiveObjects: 0.512400 ms CreateObjectMapping: 0.493600 ms MarkObjects: 4.077100 ms  DeleteObjects: 0.101900 ms)

AssetImportParameters requested are different than current active one (requested -> active):
  custom:video-decoder-ogg-theora: a1e56fd34408186e4bbccfd4996cb3dc -> 
  custom:container-muxer-webm: aa71ff27fc2769a1b78a27578f13a17b -> 
  custom:container-demuxer-webm: 4f35f7cbe854078d1ac9338744f61a02 -> 
  custom:video-encoder-webm-vp8: eb34c28f22e8b96e1ab97ce403110664 -> 
  custom:audio-encoder-webm-vorbis: bf7c407c2cedff20999df2af8eb42d56 -> 
  custom:framework-win-MediaFoundation: 216162199b28c13a410421893ffa2e32 -> 
  custom:container-demuxer-ogg: 62fdf1f143b41e24485cea50d1cbac27 -> 
  custom:video-decoder-webm-vp8: 9c59270c3fd7afecdb556c50c9e8de78 -> 
  custom:audio-decoder-ogg-vorbis: bf7c407c2cedff20999df2af8eb42d56 -> 
========================================================================
Received Import Request.
  Time since last request: 1837.427116 seconds.
  path: Assets/Audios/Environment/thunder.wav
  artifactKey: Guid(42640e06d25956a47b1eabf4ad0fd960) Importer(815301076,1909f56bfc062723c751e8b465ee728b)
Start importing Assets/Audios/Environment/thunder.wav using Guid(42640e06d25956a47b1eabf4ad0fd960) Importer(815301076,1909f56bfc062723c751e8b465ee728b)  -> (artifact id: '9c2955b294da0670a378761bd8f30746') in 0.143257 seconds 
========================================================================
Received Import Request.
  Time since last request: 3.313031 seconds.
  path: Assets/Animations/TimeLine anims/cut 3/thunder.anim
  artifactKey: Guid(c011ff22c16b67541a02112de7a0117c) Importer(815301076,1909f56bfc062723c751e8b465ee728b)
Start importing Assets/Animations/TimeLine anims/cut 3/thunder.anim using Guid(c011ff22c16b67541a02112de7a0117c) Importer(815301076,1909f56bfc062723c751e8b465ee728b)  -> (artifact id: '6890c6c2c73c90774b6e331cf7b75101') in 0.005808 seconds 
========================================================================
Received Import Request.
  Time since last request: 201.201508 seconds.
  path: Assets/Animations/Menu Anims/thunder.anim
  artifactKey: Guid(a87f4d3939d6978449544807598c8554) Importer(815301076,1909f56bfc062723c751e8b465ee728b)
Start importing Assets/Animations/Menu Anims/thunder.anim using Guid(a87f4d3939d6978449544807598c8554) Importer(815301076,1909f56bfc062723c751e8b465ee728b)  -> (artifact id: '74ef5a8273320719b9cda6784a08f389') in 0.004048 seconds 
========================================================================
Received Import Request.
  Time since last request: 242.229065 seconds.
  path: Assets/prefab/tree_low.prefab
  artifactKey: Guid(22434483908b8f445880b9beb5bd8186) Importer(815301076,1909f56bfc062723c751e8b465ee728b)
Start importing Assets/prefab/tree_low.prefab using Guid(22434483908b8f445880b9beb5bd8186) Importer(815301076,1909f56bfc062723c751e8b465ee728b)  -> (artifact id: '51ce42272738682df2be07bde917564c') in 0.384470 seconds 
========================================================================
Received Import Request.
  Time since last request: 758.017536 seconds.
  path: Assets/tree_low.fbx
  artifactKey: Guid(ec7be8aa64d77434fa1227e6e0049902) Importer(815301076,1909f56bfc062723c751e8b465ee728b)
Start importing Assets/tree_low.fbx using Guid(ec7be8aa64d77434fa1227e6e0049902) Importer(815301076,1909f56bfc062723c751e8b465ee728b)  -> (artifact id: '6e6b758aad4106d695cac8465c3410d4') in 0.073117 seconds 
========================================================================
Received Import Request.
  Time since last request: 9.588955 seconds.
  path: Assets/Best Sports CARS - Pro 3D Models/Vehicle/SportCar20/Prefabs/SportCar20_Driver_EU.prefab
  artifactKey: Guid(6f39632663e189a43ba1dba6a3232eea) Importer(815301076,1909f56bfc062723c751e8b465ee728b)
Start importing Assets/Best Sports CARS - Pro 3D Models/Vehicle/SportCar20/Prefabs/SportCar20_Driver_EU.prefab using Guid(6f39632663e189a43ba1dba6a3232eea) Importer(815301076,1909f56bfc062723c751e8b465ee728b)  -> (artifact id: 'fc6dac680fcd8086cd432d61418cd804') in 0.667079 seconds 
========================================================================
Received Import Request.
  Time since last request: 0.000044 seconds.
  path: Assets/Best Sports CARS - Pro 3D Models/Vehicle/SportCar20/Prefabs/SportCar20_Static_USA.prefab
  artifactKey: Guid(37ec82ab8eba1384baadcaa1d88b7f72) Importer(815301076,1909f56bfc062723c751e8b465ee728b)
Start importing Assets/Best Sports CARS - Pro 3D Models/Vehicle/SportCar20/Prefabs/SportCar20_Static_USA.prefab using Guid(37ec82ab8eba1384baadcaa1d88b7f72) Importer(815301076,1909f56bfc062723c751e8b465ee728b)  -> (artifact id: 'b1d692f9805fc9d65b093ef8ac801b2f') in 0.389157 seconds 
========================================================================
Received Import Request.
  Time since last request: 0.000046 seconds.
  path: Assets/Best Sports CARS - Pro 3D Models/Vehicle/SportCar20/Prefabs/SportCar20_Driver_USA.prefab
  artifactKey: Guid(c3c0d86c0e789a244b1295717c5bc208) Importer(815301076,1909f56bfc062723c751e8b465ee728b)
Start importing Assets/Best Sports CARS - Pro 3D Models/Vehicle/SportCar20/Prefabs/SportCar20_Driver_USA.prefab using Guid(c3c0d86c0e789a244b1295717c5bc208) Importer(815301076,1909f56bfc062723c751e8b465ee728b)  -> (artifact id: 'aba311b68eb7cd0c3fad9ae1c948024a') in 0.109539 seconds 
========================================================================
Received Import Request.
  Time since last request: 0.000030 seconds.
  path: Assets/Best Sports CARS - Pro 3D Models/Vehicle/SportCar20/Prefabs/SportCar20_Static_EU.prefab
  artifactKey: Guid(5bb1f14131476c74a95504263bf0558f) Importer(815301076,1909f56bfc062723c751e8b465ee728b)
Start importing Assets/Best Sports CARS - Pro 3D Models/Vehicle/SportCar20/Prefabs/SportCar20_Static_EU.prefab using Guid(5bb1f14131476c74a95504263bf0558f) Importer(815301076,1909f56bfc062723c751e8b465ee728b)  -> (artifact id: 'e73ff4f977b34092927f8a141d23d2a4') in 0.088010 seconds 
========================================================================
Received Import Request.
  Time since last request: 5.709460 seconds.
  path: Assets/Best Sports CARS - Pro 3D Models/Vehicle/SportCar20/Meshes/SportCar20.FBX
  artifactKey: Guid(f119de429d72e0b4daed64783cf54fad) Importer(815301076,1909f56bfc062723c751e8b465ee728b)
Start importing Assets/Best Sports CARS - Pro 3D Models/Vehicle/SportCar20/Meshes/SportCar20.FBX using Guid(f119de429d72e0b4daed64783cf54fad) Importer(815301076,1909f56bfc062723c751e8b465ee728b)  -> (artifact id: '5fcec819b8674e06fa6711c719400d57') in 0.536879 seconds 
