Using pre-set license
Built from '2021.1/release' branch; Version is '2021.1.16f1 (5fa502fca597) revision 6268162'; Using compiler version '192528614'; Build Type 'Release'
OS: 'Windows 10 Pro; OS build 19043.1348; Version 2009; 64bit' Language: 'en' Physical Memory: 8141 MB
BatchMode: 1, IsHumanControllingUs: 0, StartBugReporterOnCrash: 0, Is64bit: 1, IsPro: 0

 COMMAND LINE ARGUMENTS:
C:\2021.1.16f1\Editor\Unity.exe
-adb2
-batchMode
-noUpm
-name
AssetImportWorker3
-projectPath
E:/Side-Project-1
-logFile
Logs/AssetImportWorker3.log
-srvPort
50664
Successfully changed project path to: E:/Side-Project-1
E:/Side-Project-1
Using Asset Import Pipeline V2.
Refreshing native plugins compatible for Editor in 96.27 ms, found 2 plugins.
Preloading 0 native plugins for Editor in 0.00 ms.
Initialize engine version: 2021.1.16f1 (5fa502fca597)
[Subsystems] Discovering subsystems at path C:/2021.1.16f1/Editor/Data/Resources/UnitySubsystems
[Subsystems] Discovering subsystems at path E:/Side-Project-1/Assets
GfxDevice: creating device client; threaded=0; jobified=0
Direct3D:
    Version:  Direct3D 11.0 [level 11.1]
    Renderer: NVIDIA GeForce GTX 1650 SUPER (ID=0x2187)
    Vendor:   NVIDIA
    VRAM:     3955 MB
    Driver:   30.0.14.7247
Shader 'Custom/RainShader': fallback shader 'Particles/Alpha Blended' not found
Initialize mono
Mono path[0] = 'C:/2021.1.16f1/Editor/Data/Managed'
Mono path[1] = 'C:/2021.1.16f1/Editor/Data/MonoBleedingEdge/lib/mono/unityjit'
Mono config path = 'C:/2021.1.16f1/Editor/Data/MonoBleedingEdge/etc'
Using monoOptions --debugger-agent=transport=dt_socket,embedding=1,server=y,suspend=n,address=127.0.0.1:56848
Begin MonoManager ReloadAssembly
Registering precompiled unity dll's ...
Register platform support module: C:/2021.1.16f1/Editor/Data/PlaybackEngines/WindowsStandaloneSupport/UnityEditor.WindowsStandalone.Extensions.dll
Registered in 0.001678 seconds.
Native extension for WindowsStandalone target not found
Refreshing native plugins compatible for Editor in 83.32 ms, found 2 plugins.
Preloading 0 native plugins for Editor in 0.00 ms.
Mono: successfully reloaded assembly
- Completed reload, in  2.060 seconds
Domain Reload Profiling:
	ReloadAssembly (2060ms)
		BeginReloadAssembly (66ms)
			ExecutionOrderSort (0ms)
			DisableScriptedObjects (0ms)
			BackupInstance (0ms)
			ReleaseScriptingObjects (0ms)
			CreateAndSetChildDomain (1ms)
		EndReloadAssembly (441ms)
			LoadAssemblies (64ms)
			RebuildTransferFunctionScriptingTraits (0ms)
			SetupTypeCache (147ms)
			ReleaseScriptCaches (0ms)
			RebuildScriptCaches (34ms)
			SetupLoadedEditorAssemblies (214ms)
				LogAssemblyErrors (0ms)
				InitializePlatformSupportModulesInManaged (6ms)
				SetLoadedEditorAssemblies (0ms)
				RefreshPlugins (83ms)
				BeforeProcessingInitializeOnLoad (1ms)
				ProcessInitializeOnLoadAttributes (92ms)
				ProcessInitializeOnLoadMethodAttributes (30ms)
				AfterProcessingInitializeOnLoad (0ms)
				EditorAssembliesLoaded (0ms)
			ExecutionOrderSort2 (0ms)
			AwakeInstancesAfterBackupRestoration (0ms)
Platform modules already initialized, skipping
Registering precompiled user dll's ...
Registered in 0.005446 seconds.
Begin MonoManager ReloadAssembly
Native extension for WindowsStandalone target not found
Refreshing native plugins compatible for Editor in 84.36 ms, found 2 plugins.
Preloading 0 native plugins for Editor in 0.00 ms.
Mono: successfully reloaded assembly
- Completed reload, in  1.308 seconds
Domain Reload Profiling:
	ReloadAssembly (1308ms)
		BeginReloadAssembly (160ms)
			ExecutionOrderSort (0ms)
			DisableScriptedObjects (5ms)
			BackupInstance (0ms)
			ReleaseScriptingObjects (0ms)
			CreateAndSetChildDomain (22ms)
		EndReloadAssembly (1091ms)
			LoadAssemblies (96ms)
			RebuildTransferFunctionScriptingTraits (0ms)
			SetupTypeCache (306ms)
			ReleaseScriptCaches (1ms)
			RebuildScriptCaches (68ms)
			SetupLoadedEditorAssemblies (533ms)
				LogAssemblyErrors (0ms)
				InitializePlatformSupportModulesInManaged (4ms)
				SetLoadedEditorAssemblies (0ms)
				RefreshPlugins (84ms)
				BeforeProcessingInitializeOnLoad (80ms)
				ProcessInitializeOnLoadAttributes (354ms)
				ProcessInitializeOnLoadMethodAttributes (4ms)
				AfterProcessingInitializeOnLoad (6ms)
				EditorAssembliesLoaded (0ms)
			ExecutionOrderSort2 (0ms)
			AwakeInstancesAfterBackupRestoration (6ms)
Platform modules already initialized, skipping
========================================================================
Worker process is ready to serve import requests
Shader 'Custom/RainShader': fallback shader 'Particles/Alpha Blended' not found
Launched and connected shader compiler UnityShaderCompiler.exe after 0.20 seconds
Refreshing native plugins compatible for Editor in 1.29 ms, found 2 plugins.
Preloading 0 native plugins for Editor in 0.00 ms.
Unloading 3552 Unused Serialized files (Serialized files now loaded: 0)
System memory in use before: 163.4 MB.
System memory in use after: 163.7 MB.

Unloading 50 unused Assets to reduce memory usage. Loaded Objects now: 3992.
Total: 3.966700 ms (FindLiveObjects: 0.358500 ms CreateObjectMapping: 0.088800 ms MarkObjects: 3.492400 ms  DeleteObjects: 0.025800 ms)

AssetImportParameters requested are different than current active one (requested -> active):
  custom:framework-win-MediaFoundation: 216162199b28c13a410421893ffa2e32 -> 
  custom:video-decoder-ogg-theora: a1e56fd34408186e4bbccfd4996cb3dc -> 
  custom:container-muxer-webm: aa71ff27fc2769a1b78a27578f13a17b -> 
  custom:container-demuxer-webm: 4f35f7cbe854078d1ac9338744f61a02 -> 
  custom:container-demuxer-ogg: 62fdf1f143b41e24485cea50d1cbac27 -> 
  custom:video-encoder-webm-vp8: eb34c28f22e8b96e1ab97ce403110664 -> 
  custom:video-decoder-webm-vp8: 9c59270c3fd7afecdb556c50c9e8de78 -> 
  custom:audio-decoder-ogg-vorbis: bf7c407c2cedff20999df2af8eb42d56 -> 
  custom:audio-encoder-webm-vorbis: bf7c407c2cedff20999df2af8eb42d56 -> 
========================================================================
Received Import Request.
  path: Assets/UI/hide_in_ui.png
  artifactKey: Guid(673d85995bf59064cb00ae8370710248) Importer(815301076,1909f56bfc062723c751e8b465ee728b)
Start importing Assets/UI/hide_in_ui.png using Guid(673d85995bf59064cb00ae8370710248) Importer(815301076,1909f56bfc062723c751e8b465ee728b)  -> (artifact id: '8b64f6ef75e015e6e0f41c0a86c3f192') in 0.150823 seconds 
========================================================================
Received Import Request.
  Time since last request: 0.000195 seconds.
  path: Assets/UI/oBJEC.png
  artifactKey: Guid(a05378be17d9a9f4ca8edb872f29c4e6) Importer(815301076,1909f56bfc062723c751e8b465ee728b)
Start importing Assets/UI/oBJEC.png using Guid(a05378be17d9a9f4ca8edb872f29c4e6) Importer(815301076,1909f56bfc062723c751e8b465ee728b)  -> (artifact id: 'a10ccad5037b8ea20cba28f92fac918d') in 0.129986 seconds 
========================================================================
Received Import Request.
  Time since last request: 0.000238 seconds.
  path: Assets/UI/youmurdererbb_reg.ttf
  artifactKey: Guid(66a01e7e087abb94aa73e3f94a400332) Importer(815301076,1909f56bfc062723c751e8b465ee728b)
Start importing Assets/UI/youmurdererbb_reg.ttf using Guid(66a01e7e087abb94aa73e3f94a400332) Importer(815301076,1909f56bfc062723c751e8b465ee728b)  -> (artifact id: 'cad2f3ea4355dbc471d35136386d05fe') in 0.273423 seconds 
========================================================================
Received Import Request.
  Time since last request: 0.000249 seconds.
  path: Assets/UI/door_open.png
  artifactKey: Guid(8dc47e90ee5d69643ac1c0fb861bcf5d) Importer(815301076,1909f56bfc062723c751e8b465ee728b)
Start importing Assets/UI/door_open.png using Guid(8dc47e90ee5d69643ac1c0fb861bcf5d) Importer(815301076,1909f56bfc062723c751e8b465ee728b)  -> (artifact id: 'ed8fde3a49ae351a11ebc097737a7f23') in 0.095074 seconds 
========================================================================
Received Import Request.
  Time since last request: 0.000228 seconds.
  path: Assets/UI/1.png
  artifactKey: Guid(e25d3b2122f6a7946a1350e8e1986594) Importer(815301076,1909f56bfc062723c751e8b465ee728b)
Start importing Assets/UI/1.png using Guid(e25d3b2122f6a7946a1350e8e1986594) Importer(815301076,1909f56bfc062723c751e8b465ee728b)  -> (artifact id: 'dcec80f16b938519d908e51156b0877f') in 0.148081 seconds 
========================================================================
Received Import Request.
  Time since last request: 0.000248 seconds.
  path: Assets/UI/41925269-71059dee-796c-11e8-90f6-2b2b27576c40.png
  artifactKey: Guid(1424533a32abd34449771c93d27590c3) Importer(815301076,1909f56bfc062723c751e8b465ee728b)
Start importing Assets/UI/41925269-71059dee-796c-11e8-90f6-2b2b27576c40.png using Guid(1424533a32abd34449771c93d27590c3) Importer(815301076,1909f56bfc062723c751e8b465ee728b)  -> (artifact id: '8a744b699730118760cd792f55e6b655') in 0.284569 seconds 
========================================================================
Received Import Request.
  Time since last request: 0.000241 seconds.
  path: Assets/UI/X.png
  artifactKey: Guid(4b21ae27cb0690442810401acf391942) Importer(815301076,1909f56bfc062723c751e8b465ee728b)
Start importing Assets/UI/X.png using Guid(4b21ae27cb0690442810401acf391942) Importer(815301076,1909f56bfc062723c751e8b465ee728b)  -> (artifact id: '75b3a95cb3833f9fa4f75fbd15336179') in 0.062281 seconds 
========================================================================
Received Import Request.
  Time since last request: 0.000228 seconds.
  path: Assets/UI/Comic.png
  artifactKey: Guid(b6c5b6fb96f0ba2488fb419d65b5cf36) Importer(815301076,1909f56bfc062723c751e8b465ee728b)
Start importing Assets/UI/Comic.png using Guid(b6c5b6fb96f0ba2488fb419d65b5cf36) Importer(815301076,1909f56bfc062723c751e8b465ee728b)  -> (artifact id: '98c77c441f94694a0f2410363a5597d9') in 0.074473 seconds 
========================================================================
Received Import Request.
  Time since last request: 0.000265 seconds.
  path: Assets/UI/CFNightofTerrorPERSONAL-Reg.ttf
  artifactKey: Guid(f935cbad8a3e8114b8a6b52cd3bff4f0) Importer(815301076,1909f56bfc062723c751e8b465ee728b)
Start importing Assets/UI/CFNightofTerrorPERSONAL-Reg.ttf using Guid(f935cbad8a3e8114b8a6b52cd3bff4f0) Importer(815301076,1909f56bfc062723c751e8b465ee728b)  -> (artifact id: '8fc2f90532e310014c433e6d809ce7b6') in 0.030107 seconds 
========================================================================
Received Import Request.
  Time since last request: 0.000327 seconds.
  path: Assets/UI/Intro Video.mp4
  artifactKey: Guid(2d6beda71dddc2047a145b5c9b96afee) Importer(815301076,1909f56bfc062723c751e8b465ee728b)
Start importing Assets/UI/Intro Video.mp4 using Guid(2d6beda71dddc2047a145b5c9b96afee) Importer(815301076,1909f56bfc062723c751e8b465ee728b)  -> (artifact id: '9d9efb977843ff525ece58ee3a221323') in 0.025953 seconds 
========================================================================
Received Import Request.
  Time since last request: 0.000275 seconds.
  path: Assets/UI/map_ui.png
  artifactKey: Guid(3daef2bf42a85ba40a7f5a27e597ae32) Importer(815301076,1909f56bfc062723c751e8b465ee728b)
Start importing Assets/UI/map_ui.png using Guid(3daef2bf42a85ba40a7f5a27e597ae32) Importer(815301076,1909f56bfc062723c751e8b465ee728b)  -> (artifact id: '84ff2b116c45510d9dfe820a5335fd52') in 0.060925 seconds 
========================================================================
Received Import Request.
  Time since last request: 0.000229 seconds.
  path: Assets/UI/joystick.png
  artifactKey: Guid(3b2dd5bf614d3874e8db346b19365014) Importer(815301076,1909f56bfc062723c751e8b465ee728b)
Start importing Assets/UI/joystick.png using Guid(3b2dd5bf614d3874e8db346b19365014) Importer(815301076,1909f56bfc062723c751e8b465ee728b)  -> (artifact id: '2836332f3f80f9cec5e63f46e1c8f749') in 0.053986 seconds 
========================================================================
Received Import Request.
  Time since last request: 0.000215 seconds.
  path: Assets/UI/1024px-White_square_50%_transparency.svg.png
  artifactKey: Guid(66aa1632523acff40b87198b9f59847b) Importer(815301076,1909f56bfc062723c751e8b465ee728b)
Start importing Assets/UI/1024px-White_square_50%_transparency.svg.png using Guid(66aa1632523acff40b87198b9f59847b) Importer(815301076,1909f56bfc062723c751e8b465ee728b)  -> (artifact id: '1280963602e3ba2d49ef76b3fb735625') in 0.036554 seconds 
========================================================================
Received Import Request.
  Time since last request: 0.000238 seconds.
  path: Assets/UI/addidas2.png
  artifactKey: Guid(80ddac203fe4e254aa6ddc966f107ca0) Importer(815301076,1909f56bfc062723c751e8b465ee728b)
Start importing Assets/UI/addidas2.png using Guid(80ddac203fe4e254aa6ddc966f107ca0) Importer(815301076,1909f56bfc062723c751e8b465ee728b)  -> (artifact id: '7f134cafba12c062ca434e03dfade861') in 0.076731 seconds 
========================================================================
Received Import Request.
  Time since last request: 0.000232 seconds.
  path: Assets/UI/ff.png
  artifactKey: Guid(ab39b3452b60f93449449b72c653f0ac) Importer(815301076,1909f56bfc062723c751e8b465ee728b)
Start importing Assets/UI/ff.png using Guid(ab39b3452b60f93449449b72c653f0ac) Importer(815301076,1909f56bfc062723c751e8b465ee728b)  -> (artifact id: 'aae6e9f2acbf10ee6ca53f78bd201981') in 0.063970 seconds 
========================================================================
Received Import Request.
  Time since last request: 0.000230 seconds.
  path: Assets/UI/hide_out_UI.png
  artifactKey: Guid(352408ac95e7e7546acfeeb2817469b0) Importer(815301076,1909f56bfc062723c751e8b465ee728b)
Start importing Assets/UI/hide_out_UI.png using Guid(352408ac95e7e7546acfeeb2817469b0) Importer(815301076,1909f56bfc062723c751e8b465ee728b)  -> (artifact id: '0783157825f92d57c28cae56ecac6c19') in 0.047281 seconds 
========================================================================
Received Import Request.
  Time since last request: 0.000276 seconds.
  path: Assets/UI/map with sex 1.png
  artifactKey: Guid(5db02b2966fec7d43a1df878262a23cc) Importer(815301076,1909f56bfc062723c751e8b465ee728b)
Start importing Assets/UI/map with sex 1.png using Guid(5db02b2966fec7d43a1df878262a23cc) Importer(815301076,1909f56bfc062723c751e8b465ee728b)  -> (artifact id: '82eae142a9e69357e0562578542c522d') in 0.086448 seconds 
========================================================================
Received Import Request.
  Time since last request: 0.000240 seconds.
  path: Assets/UI/nOTE.png
  artifactKey: Guid(40ac580f40b01af47bdfcff7d544e6bf) Importer(815301076,1909f56bfc062723c751e8b465ee728b)
Start importing Assets/UI/nOTE.png using Guid(40ac580f40b01af47bdfcff7d544e6bf) Importer(815301076,1909f56bfc062723c751e8b465ee728b)  -> (artifact id: '1810c5d9130c3f9d6322fa8224857989') in 0.112630 seconds 
========================================================================
Received Import Request.
  Time since last request: 0.000251 seconds.
  path: Assets/UI/hand.png
  artifactKey: Guid(1e7909bcda8aa75459ca1b278f24bc23) Importer(815301076,1909f56bfc062723c751e8b465ee728b)
Start importing Assets/UI/hand.png using Guid(1e7909bcda8aa75459ca1b278f24bc23) Importer(815301076,1909f56bfc062723c751e8b465ee728b)  -> (artifact id: 'a5167189e9a0eaee61bf4521d78f9423') in 0.256517 seconds 
========================================================================
Received Import Request.
  Time since last request: 0.000236 seconds.
  path: Assets/UI/loading.png
  artifactKey: Guid(847b53c2f5e87384f9986ce1d3b657bc) Importer(815301076,1909f56bfc062723c751e8b465ee728b)
Start importing Assets/UI/loading.png using Guid(847b53c2f5e87384f9986ce1d3b657bc) Importer(815301076,1909f56bfc062723c751e8b465ee728b)  -> (artifact id: '029de87ddb93a7e62c41e0b58b4ba54e') in 0.097511 seconds 
========================================================================
Received Import Request.
  Time since last request: 0.000296 seconds.
  path: Assets/UI/nxt.png
  artifactKey: Guid(d798972ee0fbf6c478791fc190953daf) Importer(815301076,1909f56bfc062723c751e8b465ee728b)
Start importing Assets/UI/nxt.png using Guid(d798972ee0fbf6c478791fc190953daf) Importer(815301076,1909f56bfc062723c751e8b465ee728b)  -> (artifact id: '81dd0356202e805fe91155ceb7efc1c4') in 0.097818 seconds 
========================================================================
Received Import Request.
  Time since last request: 0.000242 seconds.
  path: Assets/UI/Credits.Vid [Ecc8823]-1.mp4
  artifactKey: Guid(82785028fa091044fb79c08689dd0172) Importer(815301076,1909f56bfc062723c751e8b465ee728b)
Start importing Assets/UI/Credits.Vid [Ecc8823]-1.mp4 using Guid(82785028fa091044fb79c08689dd0172) Importer(815301076,1909f56bfc062723c751e8b465ee728b)  -> (artifact id: 'c2686a19805826eb5d06c0f457a790b6') in 0.027142 seconds 
========================================================================
Received Import Request.
  Time since last request: 0.000263 seconds.
  path: Assets/UI/close_comic.png
  artifactKey: Guid(3bb0599862145dd41890281629992dd7) Importer(815301076,1909f56bfc062723c751e8b465ee728b)
Start importing Assets/UI/close_comic.png using Guid(3bb0599862145dd41890281629992dd7) Importer(815301076,1909f56bfc062723c751e8b465ee728b)  -> (artifact id: 'cedf3376c5c50d709e812ad74e77f128') in 0.072997 seconds 
========================================================================
Received Import Request.
  Time since last request: 0.000221 seconds.
  path: Assets/UI/crouching 1.png
  artifactKey: Guid(f6c82c4c057b1044cb20ca37f5de99fd) Importer(815301076,1909f56bfc062723c751e8b465ee728b)
Start importing Assets/UI/crouching 1.png using Guid(f6c82c4c057b1044cb20ca37f5de99fd) Importer(815301076,1909f56bfc062723c751e8b465ee728b)  -> (artifact id: '66e5230894d0ab284afe4d8a907a2b7a') in 0.084218 seconds 
========================================================================
Received Import Request.
  Time since last request: 0.000234 seconds.
  path: Assets/UI/Pause.png
  artifactKey: Guid(4bb6ed7dc6bdb594d8b62dc7aaa72cfb) Importer(815301076,1909f56bfc062723c751e8b465ee728b)
Start importing Assets/UI/Pause.png using Guid(4bb6ed7dc6bdb594d8b62dc7aaa72cfb) Importer(815301076,1909f56bfc062723c751e8b465ee728b)  -> (artifact id: '035849e6d2e2823dba62cc2dd3e10332') in 0.101689 seconds 
========================================================================
Received Import Request.
  Time since last request: 0.000218 seconds.
  path: Assets/UI/map with sex.png
  artifactKey: Guid(d710d24c7df43d840b466aef74b3a782) Importer(815301076,1909f56bfc062723c751e8b465ee728b)
Start importing Assets/UI/map with sex.png using Guid(d710d24c7df43d840b466aef74b3a782) Importer(815301076,1909f56bfc062723c751e8b465ee728b)  -> (artifact id: '94b98f94f681df3e9c4ea56496ea620c') in 0.202979 seconds 
========================================================================
Received Import Request.
  Time since last request: 0.000203 seconds.
  path: Assets/UI/2.png
  artifactKey: Guid(4ebd92f2b9f82784288a5fcdde3085d4) Importer(815301076,1909f56bfc062723c751e8b465ee728b)
Start importing Assets/UI/2.png using Guid(4ebd92f2b9f82784288a5fcdde3085d4) Importer(815301076,1909f56bfc062723c751e8b465ee728b)  -> (artifact id: '431c472bf6bbb25dea8b157d42d55238') in 0.122367 seconds 
========================================================================
Received Import Request.
  Time since last request: 0.000247 seconds.
  path: Assets/UI/ring.png
  artifactKey: Guid(17b718b7e3178ea44818aa9494655f83) Importer(815301076,1909f56bfc062723c751e8b465ee728b)
Start importing Assets/UI/ring.png using Guid(17b718b7e3178ea44818aa9494655f83) Importer(815301076,1909f56bfc062723c751e8b465ee728b)  -> (artifact id: 'c0e678595d98ac51ef5a28589d8ef2e8') in 0.196700 seconds 
========================================================================
Received Import Request.
  Time since last request: 0.000223 seconds.
  path: Assets/UI/princy news.mp4
  artifactKey: Guid(78274e29f019dbd49b475da10c4fbc63) Importer(815301076,1909f56bfc062723c751e8b465ee728b)
Start importing Assets/UI/princy news.mp4 using Guid(78274e29f019dbd49b475da10c4fbc63) Importer(815301076,1909f56bfc062723c751e8b465ee728b)  -> (artifact id: 'af59221f447a9ad9a72182a5d33703f0') in 0.157124 seconds 
========================================================================
Received Import Request.
  Time since last request: 0.000621 seconds.
  path: Assets/UI/Player_icon.png
  artifactKey: Guid(2a7035a02de37994d93c49a8e2ca5895) Importer(815301076,1909f56bfc062723c751e8b465ee728b)
Start importing Assets/UI/Player_icon.png using Guid(2a7035a02de37994d93c49a8e2ca5895) Importer(815301076,1909f56bfc062723c751e8b465ee728b)  -> (artifact id: 'd14adafbfffb0e36f0fa663d1b443059') in 0.258049 seconds 
========================================================================
Received Import Request.
  Time since last request: 0.000241 seconds.
  path: Assets/UI/logo_white.png
  artifactKey: Guid(563811f1dbb55c449810dcd09a9f8af3) Importer(815301076,1909f56bfc062723c751e8b465ee728b)
Start importing Assets/UI/logo_white.png using Guid(563811f1dbb55c449810dcd09a9f8af3) Importer(815301076,1909f56bfc062723c751e8b465ee728b)  -> (artifact id: '5b89d362060262b082bc30de03194214') in 0.218453 seconds 
========================================================================
Received Import Request.
  Time since last request: 0.000178 seconds.
  path: Assets/UI/idk.png
  artifactKey: Guid(851a7d813f49e1e4b840e49ebde5ba1b) Importer(815301076,1909f56bfc062723c751e8b465ee728b)
Start importing Assets/UI/idk.png using Guid(851a7d813f49e1e4b840e49ebde5ba1b) Importer(815301076,1909f56bfc062723c751e8b465ee728b)  -> (artifact id: 'c45386fb2947aff6066fd2334037a3c3') in 0.107336 seconds 
========================================================================
Received Import Request.
  Time since last request: 0.000219 seconds.
  path: Assets/UI/nOTE (1).png
  artifactKey: Guid(2864c57317ef4c34ba5f361cbca9f4be) Importer(815301076,1909f56bfc062723c751e8b465ee728b)
Start importing Assets/UI/nOTE (1).png using Guid(2864c57317ef4c34ba5f361cbca9f4be) Importer(815301076,1909f56bfc062723c751e8b465ee728b)  -> (artifact id: '21a8860b6f7dccf0af517e61c3906422') in 0.063602 seconds 
========================================================================
Received Import Request.
  Time since last request: 0.000239 seconds.
  path: Assets/UI/Candles.png
  artifactKey: Guid(985e6dc590fd40247ac976f674a32133) Importer(815301076,1909f56bfc062723c751e8b465ee728b)
Start importing Assets/UI/Candles.png using Guid(985e6dc590fd40247ac976f674a32133) Importer(815301076,1909f56bfc062723c751e8b465ee728b)  -> (artifact id: 'dffb3649e9ab72b1162debf9a8b1e658') in 0.124646 seconds 
========================================================================
Received Import Request.
  Time since last request: 0.000217 seconds.
  path: Assets/UI/cam.png
  artifactKey: Guid(902ed9601304a9a4fba1ed0a7185f4fd) Importer(815301076,1909f56bfc062723c751e8b465ee728b)
Start importing Assets/UI/cam.png using Guid(902ed9601304a9a4fba1ed0a7185f4fd) Importer(815301076,1909f56bfc062723c751e8b465ee728b)  -> (artifact id: 'afffa0b18c65999dc9e3c119b5b1a81f') in 0.069702 seconds 
========================================================================
Received Import Request.
  Time since last request: 0.000205 seconds.
  path: Assets/UI/save_ui.png
  artifactKey: Guid(6dc32117b0cc5e74c96d932f8917284b) Importer(815301076,1909f56bfc062723c751e8b465ee728b)
Start importing Assets/UI/save_ui.png using Guid(6dc32117b0cc5e74c96d932f8917284b) Importer(815301076,1909f56bfc062723c751e8b465ee728b)  -> (artifact id: 'e8aff9e4a1883e6b15ca759cd667b2c1') in 0.147721 seconds 
========================================================================
Received Import Request.
  Time since last request: 0.000255 seconds.
  path: Assets/UI/standing.png
  artifactKey: Guid(55083df48ff6d844a996539598adbd39) Importer(815301076,1909f56bfc062723c751e8b465ee728b)
Start importing Assets/UI/standing.png using Guid(55083df48ff6d844a996539598adbd39) Importer(815301076,1909f56bfc062723c751e8b465ee728b)  -> (artifact id: '5b50641bb31344594c83dfe51da41d36') in 0.069743 seconds 
========================================================================
Received Import Request.
  Time since last request: 0.000218 seconds.
  path: Assets/UI/instructions2.png
  artifactKey: Guid(5b343a1a1f18f23419f04d798b6179cf) Importer(815301076,1909f56bfc062723c751e8b465ee728b)
Start importing Assets/UI/instructions2.png using Guid(5b343a1a1f18f23419f04d798b6179cf) Importer(815301076,1909f56bfc062723c751e8b465ee728b)  -> (artifact id: 'c75bcd7544642296966b10cd8d00dc9b') in 0.195643 seconds 
========================================================================
Received Prepare
Registering precompiled user dll's ...
Registered in 0.005189 seconds.
Begin MonoManager ReloadAssembly
Native extension for WindowsStandalone target not found
Refreshing native plugins compatible for Editor in 1.62 ms, found 2 plugins.
Preloading 0 native plugins for Editor in 0.00 ms.
Mono: successfully reloaded assembly
- Completed reload, in  1.284 seconds
Domain Reload Profiling:
	ReloadAssembly (1285ms)
		BeginReloadAssembly (170ms)
			ExecutionOrderSort (0ms)
			DisableScriptedObjects (7ms)
			BackupInstance (0ms)
			ReleaseScriptingObjects (0ms)
			CreateAndSetChildDomain (57ms)
		EndReloadAssembly (1058ms)
			LoadAssemblies (96ms)
			RebuildTransferFunctionScriptingTraits (0ms)
			SetupTypeCache (294ms)
			ReleaseScriptCaches (2ms)
			RebuildScriptCaches (66ms)
			SetupLoadedEditorAssemblies (445ms)
				LogAssemblyErrors (0ms)
				InitializePlatformSupportModulesInManaged (5ms)
				SetLoadedEditorAssemblies (0ms)
				RefreshPlugins (2ms)
				BeforeProcessingInitializeOnLoad (80ms)
				ProcessInitializeOnLoadAttributes (348ms)
				ProcessInitializeOnLoadMethodAttributes (4ms)
				AfterProcessingInitializeOnLoad (6ms)
				EditorAssembliesLoaded (0ms)
			ExecutionOrderSort2 (0ms)
			AwakeInstancesAfterBackupRestoration (23ms)
Platform modules already initialized, skipping
Shader 'Custom/RainShader': fallback shader 'Particles/Alpha Blended' not found
Refreshing native plugins compatible for Editor in 1.22 ms, found 2 plugins.
Preloading 0 native plugins for Editor in 0.00 ms.
Unloading 3452 Unused Serialized files (Serialized files now loaded: 0)
System memory in use before: 203.9 MB.
System memory in use after: 204.2 MB.

Unloading 45 unused Assets to reduce memory usage. Loaded Objects now: 4636.
Total: 4.439800 ms (FindLiveObjects: 0.385200 ms CreateObjectMapping: 0.092300 ms MarkObjects: 3.931000 ms  DeleteObjects: 0.030300 ms)

AssetImportParameters requested are different than current active one (requested -> active):
  custom:framework-win-MediaFoundation: 216162199b28c13a410421893ffa2e32 -> 
  custom:video-decoder-ogg-theora: a1e56fd34408186e4bbccfd4996cb3dc -> 
  custom:container-muxer-webm: aa71ff27fc2769a1b78a27578f13a17b -> 
  custom:container-demuxer-webm: 4f35f7cbe854078d1ac9338744f61a02 -> 
  custom:container-demuxer-ogg: 62fdf1f143b41e24485cea50d1cbac27 -> 
  custom:video-encoder-webm-vp8: eb34c28f22e8b96e1ab97ce403110664 -> 
  custom:video-decoder-webm-vp8: 9c59270c3fd7afecdb556c50c9e8de78 -> 
  custom:audio-decoder-ogg-vorbis: bf7c407c2cedff20999df2af8eb42d56 -> 
  custom:audio-encoder-webm-vorbis: bf7c407c2cedff20999df2af8eb42d56 -> 
========================================================================
Received Prepare
Registering precompiled user dll's ...
Registered in 0.005729 seconds.
Begin MonoManager ReloadAssembly
Native extension for WindowsStandalone target not found
Refreshing native plugins compatible for Editor in 1.31 ms, found 2 plugins.
Preloading 0 native plugins for Editor in 0.00 ms.
Mono: successfully reloaded assembly
- Completed reload, in  1.206 seconds
Domain Reload Profiling:
	ReloadAssembly (1207ms)
		BeginReloadAssembly (132ms)
			ExecutionOrderSort (0ms)
			DisableScriptedObjects (9ms)
			BackupInstance (0ms)
			ReleaseScriptingObjects (0ms)
			CreateAndSetChildDomain (43ms)
		EndReloadAssembly (1019ms)
			LoadAssemblies (107ms)
			RebuildTransferFunctionScriptingTraits (0ms)
			SetupTypeCache (293ms)
			ReleaseScriptCaches (2ms)
			RebuildScriptCaches (66ms)
			SetupLoadedEditorAssemblies (429ms)
				LogAssemblyErrors (0ms)
				InitializePlatformSupportModulesInManaged (5ms)
				SetLoadedEditorAssemblies (0ms)
				RefreshPlugins (1ms)
				BeforeProcessingInitializeOnLoad (83ms)
				ProcessInitializeOnLoadAttributes (330ms)
				ProcessInitializeOnLoadMethodAttributes (4ms)
				AfterProcessingInitializeOnLoad (6ms)
				EditorAssembliesLoaded (0ms)
			ExecutionOrderSort2 (0ms)
			AwakeInstancesAfterBackupRestoration (21ms)
Platform modules already initialized, skipping
Shader 'Custom/RainShader': fallback shader 'Particles/Alpha Blended' not found
Refreshing native plugins compatible for Editor in 1.18 ms, found 2 plugins.
Preloading 0 native plugins for Editor in 0.00 ms.
Unloading 3417 Unused Serialized files (Serialized files now loaded: 0)
System memory in use before: 202.6 MB.
System memory in use after: 202.8 MB.

Unloading 45 unused Assets to reduce memory usage. Loaded Objects now: 4639.
Total: 4.529700 ms (FindLiveObjects: 0.421600 ms CreateObjectMapping: 0.095800 ms MarkObjects: 3.988300 ms  DeleteObjects: 0.023000 ms)

AssetImportParameters requested are different than current active one (requested -> active):
  custom:framework-win-MediaFoundation: 216162199b28c13a410421893ffa2e32 -> 
  custom:video-decoder-ogg-theora: a1e56fd34408186e4bbccfd4996cb3dc -> 
  custom:container-muxer-webm: aa71ff27fc2769a1b78a27578f13a17b -> 
  custom:container-demuxer-webm: 4f35f7cbe854078d1ac9338744f61a02 -> 
  custom:container-demuxer-ogg: 62fdf1f143b41e24485cea50d1cbac27 -> 
  custom:video-encoder-webm-vp8: eb34c28f22e8b96e1ab97ce403110664 -> 
  custom:video-decoder-webm-vp8: 9c59270c3fd7afecdb556c50c9e8de78 -> 
  custom:audio-decoder-ogg-vorbis: bf7c407c2cedff20999df2af8eb42d56 -> 
  custom:audio-encoder-webm-vorbis: bf7c407c2cedff20999df2af8eb42d56 -> 
AssetImportWorkerClient::OnTransportError - code=2 error=End of file
