Using pre-set license
Built from '2021.2/staging' branch; Version is '2021.2.10f1 (ee872746220e) revision 15632167'; Using compiler version '192829333'; Build Type 'Release'
OS: 'Windows 11  (10.0.22000) 64bit CoreSingleLanguage' Language: 'en' Physical Memory: 8078 MB
BatchMode: 1, IsHumanControllingUs: 0, StartBugReporterOnCrash: 0, Is64bit: 1, IsPro: 0

COMMAND LINE ARGUMENTS:
C:\Program Files\Unity\Hub\Editor\2021.2.10f1\Editor\Unity.exe
-adb2
-batchMode
-noUpm
-name
AssetImportWorker3
-projectPath
D:/Side-Project-1
-logFile
Logs/AssetImportWorker3.log
-srvPort
63705
Successfully changed project path to: D:/Side-Project-1
D:/Side-Project-1
[UnityMemory] Configuration Parameters - Can be set up in boot.config
    "memorysetup-bucket-allocator-granularity=16"
    "memorysetup-bucket-allocator-bucket-count=8"
    "memorysetup-bucket-allocator-block-size=33554432"
    "memorysetup-bucket-allocator-block-count=8"
    "memorysetup-main-allocator-block-size=16777216"
    "memorysetup-thread-allocator-block-size=16777216"
    "memorysetup-gfx-main-allocator-block-size=16777216"
    "memorysetup-gfx-thread-allocator-block-size=16777216"
    "memorysetup-cache-allocator-block-size=4194304"
    "memorysetup-typetree-allocator-block-size=2097152"
    "memorysetup-profiler-bucket-allocator-granularity=16"
    "memorysetup-profiler-bucket-allocator-bucket-count=8"
    "memorysetup-profiler-bucket-allocator-block-size=33554432"
    "memorysetup-profiler-bucket-allocator-block-count=8"
    "memorysetup-profiler-allocator-block-size=16777216"
    "memorysetup-profiler-editor-allocator-block-size=1048576"
    "memorysetup-temp-allocator-size-main=16777216"
    "memorysetup-job-temp-allocator-block-size=2097152"
    "memorysetup-job-temp-allocator-block-size-background=1048576"
    "memorysetup-job-temp-allocator-reduction-small-platforms=262144"
    "memorysetup-temp-allocator-size-background-worker=32768"
    "memorysetup-temp-allocator-size-job-worker=262144"
    "memorysetup-temp-allocator-size-preload-manager=33554432"
    "memorysetup-temp-allocator-size-nav-mesh-worker=65536"
    "memorysetup-temp-allocator-size-audio-worker=65536"
    "memorysetup-temp-allocator-size-cloud-worker=32768"
    "memorysetup-temp-allocator-size-gi-baking-worker=262144"
    "memorysetup-temp-allocator-size-gfx=262144"
Refreshing native plugins compatible for Editor in 250.60 ms, found 3 plugins.
Preloading 0 native plugins for Editor in 0.00 ms.
Initialize engine version: 2021.2.10f1 (ee872746220e)
[Subsystems] Discovering subsystems at path C:/Program Files/Unity/Hub/Editor/2021.2.10f1/Editor/Data/Resources/UnitySubsystems
[Subsystems] Discovering subsystems at path D:/Side-Project-1/Assets
GfxDevice: creating device client; threaded=0; jobified=0
Direct3D:
    Version:  Direct3D 11.0 [level 11.0]
    Renderer: NVIDIA GeForce MX110 (ID=0x174e)
    Vendor:   NVIDIA
    VRAM:     2010 MB
    Driver:   30.0.15.1165
Shader 'Custom/RainShader': fallback shader 'Particles/Alpha Blended' not found
Initialize mono
Mono path[0] = 'C:/Program Files/Unity/Hub/Editor/2021.2.10f1/Editor/Data/Managed'
Mono path[1] = 'C:/Program Files/Unity/Hub/Editor/2021.2.10f1/Editor/Data/MonoBleedingEdge/lib/mono/unityjit-win32'
Mono config path = 'C:/Program Files/Unity/Hub/Editor/2021.2.10f1/Editor/Data/MonoBleedingEdge/etc'
Using monoOptions --debugger-agent=transport=dt_socket,embedding=1,server=y,suspend=n,address=127.0.0.1:56264
Begin MonoManager ReloadAssembly
Registering precompiled unity dll's ...
Register platform support module: C:/Program Files/Unity/Hub/Editor/2021.2.10f1/Editor/Data/PlaybackEngines/WindowsStandaloneSupport/UnityEditor.WindowsStandalone.Extensions.dll
Registered in 0.086088 seconds.
Native extension for WindowsStandalone target not found
Refreshing native plugins compatible for Editor in 236.62 ms, found 3 plugins.
Preloading 0 native plugins for Editor in 0.00 ms.
Mono: successfully reloaded assembly
- Completed reload, in  2.902 seconds
Domain Reload Profiling:
	ReloadAssembly (2903ms)
		BeginReloadAssembly (310ms)
			ExecutionOrderSort (0ms)
			DisableScriptedObjects (0ms)
			BackupInstance (0ms)
			ReleaseScriptingObjects (0ms)
			CreateAndSetChildDomain (2ms)
		EndReloadAssembly (1853ms)
			LoadAssemblies (306ms)
			RebuildTransferFunctionScriptingTraits (0ms)
			SetupTypeCache (598ms)
			ReleaseScriptCaches (0ms)
			RebuildScriptCaches (137ms)
			SetupLoadedEditorAssemblies (931ms)
				LogAssemblyErrors (0ms)
				InitializePlatformSupportModulesInManaged (42ms)
				SetLoadedEditorAssemblies (0ms)
				RefreshPlugins (237ms)
				BeforeProcessingInitializeOnLoad (3ms)
				ProcessInitializeOnLoadAttributes (478ms)
				ProcessInitializeOnLoadMethodAttributes (171ms)
				AfterProcessingInitializeOnLoad (0ms)
				EditorAssembliesLoaded (0ms)
			ExecutionOrderSort2 (0ms)
			AwakeInstancesAfterBackupRestoration (0ms)
Platform modules already initialized, skipping
Registering precompiled user dll's ...
Registered in 0.014491 seconds.
Begin MonoManager ReloadAssembly
Native extension for WindowsStandalone target not found
Refreshing native plugins compatible for Editor in 219.82 ms, found 3 plugins.
Preloading 0 native plugins for Editor in 0.00 ms.
Mono: successfully reloaded assembly
Package Manager log level set to [2]
- Completed reload, in  7.465 seconds
Domain Reload Profiling:
	ReloadAssembly (7467ms)
		BeginReloadAssembly (327ms)
			ExecutionOrderSort (0ms)
			DisableScriptedObjects (14ms)
			BackupInstance (0ms)
			ReleaseScriptingObjects (0ms)
			CreateAndSetChildDomain (50ms)
		EndReloadAssembly (6823ms)
			LoadAssemblies (1990ms)
			RebuildTransferFunctionScriptingTraits (0ms)
			SetupTypeCache (795ms)
			ReleaseScriptCaches (1ms)
			RebuildScriptCaches (275ms)
			SetupLoadedEditorAssemblies (3597ms)
				LogAssemblyErrors (0ms)
				InitializePlatformSupportModulesInManaged (31ms)
				SetLoadedEditorAssemblies (0ms)
				RefreshPlugins (220ms)
				BeforeProcessingInitializeOnLoad (295ms)
				ProcessInitializeOnLoadAttributes (2722ms)
				ProcessInitializeOnLoadMethodAttributes (316ms)
				AfterProcessingInitializeOnLoad (12ms)
				EditorAssembliesLoaded (0ms)
			ExecutionOrderSort2 (0ms)
			AwakeInstancesAfterBackupRestoration (14ms)
Platform modules already initialized, skipping
========================================================================
Worker process is ready to serve import requests
Shader 'Custom/RainShader': fallback shader 'Particles/Alpha Blended' not found
Launched and connected shader compiler UnityShaderCompiler.exe after 1.92 seconds
Refreshing native plugins compatible for Editor in 2.61 ms, found 3 plugins.
Preloading 0 native plugins for Editor in 0.00 ms.
Unloading 3939 Unused Serialized files (Serialized files now loaded: 0)
Unloading 63 unused Assets / (0.7 MB). Loaded Objects now: 4365.
Memory consumption went from 177.8 MB to 177.1 MB.
Total: 11.632000 ms (FindLiveObjects: 1.017200 ms CreateObjectMapping: 0.808300 ms MarkObjects: 9.273100 ms  DeleteObjects: 0.532000 ms)

AssetImportParameters requested are different than current active one (requested -> active):
  custom:video-decoder-ogg-theora: a1e56fd34408186e4bbccfd4996cb3dc -> 
  custom:container-muxer-webm: aa71ff27fc2769a1b78a27578f13a17b -> 
  custom:container-demuxer-webm: 4f35f7cbe854078d1ac9338744f61a02 -> 
  custom:video-encoder-webm-vp8: eb34c28f22e8b96e1ab97ce403110664 -> 
  custom:audio-encoder-webm-vorbis: bf7c407c2cedff20999df2af8eb42d56 -> 
  custom:framework-win-MediaFoundation: 216162199b28c13a410421893ffa2e32 -> 
  custom:container-demuxer-ogg: 62fdf1f143b41e24485cea50d1cbac27 -> 
  custom:video-decoder-webm-vp8: 9c59270c3fd7afecdb556c50c9e8de78 -> 
  custom:audio-decoder-ogg-vorbis: bf7c407c2cedff20999df2af8eb42d56 -> 
========================================================================
Received Import Request.
  Time since last request: 50256.411443 seconds.
  path: Assets/niggerstaan-02.jpg
  artifactKey: Guid(71c22986e52e1d9498b26806848b7f79) Importer(815301076,1909f56bfc062723c751e8b465ee728b)
Start importing Assets/niggerstaan-02.jpg using Guid(71c22986e52e1d9498b26806848b7f79) Importer(815301076,1909f56bfc062723c751e8b465ee728b)  -> (artifact id: '31c3b7dc01b38677df878a9f01640662') in 1.905555 seconds 
========================================================================
Received Import Request.
  Time since last request: 0.000037 seconds.
  path: Assets/niggerstaan-01.jpg
  artifactKey: Guid(5384a2ba46d4e414994663f8d0a5726c) Importer(815301076,1909f56bfc062723c751e8b465ee728b)
Start importing Assets/niggerstaan-01.jpg using Guid(5384a2ba46d4e414994663f8d0a5726c) Importer(815301076,1909f56bfc062723c751e8b465ee728b)  -> (artifact id: '50a1ba97196ff647e98683fd0ea2047f') in 0.193073 seconds 
========================================================================
Received Import Request.
  Time since last request: 0.000444 seconds.
  path: Assets/candle.prefab
  artifactKey: Guid(2612965326c4fa44ca2559e5e9867eb6) Importer(815301076,1909f56bfc062723c751e8b465ee728b)
Start importing Assets/candle.prefab using Guid(2612965326c4fa44ca2559e5e9867eb6) Importer(815301076,1909f56bfc062723c751e8b465ee728b)  -> (artifact id: '9de46d3965bf1d1c6a35dc508f60f314') in 1.479127 seconds 
========================================================================
Received Import Request.
  Time since last request: 0.000050 seconds.
  path: Assets/New Terrain.asset
  artifactKey: Guid(077c299b48dc80841944fa1b7b8abcce) Importer(815301076,1909f56bfc062723c751e8b465ee728b)
Start importing Assets/New Terrain.asset using Guid(077c299b48dc80841944fa1b7b8abcce) Importer(815301076,1909f56bfc062723c751e8b465ee728b)  -> (artifact id: 'ff2155a6c106894b4d0cfe5fe89cf0d0') in 0.184096 seconds 
========================================================================
Received Import Request.
  Time since last request: 0.000065 seconds.
  path: Assets/New Material 1.mat
  artifactKey: Guid(9e27347b76c7c6145bf4e7b34d2ec311) Importer(815301076,1909f56bfc062723c751e8b465ee728b)
Start importing Assets/New Material 1.mat using Guid(9e27347b76c7c6145bf4e7b34d2ec311) Importer(815301076,1909f56bfc062723c751e8b465ee728b)  -> (artifact id: 'fdcba4268006da76e56a8177a3bde928') in 5.507473 seconds 
========================================================================
Received Import Request.
  Time since last request: 0.000053 seconds.
  path: Assets/black_goku.png
  artifactKey: Guid(2c5e03fba8033504c9cea494b8d0d55e) Importer(815301076,1909f56bfc062723c751e8b465ee728b)
Start importing Assets/black_goku.png using Guid(2c5e03fba8033504c9cea494b8d0d55e) Importer(815301076,1909f56bfc062723c751e8b465ee728b)  -> (artifact id: 'bfd478b40d79867ada41201c006a477d') in 0.090702 seconds 
========================================================================
Received Import Request.
  Time since last request: 0.000065 seconds.
  path: Assets/icon_1.jpg
  artifactKey: Guid(3a781af5187ef474a96dfbc0b294a65a) Importer(815301076,1909f56bfc062723c751e8b465ee728b)
Start importing Assets/icon_1.jpg using Guid(3a781af5187ef474a96dfbc0b294a65a) Importer(815301076,1909f56bfc062723c751e8b465ee728b)  -> (artifact id: '0a7ae4be21338d99c16ff1e90df22e88') in 0.073254 seconds 
========================================================================
Received Import Request.
  Time since last request: 0.000041 seconds.
  path: Assets/icon_2.jpg
  artifactKey: Guid(27f74c91d573e7f419eaef25beb8ab10) Importer(815301076,1909f56bfc062723c751e8b465ee728b)
Start importing Assets/icon_2.jpg using Guid(27f74c91d573e7f419eaef25beb8ab10) Importer(815301076,1909f56bfc062723c751e8b465ee728b)  -> (artifact id: '040ef4226810e36769629fbe0194205c') in 0.228351 seconds 
========================================================================
Received Import Request.
  Time since last request: 65.291395 seconds.
  path: Assets/Scenes/Main Scene
  artifactKey: Guid(69647a3aa91d79b4f93282e4ca3ef433) Importer(815301076,1909f56bfc062723c751e8b465ee728b)
Start importing Assets/Scenes/Main Scene using Guid(69647a3aa91d79b4f93282e4ca3ef433) Importer(815301076,1909f56bfc062723c751e8b465ee728b)  -> (artifact id: '0b041fc59a4c45d14c8bcc0dd1bcb755') in 0.014957 seconds 
========================================================================
Received Import Request.
  Time since last request: 0.212382 seconds.
  path: Assets/Scenes/Main Scene/NavMesh-frontend.asset
  artifactKey: Guid(a5d11fe295e2d0548b2e5b27126228ab) Importer(815301076,1909f56bfc062723c751e8b465ee728b)
Start importing Assets/Scenes/Main Scene/NavMesh-frontend.asset using Guid(a5d11fe295e2d0548b2e5b27126228ab) Importer(815301076,1909f56bfc062723c751e8b465ee728b)  -> (artifact id: 'b751149ef75e22cf57fd69c2f13fbafa') in 0.053669 seconds 
========================================================================
Received Import Request.
  Time since last request: 1.245104 seconds.
  path: Assets/Scenes/Main Scene/Main Menu.unity
  artifactKey: Guid(ea390a1cae4351e41b83da77efdb67a6) Importer(815301076,1909f56bfc062723c751e8b465ee728b)
Start importing Assets/Scenes/Main Scene/Main Menu.unity using Guid(ea390a1cae4351e41b83da77efdb67a6) Importer(815301076,1909f56bfc062723c751e8b465ee728b)  -> (artifact id: '17e98bfb34f6a2c26225cc10de327b5e') in 0.019533 seconds 
========================================================================
Received Import Request.
  Time since last request: 1.241622 seconds.
  path: Assets/Scenes/Main Scene/Main Scene.unity
  artifactKey: Guid(e11e4af2d06334a41a2ecb7414cd9ca9) Importer(815301076,1909f56bfc062723c751e8b465ee728b)
Start importing Assets/Scenes/Main Scene/Main Scene.unity using Guid(e11e4af2d06334a41a2ecb7414cd9ca9) Importer(815301076,1909f56bfc062723c751e8b465ee728b)  -> (artifact id: '5a8a291669eecb121db3f759c9450f6d') in 0.038269 seconds 
========================================================================
Received Import Request.
  Time since last request: 3934.854272 seconds.
  path: Assets/Scripts/Level1.asset
  artifactKey: Guid(3cfdadfcacc43d7479e8f133dde04291) Importer(815301076,1909f56bfc062723c751e8b465ee728b)
Start importing Assets/Scripts/Level1.asset using Guid(3cfdadfcacc43d7479e8f133dde04291) Importer(815301076,1909f56bfc062723c751e8b465ee728b)  -> (artifact id: 'abe77747972eac68c1c5fd3a172e84d0') in 0.607757 seconds 
========================================================================
Received Import Request.
  Time since last request: 0.000294 seconds.
  path: Assets/Scripts/Level2.asset
  artifactKey: Guid(5f4966b1d3ea4fb4e9dc2a5a8e62ffa5) Importer(815301076,1909f56bfc062723c751e8b465ee728b)
Start importing Assets/Scripts/Level2.asset using Guid(5f4966b1d3ea4fb4e9dc2a5a8e62ffa5) Importer(815301076,1909f56bfc062723c751e8b465ee728b)  -> (artifact id: '11469883407a9d7dd7e180a6284875c8') in 0.007084 seconds 
========================================================================
Received Import Request.
  Time since last request: 1331.944015 seconds.
  path: Assets/Materials/Basket ball textures/Basketball.mat
  artifactKey: Guid(cc5701ef349a1fa41a5300679c3dcb16) Importer(815301076,1909f56bfc062723c751e8b465ee728b)
Start importing Assets/Materials/Basket ball textures/Basketball.mat using Guid(cc5701ef349a1fa41a5300679c3dcb16) Importer(815301076,1909f56bfc062723c751e8b465ee728b)  -> (artifact id: '90773f6bc86a86a73f26a92af56af8ef') in 4.354480 seconds 
========================================================================
Received Import Request.
  Time since last request: 0.000029 seconds.
  path: Assets/Optimised Textures/Cpu Mouse Keyboard/Cpu Mouse and Keyboard-mat-_BaseMap-atlas-0.png
  artifactKey: Guid(fe2939bc711cbfb40ac9819e9254f862) Importer(815301076,1909f56bfc062723c751e8b465ee728b)
Start importing Assets/Optimised Textures/Cpu Mouse Keyboard/Cpu Mouse and Keyboard-mat-_BaseMap-atlas-0.png using Guid(fe2939bc711cbfb40ac9819e9254f862) Importer(815301076,1909f56bfc062723c751e8b465ee728b)  -> (artifact id: '3bc1636661eb6e408ff7a253c437d48b') in 0.224975 seconds 
========================================================================
Received Import Request.
  Time since last request: 0.000027 seconds.
  path: Assets/Textures/Basketball/Basketball_diffuseOriginal.bmp
  artifactKey: Guid(431ded52f9b6f5e4588921af2fafa8f7) Importer(815301076,1909f56bfc062723c751e8b465ee728b)
Start importing Assets/Textures/Basketball/Basketball_diffuseOriginal.bmp using Guid(431ded52f9b6f5e4588921af2fafa8f7) Importer(815301076,1909f56bfc062723c751e8b465ee728b)  -> (artifact id: '22bfbb7bb575adfd7bfa2adf88b98d6b') in 0.084253 seconds 
========================================================================
Received Import Request.
  Time since last request: 0.000020 seconds.
  path: Assets/prefab/Props/Keyboard.prefab
  artifactKey: Guid(aa5f5f06b466b834c9c87c129d2f30f0) Importer(815301076,1909f56bfc062723c751e8b465ee728b)
Start importing Assets/prefab/Props/Keyboard.prefab using Guid(aa5f5f06b466b834c9c87c129d2f30f0) Importer(815301076,1909f56bfc062723c751e8b465ee728b)  -> (artifact id: '225b9e696c5b9253ebae3bb4b578993c') in 2.454384 seconds 
========================================================================
Received Import Request.
  Time since last request: 0.000028 seconds.
  path: Assets/Optimised Textures/Cpu Mouse Keyboard/Cpu Mouse and Keyboard-mat-_MetallicGlossMap-atlas-1.png
  artifactKey: Guid(8968d3d024a3a8548aee77c3b4e9eff6) Importer(815301076,1909f56bfc062723c751e8b465ee728b)
Start importing Assets/Optimised Textures/Cpu Mouse Keyboard/Cpu Mouse and Keyboard-mat-_MetallicGlossMap-atlas-1.png using Guid(8968d3d024a3a8548aee77c3b4e9eff6) Importer(815301076,1909f56bfc062723c751e8b465ee728b)  -> (artifact id: '7696ce01b8682457329ac934cece26f0') in 0.080255 seconds 
========================================================================
Received Import Request.
  Time since last request: 0.000029 seconds.
  path: Assets/Textures/Basketball/Basketball_metallic.bmp
  artifactKey: Guid(66bc9f3e97ccca14c97dd916c07f8014) Importer(815301076,1909f56bfc062723c751e8b465ee728b)
Start importing Assets/Textures/Basketball/Basketball_metallic.bmp using Guid(66bc9f3e97ccca14c97dd916c07f8014) Importer(815301076,1909f56bfc062723c751e8b465ee728b)  -> (artifact id: '332075ec3a9e05dd306522806cff5d6f') in 0.013990 seconds 
========================================================================
Received Import Request.
  Time since last request: 0.000057 seconds.
  path: Assets/prefab/Props/Cpu Mouse Keyboard.prefab
  artifactKey: Guid(8c739eda2408e6644aa6cb5f5656741a) Importer(815301076,1909f56bfc062723c751e8b465ee728b)
Start importing Assets/prefab/Props/Cpu Mouse Keyboard.prefab using Guid(8c739eda2408e6644aa6cb5f5656741a) Importer(815301076,1909f56bfc062723c751e8b465ee728b)  -> (artifact id: '965f6b3873fa73a8882d9661d20057ff') in 0.012632 seconds 
========================================================================
Received Import Request.
  Time since last request: 0.000027 seconds.
  path: Assets/Materials/School/Broken Fountain.mat
  artifactKey: Guid(0e2ddfa88010f084188ca566b2461938) Importer(815301076,1909f56bfc062723c751e8b465ee728b)
Start importing Assets/Materials/School/Broken Fountain.mat using Guid(0e2ddfa88010f084188ca566b2461938) Importer(815301076,1909f56bfc062723c751e8b465ee728b)  -> (artifact id: '9e297234f2c4961cd3be16a2c56ae970') in 2.064171 seconds 
========================================================================
Received Import Request.
  Time since last request: 0.000027 seconds.
  path: Assets/Textures/Basketball court overlay/Basketball caurt_metallic.bmp
  artifactKey: Guid(8482e5871a072814b9e7b7ed0cea80a6) Importer(815301076,1909f56bfc062723c751e8b465ee728b)
Start importing Assets/Textures/Basketball court overlay/Basketball caurt_metallic.bmp using Guid(8482e5871a072814b9e7b7ed0cea80a6) Importer(815301076,1909f56bfc062723c751e8b465ee728b)  -> (artifact id: '17dc956018c75ec9df2b81afd6fd0969') in 0.080410 seconds 
========================================================================
Received Import Request.
  Time since last request: 0.000037 seconds.
  path: Assets/Textures/Computer/Keyboard_normal.bmp
  artifactKey: Guid(07e4882f9f4308043a1c5a36c4562b30) Importer(815301076,1909f56bfc062723c751e8b465ee728b)
Start importing Assets/Textures/Computer/Keyboard_normal.bmp using Guid(07e4882f9f4308043a1c5a36c4562b30) Importer(815301076,1909f56bfc062723c751e8b465ee728b)  -> (artifact id: '82d0610d49e6258911b417899d0468f4') in 0.231914 seconds 
========================================================================
Received Import Request.
  Time since last request: 0.000027 seconds.
  path: Assets/Audios/Environment/light_flickering.mp3
  artifactKey: Guid(2b58f6537c26df9488fa738ea9cc6f48) Importer(815301076,1909f56bfc062723c751e8b465ee728b)
Start importing Assets/Audios/Environment/light_flickering.mp3 using Guid(2b58f6537c26df9488fa738ea9cc6f48) Importer(815301076,1909f56bfc062723c751e8b465ee728b)  -> (artifact id: '7a663a3bc823fd21951f04b31cded011') in 1.104182 seconds 
========================================================================
Received Import Request.
  Time since last request: 0.000084 seconds.
  path: Assets/Optimised Textures/Cpu Mouse Keyboard/Cpu Mouse and Keyboard-mat-_BumpMap-atlas-3.png
  artifactKey: Guid(9137d8ba3d486e54d9885e0223dcace0) Importer(815301076,1909f56bfc062723c751e8b465ee728b)
Start importing Assets/Optimised Textures/Cpu Mouse Keyboard/Cpu Mouse and Keyboard-mat-_BumpMap-atlas-3.png using Guid(9137d8ba3d486e54d9885e0223dcace0) Importer(815301076,1909f56bfc062723c751e8b465ee728b)  -> (artifact id: 'f87517ac2b8515ca582f71b9259d1ff8') in 0.220555 seconds 
========================================================================
Received Import Request.
  Time since last request: 0.000026 seconds.
  path: Assets/Optimised Textures/Cpu Mouse Keyboard/Cpu Mouse and Keyboard-mat-_MainTex-atlas-10.png
  artifactKey: Guid(81314737a0bee424a983f9bd15b289b3) Importer(815301076,1909f56bfc062723c751e8b465ee728b)
Start importing Assets/Optimised Textures/Cpu Mouse Keyboard/Cpu Mouse and Keyboard-mat-_MainTex-atlas-10.png using Guid(81314737a0bee424a983f9bd15b289b3) Importer(815301076,1909f56bfc062723c751e8b465ee728b)  -> (artifact id: '5a3b2d3d9d2a191a0cd240eeb4cbb411') in 0.074887 seconds 
========================================================================
Received Import Request.
  Time since last request: 0.000028 seconds.
  path: Assets/Materials/Basket ball textures/Basketball Ring.mat
  artifactKey: Guid(7e998cb2883233742a61aee8abbc6d97) Importer(815301076,1909f56bfc062723c751e8b465ee728b)
Start importing Assets/Materials/Basket ball textures/Basketball Ring.mat using Guid(7e998cb2883233742a61aee8abbc6d97) Importer(815301076,1909f56bfc062723c751e8b465ee728b)  -> (artifact id: '323384c899629a5fb14908cfc36137c0') in 0.168976 seconds 
========================================================================
Received Import Request.
  Time since last request: 0.000028 seconds.
  path: Assets/Textures/Broken wooden Planks/Broken wooden planks_ao.png
  artifactKey: Guid(700a0d44ef8ab3049ba72bbd56900559) Importer(815301076,1909f56bfc062723c751e8b465ee728b)
Start importing Assets/Textures/Broken wooden Planks/Broken wooden planks_ao.png using Guid(700a0d44ef8ab3049ba72bbd56900559) Importer(815301076,1909f56bfc062723c751e8b465ee728b)  -> (artifact id: 'd79acdbb190c4ce369d55c4ec4f1770c') in 0.076267 seconds 
========================================================================
Received Import Request.
  Time since last request: 0.000062 seconds.
  path: Assets/MeshBaker/Examples/Assets/ModelPrefabs/ConstructionDude/Worker.FBX
  artifactKey: Guid(449b48f7eb5d87a4baaa5fb73f875a59) Importer(815301076,1909f56bfc062723c751e8b465ee728b)
Start importing Assets/MeshBaker/Examples/Assets/ModelPrefabs/ConstructionDude/Worker.FBX using Guid(449b48f7eb5d87a4baaa5fb73f875a59) Importer(815301076,1909f56bfc062723c751e8b465ee728b)  -> (artifact id: '4b19b21bde91e96ad050e3b1a83521fc') in 3.426063 seconds 
========================================================================
Received Import Request.
  Time since last request: 0.000081 seconds.
  path: Assets/Materials/Basket ball textures/Basketball Board.mat
  artifactKey: Guid(259420bd5db089c4cb60a88ec1723a86) Importer(815301076,1909f56bfc062723c751e8b465ee728b)
Start importing Assets/Materials/Basket ball textures/Basketball Board.mat using Guid(259420bd5db089c4cb60a88ec1723a86) Importer(815301076,1909f56bfc062723c751e8b465ee728b)  -> (artifact id: 'f08916014ede60c789b3f45b68964dc3') in 0.047409 seconds 
========================================================================
Received Import Request.
  Time since last request: 0.000035 seconds.
  path: Assets/Materials/Basket ball textures/Basketball Court.mat
  artifactKey: Guid(4e3aeeb1258f51c48addc40a1945bd30) Importer(815301076,1909f56bfc062723c751e8b465ee728b)
Start importing Assets/Materials/Basket ball textures/Basketball Court.mat using Guid(4e3aeeb1258f51c48addc40a1945bd30) Importer(815301076,1909f56bfc062723c751e8b465ee728b)  -> (artifact id: '3255e9cfd74d699356ea9604c5da630f') in 3.534517 seconds 
========================================================================
Received Import Request.
  Time since last request: 0.000038 seconds.
  path: Assets/Textures/Broken wooden Planks/Broken wooden planks_diffuse.png
  artifactKey: Guid(667dfe1fff3d77f4884238bbdd3da5f0) Importer(815301076,1909f56bfc062723c751e8b465ee728b)
Start importing Assets/Textures/Broken wooden Planks/Broken wooden planks_diffuse.png using Guid(667dfe1fff3d77f4884238bbdd3da5f0) Importer(815301076,1909f56bfc062723c751e8b465ee728b)  -> (artifact id: 'f2a7aa0dbea7b0bc4cc480ae27af8071') in 0.023947 seconds 
========================================================================
Received Import Request.
  Time since last request: 0.000090 seconds.
  path: Assets/Textures/Basketball court overlay/Basketball caurt_normal.bmp
  artifactKey: Guid(5d8c2d899b93e2a4e93e842506f8bb16) Importer(815301076,1909f56bfc062723c751e8b465ee728b)
Start importing Assets/Textures/Basketball court overlay/Basketball caurt_normal.bmp using Guid(5d8c2d899b93e2a4e93e842506f8bb16) Importer(815301076,1909f56bfc062723c751e8b465ee728b)  -> (artifact id: '1ff983db32fed7159515616b8933f9c7') in 0.063355 seconds 
========================================================================
Received Import Request.
  Time since last request: 0.000092 seconds.
  path: Assets/Imported/props/Keyboard.fbx
  artifactKey: Guid(f241ee4cd2039bb4e83bfb4b4da0759e) Importer(815301076,1909f56bfc062723c751e8b465ee728b)
Start importing Assets/Imported/props/Keyboard.fbx using Guid(f241ee4cd2039bb4e83bfb4b4da0759e) Importer(815301076,1909f56bfc062723c751e8b465ee728b)  -> (artifact id: 'a97c9af17fed9e0c77e014dadbdd0417') in 0.052756 seconds 
========================================================================
Received Import Request.
  Time since last request: 0.000081 seconds.
  path: Assets/Optimised Textures/Cpu Mouse Keyboard/Cpu Mouse and Keyboard-mat.mat
  artifactKey: Guid(1361dfc83a421c7419b4a35a8115fb6d) Importer(815301076,1909f56bfc062723c751e8b465ee728b)
Start importing Assets/Optimised Textures/Cpu Mouse Keyboard/Cpu Mouse and Keyboard-mat.mat using Guid(1361dfc83a421c7419b4a35a8115fb6d) Importer(815301076,1909f56bfc062723c751e8b465ee728b)  -> (artifact id: '7a61cde1b675029abd7c5767e7dc7f38') in 0.099567 seconds 
========================================================================
Received Import Request.
  Time since last request: 0.000055 seconds.
  path: Assets/Materials/Basket ball textures/Basketball phy.physicMaterial
  artifactKey: Guid(0a7112dab4c36e847b0c861a5c79ddb9) Importer(815301076,1909f56bfc062723c751e8b465ee728b)
Start importing Assets/Materials/Basket ball textures/Basketball phy.physicMaterial using Guid(0a7112dab4c36e847b0c861a5c79ddb9) Importer(815301076,1909f56bfc062723c751e8b465ee728b)  -> (artifact id: '7943797619432ed004efb0a5edf1ad54') in 0.014689 seconds 
========================================================================
Received Import Request.
  Time since last request: 0.000048 seconds.
  path: Assets/Textures/Computer/Keyboard.png
  artifactKey: Guid(8fe0a60df8d1dc744a68d671c930c1ac) Importer(815301076,1909f56bfc062723c751e8b465ee728b)
Start importing Assets/Textures/Computer/Keyboard.png using Guid(8fe0a60df8d1dc744a68d671c930c1ac) Importer(815301076,1909f56bfc062723c751e8b465ee728b)  -> (artifact id: 'c5d90b0df224f9b0927a789a589de3ec') in 0.019692 seconds 
========================================================================
Received Import Request.
  Time since last request: 0.000025 seconds.
  path: Assets/Optimised Textures/Cpu Mouse Keyboard/Cpu Mouse and Keyboard-mat-_OcclusionMap-atlas-5.png
  artifactKey: Guid(e52202a6dd368ed43a7da221bc4a3c06) Importer(815301076,1909f56bfc062723c751e8b465ee728b)
Start importing Assets/Optimised Textures/Cpu Mouse Keyboard/Cpu Mouse and Keyboard-mat-_OcclusionMap-atlas-5.png using Guid(e52202a6dd368ed43a7da221bc4a3c06) Importer(815301076,1909f56bfc062723c751e8b465ee728b)  -> (artifact id: 'fd263c0a327fd97dc6a6198fd7866a11') in 0.011859 seconds 
========================================================================
Received Import Request.
  Time since last request: 0.000028 seconds.
  path: Assets/Textures/Computer/Keyboard_ao.bmp
  artifactKey: Guid(f0b4a047ba708c74b81993a20482d131) Importer(815301076,1909f56bfc062723c751e8b465ee728b)
Start importing Assets/Textures/Computer/Keyboard_ao.bmp using Guid(f0b4a047ba708c74b81993a20482d131) Importer(815301076,1909f56bfc062723c751e8b465ee728b)  -> (artifact id: '8f04c4f09e32b4b9a70090608d2d8ebd') in 0.011646 seconds 
========================================================================
Received Import Request.
  Time since last request: 0.000033 seconds.
  path: Assets/Materials/Keyboard.mat
  artifactKey: Guid(63d52222304b6c34493c037629279404) Importer(815301076,1909f56bfc062723c751e8b465ee728b)
Start importing Assets/Materials/Keyboard.mat using Guid(63d52222304b6c34493c037629279404) Importer(815301076,1909f56bfc062723c751e8b465ee728b)  -> (artifact id: 'c7663d14c3e151efbfa1137168e693d2') in 0.028718 seconds 
========================================================================
Received Import Request.
  Time since last request: 0.000031 seconds.
  path: Assets/Textures/Basketball/Basketball_normal.bmp
  artifactKey: Guid(3199c1169ec4f4e458a44b54f4307035) Importer(815301076,1909f56bfc062723c751e8b465ee728b)
Start importing Assets/Textures/Basketball/Basketball_normal.bmp using Guid(3199c1169ec4f4e458a44b54f4307035) Importer(815301076,1909f56bfc062723c751e8b465ee728b)  -> (artifact id: '4ea5ea3660432e1af50b89d0f365c3a9') in 0.015381 seconds 
========================================================================
Received Import Request.
  Time since last request: 0.000046 seconds.
  path: Assets/prefab/buildings/Basketball_Court.prefab
  artifactKey: Guid(566505ed1adda6042bb72bd44731b570) Importer(815301076,1909f56bfc062723c751e8b465ee728b)
Start importing Assets/prefab/buildings/Basketball_Court.prefab using Guid(566505ed1adda6042bb72bd44731b570) Importer(815301076,1909f56bfc062723c751e8b465ee728b)  -> (artifact id: '0fa11dc55c60e20f3bf2c88d603d7224') in 6.866299 seconds 
========================================================================
Received Import Request.
  Time since last request: 0.000030 seconds.
  path: Assets/Textures/Basketball court overlay/Basketball caurt_ao.bmp
  artifactKey: Guid(26983f9b97d929f48a31a1cba9e04007) Importer(815301076,1909f56bfc062723c751e8b465ee728b)
Start importing Assets/Textures/Basketball court overlay/Basketball caurt_ao.bmp using Guid(26983f9b97d929f48a31a1cba9e04007) Importer(815301076,1909f56bfc062723c751e8b465ee728b)  -> (artifact id: 'e4cedbf280629b5b958537ae86f17bc8') in 0.013180 seconds 
========================================================================
Received Import Request.
  Time since last request: 0.000051 seconds.
  path: Assets/Textures/Basketball/Basketball_ao.bmp
  artifactKey: Guid(7f83021998034e74384cb98b56787f33) Importer(815301076,1909f56bfc062723c751e8b465ee728b)
Start importing Assets/Textures/Basketball/Basketball_ao.bmp using Guid(7f83021998034e74384cb98b56787f33) Importer(815301076,1909f56bfc062723c751e8b465ee728b)  -> (artifact id: '3993c51b998b0f5d1eed7684c0ec1cfa') in 0.013008 seconds 
========================================================================
Received Import Request.
  Time since last request: 0.000028 seconds.
  path: Assets/Optimised Textures/Cpu Mouse Keyboard/Cpu Mouse and Keyboard.asset
  artifactKey: Guid(ace3615e563276a4d8984aaf5845cff8) Importer(815301076,1909f56bfc062723c751e8b465ee728b)
Start importing Assets/Optimised Textures/Cpu Mouse Keyboard/Cpu Mouse and Keyboard.asset using Guid(ace3615e563276a4d8984aaf5845cff8) Importer(815301076,1909f56bfc062723c751e8b465ee728b)  -> (artifact id: '212606c92843fc13253b27c96c8bcb53') in 0.177853 seconds 
========================================================================
Received Import Request.
  Time since last request: 0.000031 seconds.
  path: Assets/Textures/Computer/Keyboard_metallic.bmp
  artifactKey: Guid(e81261b651242474fb188be62d4d0f38) Importer(815301076,1909f56bfc062723c751e8b465ee728b)
Start importing Assets/Textures/Computer/Keyboard_metallic.bmp using Guid(e81261b651242474fb188be62d4d0f38) Importer(815301076,1909f56bfc062723c751e8b465ee728b)  -> (artifact id: '20cd2f9cfa1f67d4a58a4064c09788ac') in 0.046829 seconds 
========================================================================
Received Import Request.
  Time since last request: 0.000030 seconds.
  path: Assets/Imported/Basketball_Court_Final.fbx
  artifactKey: Guid(cf9fd37966ae7824f907b28c8aa69a98) Importer(815301076,1909f56bfc062723c751e8b465ee728b)
Start importing Assets/Imported/Basketball_Court_Final.fbx using Guid(cf9fd37966ae7824f907b28c8aa69a98) Importer(815301076,1909f56bfc062723c751e8b465ee728b)  -> (artifact id: '6e5eafb6510f6f592aaa185dc54adce9') in 0.601771 seconds 
========================================================================
Received Import Request.
  Time since last request: 0.000030 seconds.
  path: Assets/Textures/Broken wooden Planks/Broken wooden planks_normal.png
  artifactKey: Guid(a662d085563ccde42be40fcbf096b345) Importer(815301076,1909f56bfc062723c751e8b465ee728b)
Start importing Assets/Textures/Broken wooden Planks/Broken wooden planks_normal.png using Guid(a662d085563ccde42be40fcbf096b345) Importer(815301076,1909f56bfc062723c751e8b465ee728b)  -> (artifact id: '0e3e129ac49c0ca868e8c358422c037c') in 0.012679 seconds 
========================================================================
Received Import Request.
  Time since last request: 0.000037 seconds.
  path: Assets/Audios/Doors/locked_door.mp3
  artifactKey: Guid(571a5a76a6e460745b8ea67ea4260d6c) Importer(815301076,1909f56bfc062723c751e8b465ee728b)
Start importing Assets/Audios/Doors/locked_door.mp3 using Guid(571a5a76a6e460745b8ea67ea4260d6c) Importer(815301076,1909f56bfc062723c751e8b465ee728b)  -> (artifact id: 'b855954e36a331a03bd0d85f8ccb627b') in 0.069770 seconds 
========================================================================
Received Import Request.
  Time since last request: 0.000029 seconds.
  path: Assets/Textures/Basketball court overlay/Basketball court overlay.png
  artifactKey: Guid(fb3084cf2ba2fdf44b55c8301fa048f6) Importer(815301076,1909f56bfc062723c751e8b465ee728b)
Start importing Assets/Textures/Basketball court overlay/Basketball court overlay.png using Guid(fb3084cf2ba2fdf44b55c8301fa048f6) Importer(815301076,1909f56bfc062723c751e8b465ee728b)  -> (artifact id: 'd2a1898d713aa317332249874476e4cb') in 0.012395 seconds 
========================================================================
Received Import Request.
  Time since last request: 0.000026 seconds.
  path: Assets/Imported/props/Cracked_Glass (1).fbx
  artifactKey: Guid(2c87281fcbb4d7d40956a50d1f83e6b0) Importer(815301076,1909f56bfc062723c751e8b465ee728b)
Start importing Assets/Imported/props/Cracked_Glass (1).fbx using Guid(2c87281fcbb4d7d40956a50d1f83e6b0) Importer(815301076,1909f56bfc062723c751e8b465ee728b)  -> (artifact id: 'a73a4f1fa258e6aaa907925bcf2896c2') in 2.587510 seconds 
========================================================================
Received Import Request.
  Time since last request: 0.000034 seconds.
  path: Assets/Textures/Broken wooden Planks/Broken wooden planks_metallic.png
  artifactKey: Guid(37bb23116c36f9f44b2d209e846b04ea) Importer(815301076,1909f56bfc062723c751e8b465ee728b)
Start importing Assets/Textures/Broken wooden Planks/Broken wooden planks_metallic.png using Guid(37bb23116c36f9f44b2d209e846b04ea) Importer(815301076,1909f56bfc062723c751e8b465ee728b)  -> (artifact id: 'ef8e4d178b9bf9d8eb7783498b484f2a') in 0.026994 seconds 
========================================================================
Received Import Request.
  Time since last request: 0.000062 seconds.
  path: Assets/Materials/Basket ball textures/Basketball Room Walls.mat
  artifactKey: Guid(6e811d1ab5ad4a547b775f3597f26db8) Importer(815301076,1909f56bfc062723c751e8b465ee728b)
Start importing Assets/Materials/Basket ball textures/Basketball Room Walls.mat using Guid(6e811d1ab5ad4a547b775f3597f26db8) Importer(815301076,1909f56bfc062723c751e8b465ee728b)  -> (artifact id: '2fd9684de59b263b88094ca4c0b34a9c') in 0.024163 seconds 
========================================================================
Received Import Request.
  Time since last request: 26.251228 seconds.
  path: Assets/prefab/Props/Keyboard.prefab
  artifactKey: Guid(aa5f5f06b466b834c9c87c129d2f30f0) Importer(815301076,1909f56bfc062723c751e8b465ee728b)
Start importing Assets/prefab/Props/Keyboard.prefab using Guid(aa5f5f06b466b834c9c87c129d2f30f0) Importer(815301076,1909f56bfc062723c751e8b465ee728b)  -> (artifact id: '058b460641ee496a49e5d7e3e2eb62e7') in 0.026434 seconds 
========================================================================
Received Import Request.
  Time since last request: 19.760235 seconds.
  path: Assets/Imported/props/Keyboard.fbx
  artifactKey: Guid(f241ee4cd2039bb4e83bfb4b4da0759e) Importer(815301076,1909f56bfc062723c751e8b465ee728b)
Start importing Assets/Imported/props/Keyboard.fbx using Guid(f241ee4cd2039bb4e83bfb4b4da0759e) Importer(815301076,1909f56bfc062723c751e8b465ee728b)  -> (artifact id: '8f75e7facef0ec872cf0b294a411c60b') in 0.059080 seconds 
========================================================================
Received Import Request.
  Time since last request: 31.520333 seconds.
  path: Assets/Imported/props/mouse.fbx
  artifactKey: Guid(539b3edae8f4eec44bfb9fc2a577b5d6) Importer(815301076,1909f56bfc062723c751e8b465ee728b)
Start importing Assets/Imported/props/mouse.fbx using Guid(539b3edae8f4eec44bfb9fc2a577b5d6) Importer(815301076,1909f56bfc062723c751e8b465ee728b)  -> (artifact id: 'c54cd74ada02097b9cea01f6fd7b034f') in 0.123137 seconds 
========================================================================
Received Import Request.
  Time since last request: 0.000056 seconds.
  path: Assets/Materials/Mouse.mat
  artifactKey: Guid(28c593abcdcd8e54a9acf939446191d0) Importer(815301076,1909f56bfc062723c751e8b465ee728b)
Start importing Assets/Materials/Mouse.mat using Guid(28c593abcdcd8e54a9acf939446191d0) Importer(815301076,1909f56bfc062723c751e8b465ee728b)  -> (artifact id: '36a9a5b0f48c30b53ef544b9af07e248') in 0.065670 seconds 
========================================================================
Received Import Request.
  Time since last request: 0.000058 seconds.
  path: Assets/prefab/Props/mouse.prefab
  artifactKey: Guid(0279cc35d8b6e3d4aa2df39c2d755770) Importer(815301076,1909f56bfc062723c751e8b465ee728b)
Start importing Assets/prefab/Props/mouse.prefab using Guid(0279cc35d8b6e3d4aa2df39c2d755770) Importer(815301076,1909f56bfc062723c751e8b465ee728b)  -> (artifact id: '9aff61d5ed97884aefe808b058f17ba4') in 0.062839 seconds 
========================================================================
Received Prepare
Registering precompiled user dll's ...
Registered in 0.003583 seconds.
Begin MonoManager ReloadAssembly
Native extension for WindowsStandalone target not found
Refreshing native plugins compatible for Editor in 12.95 ms, found 3 plugins.
Preloading 0 native plugins for Editor in 0.00 ms.
Mono: successfully reloaded assembly
- Completed reload, in 39.773 seconds
Domain Reload Profiling:
	ReloadAssembly (39934ms)
		BeginReloadAssembly (19362ms)
			ExecutionOrderSort (0ms)
			DisableScriptedObjects (3949ms)
			BackupInstance (0ms)
			ReleaseScriptingObjects (0ms)
			CreateAndSetChildDomain (8722ms)
		EndReloadAssembly (18824ms)
			LoadAssemblies (4187ms)
			RebuildTransferFunctionScriptingTraits (85ms)
			SetupTypeCache (5017ms)
			ReleaseScriptCaches (2ms)
			RebuildScriptCaches (244ms)
			SetupLoadedEditorAssemblies (3965ms)
				LogAssemblyErrors (0ms)
				InitializePlatformSupportModulesInManaged (317ms)
				SetLoadedEditorAssemblies (147ms)
				RefreshPlugins (13ms)
				BeforeProcessingInitializeOnLoad (678ms)
				ProcessInitializeOnLoadAttributes (2215ms)
				ProcessInitializeOnLoadMethodAttributes (590ms)
				AfterProcessingInitializeOnLoad (5ms)
				EditorAssembliesLoaded (0ms)
			ExecutionOrderSort2 (0ms)
			AwakeInstancesAfterBackupRestoration (1467ms)
Platform modules already initialized, skipping
Shader 'Custom/RainShader': fallback shader 'Particles/Alpha Blended' not found
Refreshing native plugins compatible for Editor in 1.94 ms, found 3 plugins.
Preloading 0 native plugins for Editor in 0.00 ms.
Unloading 3815 Unused Serialized files (Serialized files now loaded: 0)
Unloading 55 unused Assets / (310.8 KB). Loaded Objects now: 4883.
Memory consumption went from 213.5 MB to 213.2 MB.
Total: 1039.088700 ms (FindLiveObjects: 0.725000 ms CreateObjectMapping: 0.346700 ms MarkObjects: 1037.878600 ms  DeleteObjects: 0.135400 ms)

AssetImportParameters requested are different than current active one (requested -> active):
  custom:video-decoder-ogg-theora: a1e56fd34408186e4bbccfd4996cb3dc -> 
  custom:container-muxer-webm: aa71ff27fc2769a1b78a27578f13a17b -> 
  custom:container-demuxer-webm: 4f35f7cbe854078d1ac9338744f61a02 -> 
  custom:video-encoder-webm-vp8: eb34c28f22e8b96e1ab97ce403110664 -> 
  custom:audio-encoder-webm-vorbis: bf7c407c2cedff20999df2af8eb42d56 -> 
  custom:framework-win-MediaFoundation: 216162199b28c13a410421893ffa2e32 -> 
  custom:container-demuxer-ogg: 62fdf1f143b41e24485cea50d1cbac27 -> 
  custom:video-decoder-webm-vp8: 9c59270c3fd7afecdb556c50c9e8de78 -> 
  custom:audio-decoder-ogg-vorbis: bf7c407c2cedff20999df2af8eb42d56 -> 
========================================================================
Received Prepare
Registering precompiled user dll's ...
Registered in 0.003947 seconds.
Begin MonoManager ReloadAssembly
Native extension for WindowsStandalone target not found
Refreshing native plugins compatible for Editor in 2.95 ms, found 3 plugins.
Preloading 0 native plugins for Editor in 0.00 ms.
Mono: successfully reloaded assembly
- Completed reload, in 33.625 seconds
Domain Reload Profiling:
	ReloadAssembly (33626ms)
		BeginReloadAssembly (11162ms)
			ExecutionOrderSort (0ms)
			DisableScriptedObjects (77ms)
			BackupInstance (0ms)
			ReleaseScriptingObjects (0ms)
			CreateAndSetChildDomain (175ms)
		EndReloadAssembly (21048ms)
			LoadAssemblies (23179ms)
			RebuildTransferFunctionScriptingTraits (0ms)
			SetupTypeCache (1730ms)
			ReleaseScriptCaches (3ms)
			RebuildScriptCaches (80ms)
			SetupLoadedEditorAssemblies (2168ms)
				LogAssemblyErrors (0ms)
				InitializePlatformSupportModulesInManaged (108ms)
				SetLoadedEditorAssemblies (1ms)
				RefreshPlugins (3ms)
				BeforeProcessingInitializeOnLoad (166ms)
				ProcessInitializeOnLoadAttributes (1076ms)
				ProcessInitializeOnLoadMethodAttributes (806ms)
				AfterProcessingInitializeOnLoad (6ms)
				EditorAssembliesLoaded (0ms)
			ExecutionOrderSort2 (0ms)
			AwakeInstancesAfterBackupRestoration (1137ms)
Platform modules already initialized, skipping
Shader 'Custom/RainShader': fallback shader 'Particles/Alpha Blended' not found
Refreshing native plugins compatible for Editor in 7.91 ms, found 3 plugins.
Preloading 0 native plugins for Editor in 0.00 ms.
Unloading 3782 Unused Serialized files (Serialized files now loaded: 0)
Unloading 55 unused Assets / (310.9 KB). Loaded Objects now: 4885.
Memory consumption went from 211.8 MB to 211.5 MB.
Total: 8.146400 ms (FindLiveObjects: 0.589700 ms CreateObjectMapping: 0.390800 ms MarkObjects: 7.008100 ms  DeleteObjects: 0.155900 ms)

AssetImportParameters requested are different than current active one (requested -> active):
  custom:video-decoder-ogg-theora: a1e56fd34408186e4bbccfd4996cb3dc -> 
  custom:container-muxer-webm: aa71ff27fc2769a1b78a27578f13a17b -> 
  custom:container-demuxer-webm: 4f35f7cbe854078d1ac9338744f61a02 -> 
  custom:video-encoder-webm-vp8: eb34c28f22e8b96e1ab97ce403110664 -> 
  custom:audio-encoder-webm-vorbis: bf7c407c2cedff20999df2af8eb42d56 -> 
  custom:framework-win-MediaFoundation: 216162199b28c13a410421893ffa2e32 -> 
  custom:container-demuxer-ogg: 62fdf1f143b41e24485cea50d1cbac27 -> 
  custom:video-decoder-webm-vp8: 9c59270c3fd7afecdb556c50c9e8de78 -> 
  custom:audio-decoder-ogg-vorbis: bf7c407c2cedff20999df2af8eb42d56 -> 
========================================================================
Received Prepare
Registering precompiled user dll's ...
Registered in 0.003468 seconds.
Begin MonoManager ReloadAssembly
Native extension for WindowsStandalone target not found
Refreshing native plugins compatible for Editor in 1.34 ms, found 3 plugins.
Preloading 0 native plugins for Editor in 0.00 ms.
Mono: successfully reloaded assembly
- Completed reload, in  2.375 seconds
Domain Reload Profiling:
	ReloadAssembly (2375ms)
		BeginReloadAssembly (197ms)
			ExecutionOrderSort (0ms)
			DisableScriptedObjects (10ms)
			BackupInstance (0ms)
			ReleaseScriptingObjects (0ms)
			CreateAndSetChildDomain (74ms)
		EndReloadAssembly (2057ms)
			LoadAssemblies (170ms)
			RebuildTransferFunctionScriptingTraits (0ms)
			SetupTypeCache (319ms)
			ReleaseScriptCaches (1ms)
			RebuildScriptCaches (49ms)
			SetupLoadedEditorAssemblies (827ms)
				LogAssemblyErrors (0ms)
				InitializePlatformSupportModulesInManaged (34ms)
				SetLoadedEditorAssemblies (1ms)
				RefreshPlugins (1ms)
				BeforeProcessingInitializeOnLoad (86ms)
				ProcessInitializeOnLoadAttributes (631ms)
				ProcessInitializeOnLoadMethodAttributes (69ms)
				AfterProcessingInitializeOnLoad (5ms)
				EditorAssembliesLoaded (0ms)
			ExecutionOrderSort2 (0ms)
			AwakeInstancesAfterBackupRestoration (569ms)
Platform modules already initialized, skipping
Shader 'Custom/RainShader': fallback shader 'Particles/Alpha Blended' not found
Refreshing native plugins compatible for Editor in 1.26 ms, found 3 plugins.
Preloading 0 native plugins for Editor in 0.00 ms.
Unloading 3782 Unused Serialized files (Serialized files now loaded: 0)
Unloading 55 unused Assets / (311.0 KB). Loaded Objects now: 4887.
Memory consumption went from 211.8 MB to 211.5 MB.
Total: 5.051400 ms (FindLiveObjects: 0.454500 ms CreateObjectMapping: 0.278500 ms MarkObjects: 4.216000 ms  DeleteObjects: 0.101000 ms)

AssetImportParameters requested are different than current active one (requested -> active):
  custom:video-decoder-ogg-theora: a1e56fd34408186e4bbccfd4996cb3dc -> 
  custom:container-muxer-webm: aa71ff27fc2769a1b78a27578f13a17b -> 
  custom:container-demuxer-webm: 4f35f7cbe854078d1ac9338744f61a02 -> 
  custom:video-encoder-webm-vp8: eb34c28f22e8b96e1ab97ce403110664 -> 
  custom:audio-encoder-webm-vorbis: bf7c407c2cedff20999df2af8eb42d56 -> 
  custom:framework-win-MediaFoundation: 216162199b28c13a410421893ffa2e32 -> 
  custom:container-demuxer-ogg: 62fdf1f143b41e24485cea50d1cbac27 -> 
  custom:video-decoder-webm-vp8: 9c59270c3fd7afecdb556c50c9e8de78 -> 
  custom:audio-decoder-ogg-vorbis: bf7c407c2cedff20999df2af8eb42d56 -> 
========================================================================
Received Prepare
Registering precompiled user dll's ...
Registered in 0.003771 seconds.
Begin MonoManager ReloadAssembly
Native extension for WindowsStandalone target not found
Refreshing native plugins compatible for Editor in 1.23 ms, found 3 plugins.
Preloading 0 native plugins for Editor in 0.00 ms.
Mono: successfully reloaded assembly
- Completed reload, in  2.217 seconds
Domain Reload Profiling:
	ReloadAssembly (2218ms)
		BeginReloadAssembly (272ms)
			ExecutionOrderSort (0ms)
			DisableScriptedObjects (11ms)
			BackupInstance (0ms)
			ReleaseScriptingObjects (0ms)
			CreateAndSetChildDomain (49ms)
		EndReloadAssembly (1817ms)
			LoadAssemblies (263ms)
			RebuildTransferFunctionScriptingTraits (0ms)
			SetupTypeCache (365ms)
			ReleaseScriptCaches (2ms)
			RebuildScriptCaches (86ms)
			SetupLoadedEditorAssemblies (883ms)
				LogAssemblyErrors (0ms)
				InitializePlatformSupportModulesInManaged (14ms)
				SetLoadedEditorAssemblies (1ms)
				RefreshPlugins (1ms)
				BeforeProcessingInitializeOnLoad (86ms)
				ProcessInitializeOnLoadAttributes (639ms)
				ProcessInitializeOnLoadMethodAttributes (135ms)
				AfterProcessingInitializeOnLoad (6ms)
				EditorAssembliesLoaded (0ms)
			ExecutionOrderSort2 (0ms)
			AwakeInstancesAfterBackupRestoration (75ms)
Platform modules already initialized, skipping
Shader 'Custom/RainShader': fallback shader 'Particles/Alpha Blended' not found
Refreshing native plugins compatible for Editor in 1.39 ms, found 3 plugins.
Preloading 0 native plugins for Editor in 0.00 ms.
Unloading 3782 Unused Serialized files (Serialized files now loaded: 0)
Unloading 55 unused Assets / (310.9 KB). Loaded Objects now: 4889.
Memory consumption went from 211.9 MB to 211.6 MB.
Total: 6.372900 ms (FindLiveObjects: 0.416900 ms CreateObjectMapping: 0.227700 ms MarkObjects: 5.616500 ms  DeleteObjects: 0.110700 ms)

AssetImportParameters requested are different than current active one (requested -> active):
  custom:video-decoder-ogg-theora: a1e56fd34408186e4bbccfd4996cb3dc -> 
  custom:container-muxer-webm: aa71ff27fc2769a1b78a27578f13a17b -> 
  custom:container-demuxer-webm: 4f35f7cbe854078d1ac9338744f61a02 -> 
  custom:video-encoder-webm-vp8: eb34c28f22e8b96e1ab97ce403110664 -> 
  custom:audio-encoder-webm-vorbis: bf7c407c2cedff20999df2af8eb42d56 -> 
  custom:framework-win-MediaFoundation: 216162199b28c13a410421893ffa2e32 -> 
  custom:container-demuxer-ogg: 62fdf1f143b41e24485cea50d1cbac27 -> 
  custom:video-decoder-webm-vp8: 9c59270c3fd7afecdb556c50c9e8de78 -> 
  custom:audio-decoder-ogg-vorbis: bf7c407c2cedff20999df2af8eb42d56 -> 
