
=== Tue Jan  5 20:18:51 2021

Packages were changed.
Update Mode: mergeDefaultDependencies

The following packages were added:
  com.unity.collab-proxy@1.2.16
  com.unity.ide.rider@1.1.4
  com.unity.ide.vscode@1.2.2
  com.unity.modules.ai@1.0.0
  com.unity.modules.androidjni@1.0.0
  com.unity.modules.animation@1.0.0
  com.unity.modules.assetbundle@1.0.0
  com.unity.modules.audio@1.0.0
  com.unity.modules.cloth@1.0.0
  com.unity.modules.director@1.0.0
  com.unity.modules.imageconversion@1.0.0
  com.unity.modules.imgui@1.0.0
  com.unity.modules.jsonserialize@1.0.0
  com.unity.modules.particlesystem@1.0.0
  com.unity.modules.physics@1.0.0
  com.unity.modules.physics2d@1.0.0
  com.unity.modules.screencapture@1.0.0
  com.unity.modules.terrain@1.0.0
  com.unity.modules.terrainphysics@1.0.0
  com.unity.modules.tilemap@1.0.0
  com.unity.modules.ui@1.0.0
  com.unity.modules.uielements@1.0.0
  com.unity.modules.umbra@1.0.0
  com.unity.modules.unityanalytics@1.0.0
  com.unity.modules.unitywebrequest@1.0.0
  com.unity.modules.unitywebrequestassetbundle@1.0.0
  com.unity.modules.unitywebrequestaudio@1.0.0
  com.unity.modules.unitywebrequesttexture@1.0.0
  com.unity.modules.unitywebrequestwww@1.0.0
  com.unity.modules.vehicles@1.0.0
  com.unity.modules.video@1.0.0
  com.unity.modules.vr@1.0.0
  com.unity.modules.wind@1.0.0
  com.unity.modules.xr@1.0.0
  com.unity.test-framework@1.1.18
  com.unity.textmeshpro@2.1.1
  com.unity.timeline@1.2.17
  com.unity.ugui@1.0.0

=== Mon Aug 16 16:15:13 2021

Packages were changed.
Update Mode: updateDependencies

The following packages were added:
  com.unity.ide.visualstudio@2.0.9
The following packages were updated:
  com.unity.adaptiveperformance from version 2.1.1 to 2.2.1
  com.unity.adaptiveperformance.samsung.android from version 2.1.1 to 2.2.1
  com.unity.analytics from version 3.3.5 to 3.5.3
  com.unity.collab-proxy from version 1.2.16 to 1.7.1
  com.unity.ide.rider from version 1.1.4 to 3.0.7
  com.unity.ide.vscode from version 1.2.2 to 1.2.3
  com.unity.probuilder from version 4.4.0 to 5.0.3
  com.unity.render-pipelines.universal from version 7.3.1 to 11.0.0
  com.unity.test-framework from version 1.1.18 to 1.1.27
  com.unity.textmeshpro from version 2.1.4 to 3.0.6
  com.unity.timeline from version 1.2.17 to 1.5.6
The following packages were removed:
  com.unity.device-simulator@2.2.4-preview

=== Fri Feb  4 11:46:25 2022

Packages were changed.
Update Mode: updateDependencies

The following packages were updated:
  com.unity.adaptiveperformance from version 2.2.1 to 3.0.0
  com.unity.adaptiveperformance.samsung.android from version 2.2.1 to 3.0.0
  com.unity.ads from version 3.7.1 to 3.7.5
  com.unity.analytics from version 3.5.3 to 3.6.12
  com.unity.collab-proxy from version 1.7.1 to 1.15.7
  com.unity.ide.rider from version 3.0.7 to 3.0.9
  com.unity.ide.visualstudio from version 2.0.9 to 2.0.12
  com.unity.ide.vscode from version 1.2.3 to 1.2.4
  com.unity.render-pipelines.universal from version 11.0.0 to 12.1.4
  com.unity.test-framework from version 1.1.27 to 1.1.29
  com.unity.timeline from version 1.5.6 to 1.6.3

=== Mon Jan 29 03:36:27 2024

Packages were changed.
Update Mode: updateDependencies

The following packages were added:
  com.unity.ai.navigation@1.1.5
The following packages were updated:
  com.unity.adaptiveperformance.samsung.android from version 4.0.0 to 4.0.2
  com.unity.ads from version 3.7.5 to 4.4.2
  com.unity.analytics from version 3.6.12 to 3.8.1
  com.unity.cinemachine from version 2.8.4 to 2.9.5
  com.unity.formats.fbx from version 4.1.2 to 4.2.1
  com.unity.ide.visualstudio from version 2.0.14 to 2.0.22
  com.unity.postprocessing from version 3.2.1 to 3.4.0
  com.unity.recorder from version 3.0.3 to 4.0.2
  com.unity.timeline from version 1.7.1 to 1.7.6
